[ 2016-08-03T10:11:37+08:00 ] 183.69.195.15 /admin.php/login/login
INFO: [ route_check ] --START--
INFO: Run CheckRoute Behavior [ RunTime:0.000000s ]
INFO: [ route_check ] --END-- [ RunTime:0.000000s ]
INFO: [ app_begin ] --START--
INFO: Run ReadHtmlCache Behavior [ RunTime:0.000000s ]
INFO: [ app_begin ] --END-- [ RunTime:0.000000s ]
INFO: [ view_template ] --START--
INFO: Run LocationTemplate Behavior [ RunTime:0.000000s ]
INFO: [ view_template ] --END-- [ RunTime:0.000000s ]
INFO: [ view_parse ] --START--
INFO: Run ParseTemplate Behavior [ RunTime:0.031200s ]
INFO: [ view_parse ] --END-- [ RunTime:0.031200s ]
INFO: [ view_filter ] --START--
INFO: Run ContentReplace Behavior [ RunTime:0.000000s ]
INFO: Run TokenBuild Behavior [ RunTime:0.000000s ]
INFO: Run WriteHtmlCache Behavior [ RunTime:0.000000s ]
INFO: Run ShowRuntime Behavior [ RunTime:0.000000s ]
INFO: [ view_filter ] --END-- [ RunTime:0.000000s ]
INFO: [ view_end ] --START--
INFO: Run ShowPageTrace Behavior [ RunTime:0.000000s ]
INFO: [ view_end ] --END-- [ RunTime:0.000000s ]

[ 2016-08-03T10:11:37+08:00 ] 183.69.195.15 /admin.php/login/verify
INFO: [ route_check ] --START--
INFO: Run CheckRoute Behavior [ RunTime:0.000000s ]
INFO: [ route_check ] --END-- [ RunTime:0.000000s ]
INFO: [ app_begin ] --START--
INFO: Run ReadHtmlCache Behavior [ RunTime:0.000000s ]
INFO: [ app_begin ] --END-- [ RunTime:0.000000s ]

[ 2016-08-03T10:11:45+08:00 ] 183.69.195.15 /admin.php/login/loginFunAjaxName
INFO: [ route_check ] --START--
INFO: Run CheckRoute Behavior [ RunTime:0.000000s ]
INFO: [ route_check ] --END-- [ RunTime:0.000000s ]
INFO: [ app_begin ] --START--
INFO: Run ReadHtmlCache Behavior [ RunTime:0.000000s ]
INFO: [ app_begin ] --END-- [ RunTime:0.000000s ]
SQL: SHOW COLUMNS FROM `admin_user` [ RunTime:0.000000s ]
SQL: SELECT COUNT(*) AS tp_count FROM `admin_user` WHERE ( name ='root' ) LIMIT 1   [ RunTime:0.000000s ]

[ 2016-08-03T10:11:45+08:00 ] 183.69.195.15 /admin.php/login/loginFunAjaxPassword
INFO: [ route_check ] --START--
INFO: Run CheckRoute Behavior [ RunTime:0.015600s ]
INFO: [ route_check ] --END-- [ RunTime:0.015600s ]
INFO: [ app_begin ] --START--
INFO: Run ReadHtmlCache Behavior [ RunTime:0.000000s ]
INFO: [ app_begin ] --END-- [ RunTime:0.000000s ]
SQL: SHOW COLUMNS FROM `admin_user` [ RunTime:0.000000s ]
SQL: SELECT COUNT(*) AS tp_count FROM `admin_user` WHERE ( `password` = 'd9b1d7db4cd6e70935368a1efb10e377' ) AND ( `name` = 'root' ) LIMIT 1   [ RunTime:0.000000s ]

[ 2016-08-03T10:11:45+08:00 ] 183.69.195.15 /admin.php/login/loginFunAjaxCode
INFO: [ route_check ] --START--
INFO: Run CheckRoute Behavior [ RunTime:0.000000s ]
INFO: [ route_check ] --END-- [ RunTime:0.000000s ]
INFO: [ app_begin ] --START--
INFO: Run ReadHtmlCache Behavior [ RunTime:0.000000s ]
INFO: [ app_begin ] --END-- [ RunTime:0.000000s ]

[ 2016-08-03T10:11:45+08:00 ] 183.69.195.15 /admin.php/login/loginFundo
INFO: [ route_check ] --START--
INFO: Run CheckRoute Behavior [ RunTime:0.000000s ]
INFO: [ route_check ] --END-- [ RunTime:0.000000s ]
INFO: [ app_begin ] --START--
INFO: Run ReadHtmlCache Behavior [ RunTime:0.000000s ]
INFO: [ app_begin ] --END-- [ RunTime:0.000000s ]
SQL: SHOW COLUMNS FROM `admin_user` [ RunTime:0.000000s ]
SQL: SELECT COUNT(*) AS tp_count FROM `admin_user` WHERE ( `password` = 'd9b1d7db4cd6e70935368a1efb10e377' ) AND ( `name` = 'root' ) LIMIT 1   [ RunTime:0.000000s ]
SQL: UPDATE `admin_user` SET `loginTime`=1470190305 WHERE ( `name` = 'root' ) [ RunTime:0.000000s ]
SQL: SHOW COLUMNS FROM `record` [ RunTime:0.000000s ]
SQL: INSERT INTO `record` (`time`,`remark`) VALUES (1470190305,'用户登录') [ RunTime:0.000000s ]
INFO: [ view_template ] --START--
INFO: Run LocationTemplate Behavior [ RunTime:0.000000s ]
INFO: [ view_template ] --END-- [ RunTime:0.000000s ]
INFO: [ view_parse ] --START--
INFO: Run ParseTemplate Behavior [ RunTime:0.031201s ]
INFO: [ view_parse ] --END-- [ RunTime:0.031201s ]
INFO: [ view_filter ] --START--
INFO: Run ContentReplace Behavior [ RunTime:0.000000s ]
INFO: Run TokenBuild Behavior [ RunTime:0.000000s ]
INFO: Run WriteHtmlCache Behavior [ RunTime:0.000000s ]
INFO: Run ShowRuntime Behavior [ RunTime:0.000000s ]
INFO: [ view_filter ] --END-- [ RunTime:0.000000s ]
INFO: [ view_end ] --START--
INFO: Run ShowPageTrace Behavior [ RunTime:0.000000s ]
INFO: [ view_end ] --END-- [ RunTime:0.000000s ]

[ 2016-08-03T10:11:47+08:00 ] 183.69.195.15 /admin.php/Index/index
INFO: [ route_check ] --START--
INFO: Run CheckRoute Behavior [ RunTime:0.000000s ]
INFO: [ route_check ] --END-- [ RunTime:0.000000s ]
INFO: [ app_begin ] --START--
INFO: Run ReadHtmlCache Behavior [ RunTime:0.000000s ]
INFO: [ app_begin ] --END-- [ RunTime:0.000000s ]
SQL: SHOW COLUMNS FROM `system` [ RunTime:0.000000s ]
SQL: SELECT `atuo_time` FROM `system` LIMIT 1   [ RunTime:0.000000s ]
SQL: SHOW COLUMNS FROM `order` [ RunTime:0.000000s ]
SQL: SELECT `endtime`,`order_id`,`need_pay` FROM `order` WHERE ( `status` = 3 )  [ RunTime:0.000000s ]
SQL: SELECT * FROM `system` WHERE ( system_id=1 ) LIMIT 1   [ RunTime:0.000000s ]
SQL: SHOW COLUMNS FROM `product` [ RunTime:0.015600s ]
SQL: SELECT `product_id` FROM `product` WHERE ( `able_discount` = 1 )  [ RunTime:0.000000s ]
SQL: SELECT COUNT(*) AS tp_count FROM `product` WHERE ( `able_discount` = 1 ) AND ( `product_id` = 2 ) LIMIT 1   [ RunTime:0.000000s ]
SQL: SELECT `discount_beg_time`,`discount_end_time`,`price3` FROM `product` WHERE ( `able_discount` = 1 ) AND ( `product_id` = 2 )  [ RunTime:0.000000s ]
SQL: UPDATE `product` SET `is_discount`='' WHERE ( `product_id` = 2 ) [ RunTime:0.000000s ]
SQL: UPDATE `product` SET `is_discount`='' WHERE ( `able_discount` = '' ) [ RunTime:0.296400s ]
SQL: select product_id  , product_num   from `order_product`  where order_id  in (  select  order_id  from  `order`  where  status = 2   and stock_reduce <> 1) [ RunTime:0.000000s ]
SQL: update `order` set stock_reduce=1 , time2=1470190307 where  stock_reduce<>1 and status <> 1  [ RunTime:0.000000s ]
SQL: UPDATE `system` SET `atuo_time`=1470190307 WHERE ( `system_id` = 1 ) [ RunTime:0.000000s ]
SQL: SHOW COLUMNS FROM `record` [ RunTime:0.000000s ]
SQL: INSERT INTO `record` (`time`,`remark`) VALUES (1470190307,'网站正常访问操作') [ RunTime:0.000000s ]
SQL: SHOW COLUMNS FROM `admin_user` [ RunTime:0.000000s ]
SQL: SELECT `loginTime` FROM `admin_user` WHERE ( `name` = 'root' ) LIMIT 1   [ RunTime:0.000000s ]
SQL: SELECT * FROM `admin_user` WHERE ( name	= 'root' ) LIMIT 1   [ RunTime:0.000000s ]
INFO: [ view_template ] --START--
INFO: Run LocationTemplate Behavior [ RunTime:0.000000s ]
INFO: [ view_template ] --END-- [ RunTime:0.000000s ]
INFO: [ view_parse ] --START--
NOTIC: [8] Use of undefined constant admin_name - assumed 'admin_name' D:\wwwroot\pc_dtyd\admin\Runtime\Cache\4c18d5952d0dbf1eedb8a1ec796fa788.php 第 23 行.
NOTIC: [8] Use of undefined constant root - assumed 'root' D:\wwwroot\pc_dtyd\admin\Runtime\Cache\4c18d5952d0dbf1eedb8a1ec796fa788.php 第 23 行.
NOTIC: [8] Use of undefined constant admin_name - assumed 'admin_name' D:\wwwroot\pc_dtyd\admin\Runtime\Cache\4c18d5952d0dbf1eedb8a1ec796fa788.php 第 27 行.
NOTIC: [8] Use of undefined constant root - assumed 'root' D:\wwwroot\pc_dtyd\admin\Runtime\Cache\4c18d5952d0dbf1eedb8a1ec796fa788.php 第 27 行.
NOTIC: [8] Use of undefined constant admin_name - assumed 'admin_name' D:\wwwroot\pc_dtyd\admin\Runtime\Cache\4c18d5952d0dbf1eedb8a1ec796fa788.php 第 31 行.
NOTIC: [8] Use of undefined constant root - assumed 'root' D:\wwwroot\pc_dtyd\admin\Runtime\Cache\4c18d5952d0dbf1eedb8a1ec796fa788.php 第 31 行.
NOTIC: [8] Use of undefined constant admin_name - assumed 'admin_name' D:\wwwroot\pc_dtyd\admin\Runtime\Cache\4c18d5952d0dbf1eedb8a1ec796fa788.php 第 35 行.
NOTIC: [8] Use of undefined constant root - assumed 'root' D:\wwwroot\pc_dtyd\admin\Runtime\Cache\4c18d5952d0dbf1eedb8a1ec796fa788.php 第 35 行.
NOTIC: [8] Use of undefined constant admin_name - assumed 'admin_name' D:\wwwroot\pc_dtyd\admin\Runtime\Cache\4c18d5952d0dbf1eedb8a1ec796fa788.php 第 39 行.
NOTIC: [8] Use of undefined constant root - assumed 'root' D:\wwwroot\pc_dtyd\admin\Runtime\Cache\4c18d5952d0dbf1eedb8a1ec796fa788.php 第 39 行.
NOTIC: [8] Use of undefined constant admin_name - assumed 'admin_name' D:\wwwroot\pc_dtyd\admin\Runtime\Cache\4c18d5952d0dbf1eedb8a1ec796fa788.php 第 43 行.
NOTIC: [8] Use of undefined constant root - assumed 'root' D:\wwwroot\pc_dtyd\admin\Runtime\Cache\4c18d5952d0dbf1eedb8a1ec796fa788.php 第 43 行.
NOTIC: [8] Use of undefined constant admin_name - assumed 'admin_name' D:\wwwroot\pc_dtyd\admin\Runtime\Cache\4c18d5952d0dbf1eedb8a1ec796fa788.php 第 47 行.
NOTIC: [8] Use of undefined constant root - assumed 'root' D:\wwwroot\pc_dtyd\admin\Runtime\Cache\4c18d5952d0dbf1eedb8a1ec796fa788.php 第 47 行.
INFO: Run ParseTemplate Behavior [ RunTime:0.015600s ]
INFO: [ view_parse ] --END-- [ RunTime:0.015600s ]
INFO: [ view_filter ] --START--
INFO: Run ContentReplace Behavior [ RunTime:0.000000s ]
INFO: Run TokenBuild Behavior [ RunTime:0.000000s ]
INFO: Run WriteHtmlCache Behavior [ RunTime:0.000000s ]
INFO: Run ShowRuntime Behavior [ RunTime:0.000000s ]
INFO: [ view_filter ] --END-- [ RunTime:0.000000s ]
INFO: [ view_end ] --START--
INFO: Run ShowPageTrace Behavior [ RunTime:0.000000s ]
INFO: [ view_end ] --END-- [ RunTime:0.000000s ]

[ 2016-08-03T10:11:47+08:00 ] 183.69.195.15 /admin.php/indexManagement/bannerList/class/banner
INFO: [ route_check ] --START--
INFO: Run CheckRoute Behavior [ RunTime:0.000000s ]
INFO: [ route_check ] --END-- [ RunTime:0.000000s ]
INFO: [ app_begin ] --START--
INFO: Run ReadHtmlCache Behavior [ RunTime:0.000000s ]
INFO: [ app_begin ] --END-- [ RunTime:0.000000s ]
SQL: SHOW COLUMNS FROM `system` [ RunTime:0.000000s ]
SQL: SELECT `atuo_time` FROM `system` LIMIT 1   [ RunTime:0.000000s ]
SQL: SHOW COLUMNS FROM `record` [ RunTime:0.000000s ]
SQL: INSERT INTO `record` (`time`,`remark`) VALUES (1470190307,'网站正常访问操作') [ RunTime:0.000000s ]
SQL: SHOW COLUMNS FROM `index_banner` [ RunTime:0.015600s ]
NOTIC: [8] Undefined variable: where D:\wwwroot\pc_dtyd\admin\Lib\Action\indexManagementAction.class.php 第 18 行.
SQL: SELECT COUNT(*) AS tp_count FROM `index_banner` LIMIT 1   [ RunTime:0.000000s ]
NOTIC: [8] Undefined variable: where D:\wwwroot\pc_dtyd\admin\Lib\Action\indexManagementAction.class.php 第 21 行.
SQL: SELECT * FROM `index_banner` LIMIT 0,10   [ RunTime:0.000000s ]
INFO: [ view_template ] --START--
INFO: Run LocationTemplate Behavior [ RunTime:0.000000s ]
INFO: [ view_template ] --END-- [ RunTime:0.000000s ]
INFO: [ view_parse ] --START--
NOTIC: [8] Use of undefined constant index_ad2 - assumed 'index_ad2' D:\wwwroot\pc_dtyd\admin\Runtime\Cache\d6265d428dbf68aa6dc3848ef43fac70.php 第 11 行.
NOTIC: [8] Use of undefined constant index_ad2 - assumed 'index_ad2' D:\wwwroot\pc_dtyd\admin\Runtime\Cache\d6265d428dbf68aa6dc3848ef43fac70.php 第 23 行.
NOTIC: [8] Use of undefined constant index_ad2 - assumed 'index_ad2' D:\wwwroot\pc_dtyd\admin\Runtime\Cache\d6265d428dbf68aa6dc3848ef43fac70.php 第 31 行.
NOTIC: [8] Use of undefined constant index_ad2 - assumed 'index_ad2' D:\wwwroot\pc_dtyd\admin\Runtime\Cache\d6265d428dbf68aa6dc3848ef43fac70.php 第 34 行.
NOTIC: [8] Use of undefined constant index_ad2 - assumed 'index_ad2' D:\wwwroot\pc_dtyd\admin\Runtime\Cache\d6265d428dbf68aa6dc3848ef43fac70.php 第 31 行.
NOTIC: [8] Use of undefined constant index_ad2 - assumed 'index_ad2' D:\wwwroot\pc_dtyd\admin\Runtime\Cache\d6265d428dbf68aa6dc3848ef43fac70.php 第 34 行.
NOTIC: [8] Use of undefined constant index_ad2 - assumed 'index_ad2' D:\wwwroot\pc_dtyd\admin\Runtime\Cache\d6265d428dbf68aa6dc3848ef43fac70.php 第 31 行.
NOTIC: [8] Use of undefined constant index_ad2 - assumed 'index_ad2' D:\wwwroot\pc_dtyd\admin\Runtime\Cache\d6265d428dbf68aa6dc3848ef43fac70.php 第 34 行.
NOTIC: [8] Use of undefined constant index_ad2 - assumed 'index_ad2' D:\wwwroot\pc_dtyd\admin\Runtime\Cache\d6265d428dbf68aa6dc3848ef43fac70.php 第 31 行.
NOTIC: [8] Use of undefined constant index_ad2 - assumed 'index_ad2' D:\wwwroot\pc_dtyd\admin\Runtime\Cache\d6265d428dbf68aa6dc3848ef43fac70.php 第 34 行.
NOTIC: [8] Use of undefined constant index_ad2 - assumed 'index_ad2' D:\wwwroot\pc_dtyd\admin\Runtime\Cache\d6265d428dbf68aa6dc3848ef43fac70.php 第 31 行.
NOTIC: [8] Use of undefined constant index_ad2 - assumed 'index_ad2' D:\wwwroot\pc_dtyd\admin\Runtime\Cache\d6265d428dbf68aa6dc3848ef43fac70.php 第 34 行.
NOTIC: [8] Use of undefined constant index_ad2 - assumed 'index_ad2' D:\wwwroot\pc_dtyd\admin\Runtime\Cache\d6265d428dbf68aa6dc3848ef43fac70.php 第 36 行.
INFO: Run ParseTemplate Behavior [ RunTime:0.015600s ]
INFO: [ view_parse ] --END-- [ RunTime:0.015600s ]
INFO: [ view_filter ] --START--
INFO: Run ContentReplace Behavior [ RunTime:0.000000s ]
INFO: Run TokenBuild Behavior [ RunTime:0.000000s ]
INFO: Run WriteHtmlCache Behavior [ RunTime:0.000000s ]
INFO: Run ShowRuntime Behavior [ RunTime:0.000000s ]
INFO: [ view_filter ] --END-- [ RunTime:0.000000s ]
INFO: [ view_end ] --START--
INFO: Run ShowPageTrace Behavior [ RunTime:0.000000s ]
INFO: [ view_end ] --END-- [ RunTime:0.000000s ]

[ 2016-08-03T10:11:57+08:00 ] 183.69.195.15 /admin.php/order/orderList
INFO: [ route_check ] --START--
INFO: Run CheckRoute Behavior [ RunTime:0.000000s ]
INFO: [ route_check ] --END-- [ RunTime:0.000000s ]
INFO: [ app_begin ] --START--
INFO: Run ReadHtmlCache Behavior [ RunTime:0.000000s ]
INFO: [ app_begin ] --END-- [ RunTime:0.000000s ]
SQL: SHOW COLUMNS FROM `system` [ RunTime:0.000000s ]
SQL: SELECT `atuo_time` FROM `system` LIMIT 1   [ RunTime:0.000000s ]
SQL: SHOW COLUMNS FROM `order` [ RunTime:0.015600s ]
SQL: SELECT `endtime`,`order_id`,`need_pay` FROM `order` WHERE ( `status` = 3 )  [ RunTime:0.000000s ]
SQL: SELECT * FROM `system` WHERE ( system_id=1 ) LIMIT 1   [ RunTime:0.000000s ]
SQL: SHOW COLUMNS FROM `product` [ RunTime:0.000000s ]
SQL: SELECT `product_id` FROM `product` WHERE ( `able_discount` = 1 )  [ RunTime:0.000000s ]
SQL: SELECT COUNT(*) AS tp_count FROM `product` WHERE ( `able_discount` = 1 ) AND ( `product_id` = 2 ) LIMIT 1   [ RunTime:0.000000s ]
SQL: SELECT `discount_beg_time`,`discount_end_time`,`price3` FROM `product` WHERE ( `able_discount` = 1 ) AND ( `product_id` = 2 )  [ RunTime:0.000000s ]
SQL: UPDATE `product` SET `is_discount`='' WHERE ( `product_id` = 2 ) [ RunTime:0.000000s ]
SQL: UPDATE `product` SET `is_discount`='' WHERE ( `able_discount` = '' ) [ RunTime:0.296401s ]
SQL: select product_id  , product_num   from `order_product`  where order_id  in (  select  order_id  from  `order`  where  status = 2   and stock_reduce <> 1) [ RunTime:0.000000s ]
SQL: update `order` set stock_reduce=1 , time2=1470190317 where  stock_reduce<>1 and status <> 1  [ RunTime:0.000000s ]
SQL: UPDATE `system` SET `atuo_time`=1470190317 WHERE ( `system_id` = 1 ) [ RunTime:0.000000s ]
SQL: SHOW COLUMNS FROM `record` [ RunTime:0.000000s ]
SQL: INSERT INTO `record` (`time`,`remark`) VALUES (1470190317,'网站正常访问操作') [ RunTime:0.000000s ]
NOTIC: [8] Undefined index: status D:\wwwroot\pc_dtyd\admin\Lib\Action\orderAction.class.php 第 28 行.
NOTIC: [8] Undefined index: keyword D:\wwwroot\pc_dtyd\admin\Lib\Action\orderAction.class.php 第 31 行.
NOTIC: [8] Undefined index: begtime D:\wwwroot\pc_dtyd\admin\Lib\Action\orderAction.class.php 第 48 行.
NOTIC: [8] Undefined index: begtime D:\wwwroot\pc_dtyd\admin\Lib\Action\orderAction.class.php 第 56 行.
NOTIC: [8] Undefined index: endtime D:\wwwroot\pc_dtyd\admin\Lib\Action\orderAction.class.php 第 63 行.
NOTIC: [8] Undefined index: _string D:\wwwroot\pc_dtyd\admin\Lib\Action\orderAction.class.php 第 106 行.
SQL: SELECT DISTINCT  SUM(need_pay) AS tp_sum FROM `order` WHERE ( `confirm` <> 2 ) AND ( status  in (2,3,4,5) ) LIMIT 1   [ RunTime:0.000000s ]
NOTIC: [8] Undefined index: _string D:\wwwroot\pc_dtyd\admin\Lib\Action\orderAction.class.php 第 115 行.
SQL: SELECT DISTINCT  SUM(need_pay) AS tp_sum FROM `order` WHERE ( `confirm` <> 2 ) AND ( status  in (3,4,5) ) LIMIT 1   [ RunTime:0.000000s ]
NOTIC: [8] Undefined index: _string D:\wwwroot\pc_dtyd\admin\Lib\Action\orderAction.class.php 第 124 行.
SQL: SELECT DISTINCT  SUM(need_pay) AS tp_sum FROM `order` WHERE ( `confirm` <> 2 ) AND ( status  in (2) ) LIMIT 1   [ RunTime:0.000000s ]
SQL: SELECT DISTINCT  COUNT(*) AS tp_count FROM `order` WHERE ( `confirm` <> 2 ) LIMIT 1   [ RunTime:0.000000s ]
SQL: SELECT DISTINCT  * FROM `order` left join `user` on user.user_id=order.user_id  WHERE ( `confirm` <> 2 ) ORDER BY order_id desc LIMIT 0,10   [ RunTime:0.000000s ]
NOTIC: [8] Use of undefined constant pro - assumed 'pro' D:\wwwroot\pc_dtyd\admin\Lib\Action\orderAction.class.php 第 87 行.
SQL: SHOW COLUMNS FROM `order_product` [ RunTime:0.000000s ]
NOTIC: [8] Use of undefined constant order_id - assumed 'order_id' D:\wwwroot\pc_dtyd\admin\Lib\Action\orderAction.class.php 第 87 行.
SQL: SELECT * FROM `order_product` WHERE ( order_id=101041 )  [ RunTime:0.000000s ]
NOTIC: [8] Use of undefined constant pro - assumed 'pro' D:\wwwroot\pc_dtyd\admin\Lib\Action\orderAction.class.php 第 89 行.
NOTIC: [8] Use of undefined constant pro - assumed 'pro' D:\wwwroot\pc_dtyd\admin\Lib\Action\orderAction.class.php 第 90 行.
SQL: SHOW COLUMNS FROM `product_attribute_list` [ RunTime:0.000000s ]
NOTIC: [8] Use of undefined constant pro - assumed 'pro' D:\wwwroot\pc_dtyd\admin\Lib\Action\orderAction.class.php 第 90 行.
NOTIC: [8] Use of undefined constant product_id - assumed 'product_id' D:\wwwroot\pc_dtyd\admin\Lib\Action\orderAction.class.php 第 90 行.
SQL: SELECT `value` FROM `product_attribute_list` WHERE ( attribute_id=3 and product_id=2 ) LIMIT 1   [ RunTime:0.000000s ]
NOTIC: [8] Use of undefined constant pro - assumed 'pro' D:\wwwroot\pc_dtyd\admin\Lib\Action\orderAction.class.php 第 91 行.
NOTIC: [8] Use of undefined constant pro - assumed 'pro' D:\wwwroot\pc_dtyd\admin\Lib\Action\orderAction.class.php 第 91 行.
NOTIC: [8] Use of undefined constant product_id - assumed 'product_id' D:\wwwroot\pc_dtyd\admin\Lib\Action\orderAction.class.php 第 91 行.
SQL: SELECT `value` FROM `product_attribute_list` WHERE ( attribute_id=4 and product_id=2 ) LIMIT 1   [ RunTime:0.000000s ]
NOTIC: [8] Use of undefined constant pro - assumed 'pro' D:\wwwroot\pc_dtyd\admin\Lib\Action\orderAction.class.php 第 92 行.
NOTIC: [8] Use of undefined constant pro - assumed 'pro' D:\wwwroot\pc_dtyd\admin\Lib\Action\orderAction.class.php 第 92 行.
NOTIC: [8] Use of undefined constant product_id - assumed 'product_id' D:\wwwroot\pc_dtyd\admin\Lib\Action\orderAction.class.php 第 92 行.
SQL: SELECT `value` FROM `product_attribute_list` WHERE ( attribute_id=1 and product_id=2 ) LIMIT 1   [ RunTime:0.000000s ]
NOTIC: [8] Use of undefined constant pro - assumed 'pro' D:\wwwroot\pc_dtyd\admin\Lib\Action\orderAction.class.php 第 89 行.
NOTIC: [8] Use of undefined constant pro - assumed 'pro' D:\wwwroot\pc_dtyd\admin\Lib\Action\orderAction.class.php 第 87 行.
NOTIC: [8] Use of undefined constant order_id - assumed 'order_id' D:\wwwroot\pc_dtyd\admin\Lib\Action\orderAction.class.php 第 87 行.
SQL: SELECT * FROM `order_product` WHERE ( order_id=101040 )  [ RunTime:0.000000s ]
NOTIC: [8] Use of undefined constant pro - assumed 'pro' D:\wwwroot\pc_dtyd\admin\Lib\Action\orderAction.class.php 第 89 行.
NOTIC: [8] Use of undefined constant pro - assumed 'pro' D:\wwwroot\pc_dtyd\admin\Lib\Action\orderAction.class.php 第 90 行.
NOTIC: [8] Use of undefined constant pro - assumed 'pro' D:\wwwroot\pc_dtyd\admin\Lib\Action\orderAction.class.php 第 90 行.
NOTIC: [8] Use of undefined constant product_id - assumed 'product_id' D:\wwwroot\pc_dtyd\admin\Lib\Action\orderAction.class.php 第 90 行.
SQL: SELECT `value` FROM `product_attribute_list` WHERE ( attribute_id=3 and product_id=2 ) LIMIT 1   [ RunTime:0.000000s ]
NOTIC: [8] Use of undefined constant pro - assumed 'pro' D:\wwwroot\pc_dtyd\admin\Lib\Action\orderAction.class.php 第 91 行.
NOTIC: [8] Use of undefined constant pro - assumed 'pro' D:\wwwroot\pc_dtyd\admin\Lib\Action\orderAction.class.php 第 91 行.
NOTIC: [8] Use of undefined constant product_id - assumed 'product_id' D:\wwwroot\pc_dtyd\admin\Lib\Action\orderAction.class.php 第 91 行.
SQL: SELECT `value` FROM `product_attribute_list` WHERE ( attribute_id=4 and product_id=2 ) LIMIT 1   [ RunTime:0.000000s ]
NOTIC: [8] Use of undefined constant pro - assumed 'pro' D:\wwwroot\pc_dtyd\admin\Lib\Action\orderAction.class.php 第 92 行.
NOTIC: [8] Use of undefined constant pro - assumed 'pro' D:\wwwroot\pc_dtyd\admin\Lib\Action\orderAction.class.php 第 92 行.
NOTIC: [8] Use of undefined constant product_id - assumed 'product_id' D:\wwwroot\pc_dtyd\admin\Lib\Action\orderAction.class.php 第 92 行.
SQL: SELECT `value` FROM `product_attribute_list` WHERE ( attribute_id=1 and product_id=2 ) LIMIT 1   [ RunTime:0.000000s ]
NOTIC: [8] Use of undefined constant pro - assumed 'pro' D:\wwwroot\pc_dtyd\admin\Lib\Action\orderAction.class.php 第 89 行.
NOTIC: [8] Use of undefined constant pro - assumed 'pro' D:\wwwroot\pc_dtyd\admin\Lib\Action\orderAction.class.php 第 87 行.
NOTIC: [8] Use of undefined constant order_id - assumed 'order_id' D:\wwwroot\pc_dtyd\admin\Lib\Action\orderAction.class.php 第 87 行.
SQL: SELECT * FROM `order_product` WHERE ( order_id=101039 )  [ RunTime:0.000000s ]
NOTIC: [8] Use of undefined constant pro - assumed 'pro' D:\wwwroot\pc_dtyd\admin\Lib\Action\orderAction.class.php 第 89 行.
NOTIC: [8] Use of undefined constant pro - assumed 'pro' D:\wwwroot\pc_dtyd\admin\Lib\Action\orderAction.class.php 第 90 行.
NOTIC: [8] Use of undefined constant pro - assumed 'pro' D:\wwwroot\pc_dtyd\admin\Lib\Action\orderAction.class.php 第 90 行.
NOTIC: [8] Use of undefined constant product_id - assumed 'product_id' D:\wwwroot\pc_dtyd\admin\Lib\Action\orderAction.class.php 第 90 行.
SQL: SELECT `value` FROM `product_attribute_list` WHERE ( attribute_id=3 and product_id=2 ) LIMIT 1   [ RunTime:0.000000s ]
NOTIC: [8] Use of undefined constant pro - assumed 'pro' D:\wwwroot\pc_dtyd\admin\Lib\Action\orderAction.class.php 第 91 行.
NOTIC: [8] Use of undefined constant pro - assumed 'pro' D:\wwwroot\pc_dtyd\admin\Lib\Action\orderAction.class.php 第 91 行.
NOTIC: [8] Use of undefined constant product_id - assumed 'product_id' D:\wwwroot\pc_dtyd\admin\Lib\Action\orderAction.class.php 第 91 行.
SQL: SELECT `value` FROM `product_attribute_list` WHERE ( attribute_id=4 and product_id=2 ) LIMIT 1   [ RunTime:0.000000s ]
NOTIC: [8] Use of undefined constant pro - assumed 'pro' D:\wwwroot\pc_dtyd\admin\Lib\Action\orderAction.class.php 第 92 行.
NOTIC: [8] Use of undefined constant pro - assumed 'pro' D:\wwwroot\pc_dtyd\admin\Lib\Action\orderAction.class.php 第 92 行.
NOTIC: [8] Use of undefined constant product_id - assumed 'product_id' D:\wwwroot\pc_dtyd\admin\Lib\Action\orderAction.class.php 第 92 行.
SQL: SELECT `value` FROM `product_attribute_list` WHERE ( attribute_id=1 and product_id=2 ) LIMIT 1   [ RunTime:0.000000s ]
NOTIC: [8] Use of undefined constant pro - assumed 'pro' D:\wwwroot\pc_dtyd\admin\Lib\Action\orderAction.class.php 第 89 行.
NOTIC: [8] Use of undefined constant pro - assumed 'pro' D:\wwwroot\pc_dtyd\admin\Lib\Action\orderAction.class.php 第 87 行.
NOTIC: [8] Use of undefined constant order_id - assumed 'order_id' D:\wwwroot\pc_dtyd\admin\Lib\Action\orderAction.class.php 第 87 行.
SQL: SELECT * FROM `order_product` WHERE ( order_id=101038 )  [ RunTime:0.000000s ]
NOTIC: [8] Use of undefined constant pro - assumed 'pro' D:\wwwroot\pc_dtyd\admin\Lib\Action\orderAction.class.php 第 89 行.
NOTIC: [8] Use of undefined constant pro - assumed 'pro' D:\wwwroot\pc_dtyd\admin\Lib\Action\orderAction.class.php 第 90 行.
NOTIC: [8] Use of undefined constant pro - assumed 'pro' D:\wwwroot\pc_dtyd\admin\Lib\Action\orderAction.class.php 第 90 行.
NOTIC: [8] Use of undefined constant product_id - assumed 'product_id' D:\wwwroot\pc_dtyd\admin\Lib\Action\orderAction.class.php 第 90 行.
SQL: SELECT `value` FROM `product_attribute_list` WHERE ( attribute_id=3 and product_id=2 ) LIMIT 1   [ RunTime:0.000000s ]
NOTIC: [8] Use of undefined constant pro - assumed 'pro' D:\wwwroot\pc_dtyd\admin\Lib\Action\orderAction.class.php 第 91 行.
NOTIC: [8] Use of undefined constant pro - assumed 'pro' D:\wwwroot\pc_dtyd\admin\Lib\Action\orderAction.class.php 第 91 行.
NOTIC: [8] Use of undefined constant product_id - assumed 'product_id' D:\wwwroot\pc_dtyd\admin\Lib\Action\orderAction.class.php 第 91 行.
SQL: SELECT `value` FROM `product_attribute_list` WHERE ( attribute_id=4 and product_id=2 ) LIMIT 1   [ RunTime:0.000000s ]
NOTIC: [8] Use of undefined constant pro - assumed 'pro' D:\wwwroot\pc_dtyd\admin\Lib\Action\orderAction.class.php 第 92 行.
NOTIC: [8] Use of undefined constant pro - assumed 'pro' D:\wwwroot\pc_dtyd\admin\Lib\Action\orderAction.class.php 第 92 行.
NOTIC: [8] Use of undefined constant product_id - assumed 'product_id' D:\wwwroot\pc_dtyd\admin\Lib\Action\orderAction.class.php 第 92 行.
SQL: SELECT `value` FROM `product_attribute_list` WHERE ( attribute_id=1 and product_id=2 ) LIMIT 1   [ RunTime:0.000000s ]
NOTIC: [8] Use of undefined constant pro - assumed 'pro' D:\wwwroot\pc_dtyd\admin\Lib\Action\orderAction.class.php 第 89 行.
NOTIC: [8] Use of undefined constant pro - assumed 'pro' D:\wwwroot\pc_dtyd\admin\Lib\Action\orderAction.class.php 第 87 行.
NOTIC: [8] Use of undefined constant order_id - assumed 'order_id' D:\wwwroot\pc_dtyd\admin\Lib\Action\orderAction.class.php 第 87 行.
SQL: SELECT * FROM `order_product` WHERE ( order_id=101037 )  [ RunTime:0.000000s ]
NOTIC: [8] Use of undefined constant pro - assumed 'pro' D:\wwwroot\pc_dtyd\admin\Lib\Action\orderAction.class.php 第 89 行.
NOTIC: [8] Use of undefined constant pro - assumed 'pro' D:\wwwroot\pc_dtyd\admin\Lib\Action\orderAction.class.php 第 90 行.
NOTIC: [8] Use of undefined constant pro - assumed 'pro' D:\wwwroot\pc_dtyd\admin\Lib\Action\orderAction.class.php 第 90 行.
NOTIC: [8] Use of undefined constant product_id - assumed 'product_id' D:\wwwroot\pc_dtyd\admin\Lib\Action\orderAction.class.php 第 90 行.
SQL: SELECT `value` FROM `product_attribute_list` WHERE ( attribute_id=3 and product_id=2 ) LIMIT 1   [ RunTime:0.000000s ]
NOTIC: [8] Use of undefined constant pro - assumed 'pro' D:\wwwroot\pc_dtyd\admin\Lib\Action\orderAction.class.php 第 91 行.
NOTIC: [8] Use of undefined constant pro - assumed 'pro' D:\wwwroot\pc_dtyd\admin\Lib\Action\orderAction.class.php 第 91 行.
NOTIC: [8] Use of undefined constant product_id - assumed 'product_id' D:\wwwroot\pc_dtyd\admin\Lib\Action\orderAction.class.php 第 91 行.
SQL: SELECT `value` FROM `product_attribute_list` WHERE ( attribute_id=4 and product_id=2 ) LIMIT 1   [ RunTime:0.000000s ]
NOTIC: [8] Use of undefined constant pro - assumed 'pro' D:\wwwroot\pc_dtyd\admin\Lib\Action\orderAction.class.php 第 92 行.
NOTIC: [8] Use of undefined constant pro - assumed 'pro' D:\wwwroot\pc_dtyd\admin\Lib\Action\orderAction.class.php 第 92 行.
NOTIC: [8] Use of undefined constant product_id - assumed 'product_id' D:\wwwroot\pc_dtyd\admin\Lib\Action\orderAction.class.php 第 92 行.
SQL: SELECT `value` FROM `product_attribute_list` WHERE ( attribute_id=1 and product_id=2 ) LIMIT 1   [ RunTime:0.000000s ]
NOTIC: [8] Use of undefined constant pro - assumed 'pro' D:\wwwroot\pc_dtyd\admin\Lib\Action\orderAction.class.php 第 89 行.
NOTIC: [8] Use of undefined constant pro - assumed 'pro' D:\wwwroot\pc_dtyd\admin\Lib\Action\orderAction.class.php 第 87 行.
NOTIC: [8] Use of undefined constant order_id - assumed 'order_id' D:\wwwroot\pc_dtyd\admin\Lib\Action\orderAction.class.php 第 87 行.
SQL: SELECT * FROM `order_product` WHERE ( order_id=101036 )  [ RunTime:0.000000s ]
NOTIC: [8] Use of undefined constant pro - assumed 'pro' D:\wwwroot\pc_dtyd\admin\Lib\Action\orderAction.class.php 第 89 行.
NOTIC: [8] Use of undefined constant pro - assumed 'pro' D:\wwwroot\pc_dtyd\admin\Lib\Action\orderAction.class.php 第 90 行.
NOTIC: [8] Use of undefined constant pro - assumed 'pro' D:\wwwroot\pc_dtyd\admin\Lib\Action\orderAction.class.php 第 90 行.
NOTIC: [8] Use of undefined constant product_id - assumed 'product_id' D:\wwwroot\pc_dtyd\admin\Lib\Action\orderAction.class.php 第 90 行.
SQL: SELECT `value` FROM `product_attribute_list` WHERE ( attribute_id=3 and product_id=2 ) LIMIT 1   [ RunTime:0.000000s ]
NOTIC: [8] Use of undefined constant pro - assumed 'pro' D:\wwwroot\pc_dtyd\admin\Lib\Action\orderAction.class.php 第 91 行.
NOTIC: [8] Use of undefined constant pro - assumed 'pro' D:\wwwroot\pc_dtyd\admin\Lib\Action\orderAction.class.php 第 91 行.
NOTIC: [8] Use of undefined constant product_id - assumed 'product_id' D:\wwwroot\pc_dtyd\admin\Lib\Action\orderAction.class.php 第 91 行.
SQL: SELECT `value` FROM `product_attribute_list` WHERE ( attribute_id=4 and product_id=2 ) LIMIT 1   [ RunTime:0.000000s ]
NOTIC: [8] Use of undefined constant pro - assumed 'pro' D:\wwwroot\pc_dtyd\admin\Lib\Action\orderAction.class.php 第 92 行.
NOTIC: [8] Use of undefined constant pro - assumed 'pro' D:\wwwroot\pc_dtyd\admin\Lib\Action\orderAction.class.php 第 92 行.
NOTIC: [8] Use of undefined constant product_id - assumed 'product_id' D:\wwwroot\pc_dtyd\admin\Lib\Action\orderAction.class.php 第 92 行.
SQL: SELECT `value` FROM `product_attribute_list` WHERE ( attribute_id=1 and product_id=2 ) LIMIT 1   [ RunTime:0.000000s ]
NOTIC: [8] Use of undefined constant pro - assumed 'pro' D:\wwwroot\pc_dtyd\admin\Lib\Action\orderAction.class.php 第 89 行.
NOTIC: [8] Use of undefined constant pro - assumed 'pro' D:\wwwroot\pc_dtyd\admin\Lib\Action\orderAction.class.php 第 87 行.
NOTIC: [8] Use of undefined constant order_id - assumed 'order_id' D:\wwwroot\pc_dtyd\admin\Lib\Action\orderAction.class.php 第 87 行.
SQL: SELECT * FROM `order_product` WHERE ( order_id=101035 )  [ RunTime:0.000000s ]
NOTIC: [8] Use of undefined constant pro - assumed 'pro' D:\wwwroot\pc_dtyd\admin\Lib\Action\orderAction.class.php 第 89 行.
NOTIC: [8] Use of undefined constant pro - assumed 'pro' D:\wwwroot\pc_dtyd\admin\Lib\Action\orderAction.class.php 第 90 行.
NOTIC: [8] Use of undefined constant pro - assumed 'pro' D:\wwwroot\pc_dtyd\admin\Lib\Action\orderAction.class.php 第 90 行.
NOTIC: [8] Use of undefined constant product_id - assumed 'product_id' D:\wwwroot\pc_dtyd\admin\Lib\Action\orderAction.class.php 第 90 行.
SQL: SELECT `value` FROM `product_attribute_list` WHERE ( attribute_id=3 and product_id=2 ) LIMIT 1   [ RunTime:0.000000s ]
NOTIC: [8] Use of undefined constant pro - assumed 'pro' D:\wwwroot\pc_dtyd\admin\Lib\Action\orderAction.class.php 第 91 行.
NOTIC: [8] Use of undefined constant pro - assumed 'pro' D:\wwwroot\pc_dtyd\admin\Lib\Action\orderAction.class.php 第 91 行.
NOTIC: [8] Use of undefined constant product_id - assumed 'product_id' D:\wwwroot\pc_dtyd\admin\Lib\Action\orderAction.class.php 第 91 行.
SQL: SELECT `value` FROM `product_attribute_list` WHERE ( attribute_id=4 and product_id=2 ) LIMIT 1   [ RunTime:0.000000s ]
NOTIC: [8] Use of undefined constant pro - assumed 'pro' D:\wwwroot\pc_dtyd\admin\Lib\Action\orderAction.class.php 第 92 行.
NOTIC: [8] Use of undefined constant pro - assumed 'pro' D:\wwwroot\pc_dtyd\admin\Lib\Action\orderAction.class.php 第 92 行.
NOTIC: [8] Use of undefined constant product_id - assumed 'product_id' D:\wwwroot\pc_dtyd\admin\Lib\Action\orderAction.class.php 第 92 行.
SQL: SELECT `value` FROM `product_attribute_list` WHERE ( attribute_id=1 and product_id=2 ) LIMIT 1   [ RunTime:0.000000s ]
NOTIC: [8] Use of undefined constant pro - assumed 'pro' D:\wwwroot\pc_dtyd\admin\Lib\Action\orderAction.class.php 第 89 行.
NOTIC: [8] Use of undefined constant pro - assumed 'pro' D:\wwwroot\pc_dtyd\admin\Lib\Action\orderAction.class.php 第 87 行.
NOTIC: [8] Use of undefined constant order_id - assumed 'order_id' D:\wwwroot\pc_dtyd\admin\Lib\Action\orderAction.class.php 第 87 行.
SQL: SELECT * FROM `order_product` WHERE ( order_id=101034 )  [ RunTime:0.000000s ]
NOTIC: [8] Use of undefined constant pro - assumed 'pro' D:\wwwroot\pc_dtyd\admin\Lib\Action\orderAction.class.php 第 89 行.
NOTIC: [8] Use of undefined constant pro - assumed 'pro' D:\wwwroot\pc_dtyd\admin\Lib\Action\orderAction.class.php 第 90 行.
NOTIC: [8] Use of undefined constant pro - assumed 'pro' D:\wwwroot\pc_dtyd\admin\Lib\Action\orderAction.class.php 第 90 行.
NOTIC: [8] Use of undefined constant product_id - assumed 'product_id' D:\wwwroot\pc_dtyd\admin\Lib\Action\orderAction.class.php 第 90 行.
SQL: SELECT `value` FROM `product_attribute_list` WHERE ( attribute_id=3 and product_id=2 ) LIMIT 1   [ RunTime:0.000000s ]
NOTIC: [8] Use of undefined constant pro - assumed 'pro' D:\wwwroot\pc_dtyd\admin\Lib\Action\orderAction.class.php 第 91 行.
NOTIC: [8] Use of undefined constant pro - assumed 'pro' D:\wwwroot\pc_dtyd\admin\Lib\Action\orderAction.class.php 第 91 行.
NOTIC: [8] Use of undefined constant product_id - assumed 'product_id' D:\wwwroot\pc_dtyd\admin\Lib\Action\orderAction.class.php 第 91 行.
SQL: SELECT `value` FROM `product_attribute_list` WHERE ( attribute_id=4 and product_id=2 ) LIMIT 1   [ RunTime:0.000000s ]
NOTIC: [8] Use of undefined constant pro - assumed 'pro' D:\wwwroot\pc_dtyd\admin\Lib\Action\orderAction.class.php 第 92 行.
NOTIC: [8] Use of undefined constant pro - assumed 'pro' D:\wwwroot\pc_dtyd\admin\Lib\Action\orderAction.class.php 第 92 行.
NOTIC: [8] Use of undefined constant product_id - assumed 'product_id' D:\wwwroot\pc_dtyd\admin\Lib\Action\orderAction.class.php 第 92 行.
SQL: SELECT `value` FROM `product_attribute_list` WHERE ( attribute_id=1 and product_id=2 ) LIMIT 1   [ RunTime:0.000000s ]
NOTIC: [8] Use of undefined constant pro - assumed 'pro' D:\wwwroot\pc_dtyd\admin\Lib\Action\orderAction.class.php 第 89 行.
NOTIC: [8] Use of undefined constant pro - assumed 'pro' D:\wwwroot\pc_dtyd\admin\Lib\Action\orderAction.class.php 第 87 行.
NOTIC: [8] Use of undefined constant order_id - assumed 'order_id' D:\wwwroot\pc_dtyd\admin\Lib\Action\orderAction.class.php 第 87 行.
SQL: SELECT * FROM `order_product` WHERE ( order_id=101033 )  [ RunTime:0.000000s ]
NOTIC: [8] Use of undefined constant pro - assumed 'pro' D:\wwwroot\pc_dtyd\admin\Lib\Action\orderAction.class.php 第 89 行.
NOTIC: [8] Use of undefined constant pro - assumed 'pro' D:\wwwroot\pc_dtyd\admin\Lib\Action\orderAction.class.php 第 90 行.
NOTIC: [8] Use of undefined constant pro - assumed 'pro' D:\wwwroot\pc_dtyd\admin\Lib\Action\orderAction.class.php 第 90 行.
NOTIC: [8] Use of undefined constant product_id - assumed 'product_id' D:\wwwroot\pc_dtyd\admin\Lib\Action\orderAction.class.php 第 90 行.
SQL: SELECT `value` FROM `product_attribute_list` WHERE ( attribute_id=3 and product_id=2 ) LIMIT 1   [ RunTime:0.000000s ]
NOTIC: [8] Use of undefined constant pro - assumed 'pro' D:\wwwroot\pc_dtyd\admin\Lib\Action\orderAction.class.php 第 91 行.
NOTIC: [8] Use of undefined constant pro - assumed 'pro' D:\wwwroot\pc_dtyd\admin\Lib\Action\orderAction.class.php 第 91 行.
NOTIC: [8] Use of undefined constant product_id - assumed 'product_id' D:\wwwroot\pc_dtyd\admin\Lib\Action\orderAction.class.php 第 91 行.
SQL: SELECT `value` FROM `product_attribute_list` WHERE ( attribute_id=4 and product_id=2 ) LIMIT 1   [ RunTime:0.000000s ]
NOTIC: [8] Use of undefined constant pro - assumed 'pro' D:\wwwroot\pc_dtyd\admin\Lib\Action\orderAction.class.php 第 92 行.
NOTIC: [8] Use of undefined constant pro - assumed 'pro' D:\wwwroot\pc_dtyd\admin\Lib\Action\orderAction.class.php 第 92 行.
NOTIC: [8] Use of undefined constant product_id - assumed 'product_id' D:\wwwroot\pc_dtyd\admin\Lib\Action\orderAction.class.php 第 92 行.
SQL: SELECT `value` FROM `product_attribute_list` WHERE ( attribute_id=1 and product_id=2 ) LIMIT 1   [ RunTime:0.000000s ]
NOTIC: [8] Use of undefined constant pro - assumed 'pro' D:\wwwroot\pc_dtyd\admin\Lib\Action\orderAction.class.php 第 89 行.
NOTIC: [8] Use of undefined constant pro - assumed 'pro' D:\wwwroot\pc_dtyd\admin\Lib\Action\orderAction.class.php 第 87 行.
NOTIC: [8] Use of undefined constant order_id - assumed 'order_id' D:\wwwroot\pc_dtyd\admin\Lib\Action\orderAction.class.php 第 87 行.
SQL: SELECT * FROM `order_product` WHERE ( order_id=101032 )  [ RunTime:0.000000s ]
NOTIC: [8] Use of undefined constant pro - assumed 'pro' D:\wwwroot\pc_dtyd\admin\Lib\Action\orderAction.class.php 第 89 行.
NOTIC: [8] Use of undefined constant pro - assumed 'pro' D:\wwwroot\pc_dtyd\admin\Lib\Action\orderAction.class.php 第 90 行.
NOTIC: [8] Use of undefined constant pro - assumed 'pro' D:\wwwroot\pc_dtyd\admin\Lib\Action\orderAction.class.php 第 90 行.
NOTIC: [8] Use of undefined constant product_id - assumed 'product_id' D:\wwwroot\pc_dtyd\admin\Lib\Action\orderAction.class.php 第 90 行.
SQL: SELECT `value` FROM `product_attribute_list` WHERE ( attribute_id=3 and product_id=2 ) LIMIT 1   [ RunTime:0.000000s ]
NOTIC: [8] Use of undefined constant pro - assumed 'pro' D:\wwwroot\pc_dtyd\admin\Lib\Action\orderAction.class.php 第 91 行.
NOTIC: [8] Use of undefined constant pro - assumed 'pro' D:\wwwroot\pc_dtyd\admin\Lib\Action\orderAction.class.php 第 91 行.
NOTIC: [8] Use of undefined constant product_id - assumed 'product_id' D:\wwwroot\pc_dtyd\admin\Lib\Action\orderAction.class.php 第 91 行.
SQL: SELECT `value` FROM `product_attribute_list` WHERE ( attribute_id=4 and product_id=2 ) LIMIT 1   [ RunTime:0.000000s ]
NOTIC: [8] Use of undefined constant pro - assumed 'pro' D:\wwwroot\pc_dtyd\admin\Lib\Action\orderAction.class.php 第 92 行.
NOTIC: [8] Use of undefined constant pro - assumed 'pro' D:\wwwroot\pc_dtyd\admin\Lib\Action\orderAction.class.php 第 92 行.
NOTIC: [8] Use of undefined constant product_id - assumed 'product_id' D:\wwwroot\pc_dtyd\admin\Lib\Action\orderAction.class.php 第 92 行.
SQL: SELECT `value` FROM `product_attribute_list` WHERE ( attribute_id=1 and product_id=2 ) LIMIT 1   [ RunTime:0.000000s ]
NOTIC: [8] Use of undefined constant pro - assumed 'pro' D:\wwwroot\pc_dtyd\admin\Lib\Action\orderAction.class.php 第 89 行.
INFO: [ view_template ] --START--
INFO: Run LocationTemplate Behavior [ RunTime:0.000000s ]
INFO: [ view_template ] --END-- [ RunTime:0.000000s ]
INFO: [ view_parse ] --START--
NOTIC: [8] Undefined index: status D:\wwwroot\pc_dtyd\admin\Runtime\Cache\15322a5d21b66ea86139880190438035.php 第 26 行.
NOTIC: [8] Undefined index: keyword D:\wwwroot\pc_dtyd\admin\Runtime\Cache\15322a5d21b66ea86139880190438035.php 第 29 行.
NOTIC: [8] Undefined index: time D:\wwwroot\pc_dtyd\admin\Runtime\Cache\15322a5d21b66ea86139880190438035.php 第 43 行.
NOTIC: [8] Undefined index: begtime D:\wwwroot\pc_dtyd\admin\Runtime\Cache\15322a5d21b66ea86139880190438035.php 第 46 行.
NOTIC: [8] Undefined index: endtime D:\wwwroot\pc_dtyd\admin\Runtime\Cache\15322a5d21b66ea86139880190438035.php 第 49 行.
INFO: Run ParseTemplate Behavior [ RunTime:0.015600s ]
INFO: [ view_parse ] --END-- [ RunTime:0.015600s ]
INFO: [ view_filter ] --START--
INFO: Run ContentReplace Behavior [ RunTime:0.000000s ]
INFO: Run TokenBuild Behavior [ RunTime:0.000000s ]
INFO: Run WriteHtmlCache Behavior [ RunTime:0.000000s ]
INFO: Run ShowRuntime Behavior [ RunTime:0.000000s ]
INFO: [ view_filter ] --END-- [ RunTime:0.000000s ]
INFO: [ view_end ] --START--
INFO: Run ShowPageTrace Behavior [ RunTime:0.000000s ]
INFO: [ view_end ] --END-- [ RunTime:0.000000s ]

[ 2016-08-03T10:12:07+08:00 ] 183.69.195.15 /admin.php/productManagement/productClassify
INFO: [ route_check ] --START--
INFO: Run CheckRoute Behavior [ RunTime:0.015600s ]
INFO: [ route_check ] --END-- [ RunTime:0.015600s ]
INFO: [ app_begin ] --START--
INFO: Run ReadHtmlCache Behavior [ RunTime:0.000000s ]
INFO: [ app_begin ] --END-- [ RunTime:0.000000s ]
SQL: SHOW COLUMNS FROM `system` [ RunTime:0.000000s ]
SQL: SELECT `atuo_time` FROM `system` LIMIT 1   [ RunTime:0.000000s ]
SQL: SHOW COLUMNS FROM `order` [ RunTime:0.000000s ]
SQL: SELECT `endtime`,`order_id`,`need_pay` FROM `order` WHERE ( `status` = 3 )  [ RunTime:0.000000s ]
SQL: SELECT * FROM `system` WHERE ( system_id=1 ) LIMIT 1   [ RunTime:0.000000s ]
SQL: SHOW COLUMNS FROM `product` [ RunTime:0.000000s ]
SQL: SELECT `product_id` FROM `product` WHERE ( `able_discount` = 1 )  [ RunTime:0.000000s ]
SQL: SELECT COUNT(*) AS tp_count FROM `product` WHERE ( `able_discount` = 1 ) AND ( `product_id` = 2 ) LIMIT 1   [ RunTime:0.000000s ]
SQL: SELECT `discount_beg_time`,`discount_end_time`,`price3` FROM `product` WHERE ( `able_discount` = 1 ) AND ( `product_id` = 2 )  [ RunTime:0.000000s ]
SQL: UPDATE `product` SET `is_discount`='' WHERE ( `product_id` = 2 ) [ RunTime:0.000000s ]
SQL: UPDATE `product` SET `is_discount`='' WHERE ( `able_discount` = '' ) [ RunTime:0.312001s ]
SQL: select product_id  , product_num   from `order_product`  where order_id  in (  select  order_id  from  `order`  where  status = 2   and stock_reduce <> 1) [ RunTime:0.000000s ]
SQL: update `order` set stock_reduce=1 , time2=1470190326 where  stock_reduce<>1 and status <> 1  [ RunTime:0.000000s ]
SQL: UPDATE `system` SET `atuo_time`=1470190326 WHERE ( `system_id` = 1 ) [ RunTime:0.000000s ]
SQL: SHOW COLUMNS FROM `record` [ RunTime:0.000000s ]
SQL: INSERT INTO `record` (`time`,`remark`) VALUES (1470190326,'网站正常访问操作') [ RunTime:0.000000s ]
SQL: SHOW COLUMNS FROM `product_classify` [ RunTime:0.000000s ]
SQL: SELECT * FROM `product_classify` WHERE ( `fid` = '' )  [ RunTime:0.000000s ]
SQL: SELECT * FROM `product_classify` WHERE ( `fid` = '1' )  [ RunTime:0.000000s ]
SQL: SELECT * FROM `product_classify` WHERE ( `fid` = '22' )  [ RunTime:0.000000s ]
SQL: SELECT COUNT(*) AS tp_count FROM `product` WHERE ( `class3` = 89 ) LIMIT 1   [ RunTime:0.062400s ]
SQL: SELECT COUNT(*) AS tp_count FROM `product` WHERE ( `class3` = 90 ) LIMIT 1   [ RunTime:0.000000s ]
SQL: SELECT COUNT(*) AS tp_count FROM `product` WHERE ( `class3` = 91 ) LIMIT 1   [ RunTime:0.000000s ]
SQL: SELECT COUNT(*) AS tp_count FROM `product` WHERE ( `class3` = 92 ) LIMIT 1   [ RunTime:0.000000s ]
SQL: SELECT COUNT(*) AS tp_count FROM `product` WHERE ( `class3` = 93 ) LIMIT 1   [ RunTime:0.000000s ]
SQL: SELECT COUNT(*) AS tp_count FROM `product` WHERE ( `class3` = 94 ) LIMIT 1   [ RunTime:0.000000s ]
SQL: SELECT COUNT(*) AS tp_count FROM `product` WHERE ( `class3` = 95 ) LIMIT 1   [ RunTime:0.000000s ]
SQL: SELECT * FROM `product_classify` WHERE ( `fid` = '21' )  [ RunTime:0.000000s ]
SQL: SELECT COUNT(*) AS tp_count FROM `product` WHERE ( `class3` = 96 ) LIMIT 1   [ RunTime:0.000000s ]
SQL: SELECT COUNT(*) AS tp_count FROM `product` WHERE ( `class3` = 97 ) LIMIT 1   [ RunTime:0.000000s ]
SQL: SELECT COUNT(*) AS tp_count FROM `product` WHERE ( `class3` = 98 ) LIMIT 1   [ RunTime:0.000000s ]
SQL: SELECT COUNT(*) AS tp_count FROM `product` WHERE ( `class3` = 99 ) LIMIT 1   [ RunTime:0.000000s ]
SQL: SELECT COUNT(*) AS tp_count FROM `product` WHERE ( `class3` = 100 ) LIMIT 1   [ RunTime:0.000000s ]
SQL: SELECT COUNT(*) AS tp_count FROM `product` WHERE ( `class3` = 101 ) LIMIT 1   [ RunTime:0.000000s ]
SQL: SELECT COUNT(*) AS tp_count FROM `product` WHERE ( `class3` = 102 ) LIMIT 1   [ RunTime:0.000000s ]
SQL: SELECT COUNT(*) AS tp_count FROM `product` WHERE ( `class3` = 103 ) LIMIT 1   [ RunTime:0.000000s ]
SQL: SELECT COUNT(*) AS tp_count FROM `product` WHERE ( `class3` = 104 ) LIMIT 1   [ RunTime:0.000000s ]
SQL: SELECT COUNT(*) AS tp_count FROM `product` WHERE ( `class3` = 105 ) LIMIT 1   [ RunTime:0.000000s ]
SQL: SELECT COUNT(*) AS tp_count FROM `product` WHERE ( `class3` = 106 ) LIMIT 1   [ RunTime:0.000000s ]
SQL: SELECT * FROM `product_classify` WHERE ( `fid` = '42' )  [ RunTime:0.000000s ]
SQL: SELECT COUNT(*) AS tp_count FROM `product` WHERE ( `class3` = 170 ) LIMIT 1   [ RunTime:0.000000s ]
SQL: SELECT COUNT(*) AS tp_count FROM `product` WHERE ( `class3` = 171 ) LIMIT 1   [ RunTime:0.000000s ]
SQL: SELECT COUNT(*) AS tp_count FROM `product` WHERE ( `class3` = 172 ) LIMIT 1   [ RunTime:0.000000s ]
SQL: SELECT COUNT(*) AS tp_count FROM `product` WHERE ( `class3` = 173 ) LIMIT 1   [ RunTime:0.015600s ]
SQL: SELECT COUNT(*) AS tp_count FROM `product` WHERE ( `class3` = 174 ) LIMIT 1   [ RunTime:0.000000s ]
SQL: SELECT COUNT(*) AS tp_count FROM `product` WHERE ( `class3` = 175 ) LIMIT 1   [ RunTime:0.000000s ]
SQL: SELECT * FROM `product_classify` WHERE ( `fid` = '43' )  [ RunTime:0.000000s ]
SQL: SELECT * FROM `product_classify` WHERE ( `fid` = '78' )  [ RunTime:0.000000s ]
SQL: SELECT COUNT(*) AS tp_count FROM `product` WHERE ( `class3` = 121 ) LIMIT 1   [ RunTime:0.000000s ]
SQL: SELECT COUNT(*) AS tp_count FROM `product` WHERE ( `class3` = 123 ) LIMIT 1   [ RunTime:0.000000s ]
SQL: SELECT COUNT(*) AS tp_count FROM `product` WHERE ( `class3` = 122 ) LIMIT 1   [ RunTime:0.000000s ]
SQL: SELECT COUNT(*) AS tp_count FROM `product` WHERE ( `class3` = 120 ) LIMIT 1   [ RunTime:0.000000s ]
SQL: SELECT COUNT(*) AS tp_count FROM `product` WHERE ( `class3` = 124 ) LIMIT 1   [ RunTime:0.000000s ]
SQL: SELECT * FROM `product_classify` WHERE ( `fid` = '79' )  [ RunTime:0.000000s ]
SQL: SELECT COUNT(*) AS tp_count FROM `product` WHERE ( `class3` = 125 ) LIMIT 1   [ RunTime:0.000000s ]
SQL: SELECT COUNT(*) AS tp_count FROM `product` WHERE ( `class3` = 126 ) LIMIT 1   [ RunTime:0.000000s ]
SQL: SELECT COUNT(*) AS tp_count FROM `product` WHERE ( `class3` = 127 ) LIMIT 1   [ RunTime:0.000000s ]
SQL: SELECT COUNT(*) AS tp_count FROM `product` WHERE ( `class3` = 128 ) LIMIT 1   [ RunTime:0.000000s ]
SQL: SELECT COUNT(*) AS tp_count FROM `product` WHERE ( `class3` = 129 ) LIMIT 1   [ RunTime:0.000000s ]
SQL: SELECT COUNT(*) AS tp_count FROM `product` WHERE ( `class3` = 130 ) LIMIT 1   [ RunTime:0.000000s ]
SQL: SELECT COUNT(*) AS tp_count FROM `product` WHERE ( `class3` = 131 ) LIMIT 1   [ RunTime:0.000000s ]
SQL: SELECT * FROM `product_classify` WHERE ( `fid` = '80' )  [ RunTime:0.000000s ]
SQL: SELECT COUNT(*) AS tp_count FROM `product` WHERE ( `class3` = 176 ) LIMIT 1   [ RunTime:0.000000s ]
SQL: SELECT COUNT(*) AS tp_count FROM `product` WHERE ( `class3` = 177 ) LIMIT 1   [ RunTime:0.000000s ]
SQL: SELECT COUNT(*) AS tp_count FROM `product` WHERE ( `class3` = 178 ) LIMIT 1   [ RunTime:0.000000s ]
SQL: SELECT COUNT(*) AS tp_count FROM `product` WHERE ( `class3` = 179 ) LIMIT 1   [ RunTime:0.000000s ]
SQL: SELECT COUNT(*) AS tp_count FROM `product` WHERE ( `class3` = 180 ) LIMIT 1   [ RunTime:0.000000s ]
SQL: SELECT COUNT(*) AS tp_count FROM `product` WHERE ( `class3` = 181 ) LIMIT 1   [ RunTime:0.000000s ]
SQL: SELECT COUNT(*) AS tp_count FROM `product` WHERE ( `class3` = 182 ) LIMIT 1   [ RunTime:0.000000s ]
SQL: SELECT COUNT(*) AS tp_count FROM `product` WHERE ( `class3` = 183 ) LIMIT 1   [ RunTime:0.000000s ]
SQL: SELECT * FROM `product_classify` WHERE ( `fid` = '81' )  [ RunTime:0.000000s ]
SQL: SELECT COUNT(*) AS tp_count FROM `product` WHERE ( `class3` = 184 ) LIMIT 1   [ RunTime:0.000000s ]
SQL: SELECT COUNT(*) AS tp_count FROM `product` WHERE ( `class3` = 185 ) LIMIT 1   [ RunTime:0.000000s ]
SQL: SELECT COUNT(*) AS tp_count FROM `product` WHERE ( `class3` = 186 ) LIMIT 1   [ RunTime:0.000000s ]
SQL: SELECT COUNT(*) AS tp_count FROM `product` WHERE ( `class3` = 187 ) LIMIT 1   [ RunTime:0.000000s ]
SQL: SELECT COUNT(*) AS tp_count FROM `product` WHERE ( `class3` = 188 ) LIMIT 1   [ RunTime:0.000000s ]
SQL: SELECT COUNT(*) AS tp_count FROM `product` WHERE ( `class3` = 189 ) LIMIT 1   [ RunTime:0.000000s ]
SQL: SELECT COUNT(*) AS tp_count FROM `product` WHERE ( `class3` = 190 ) LIMIT 1   [ RunTime:0.000000s ]
SQL: SELECT COUNT(*) AS tp_count FROM `product` WHERE ( `class3` = 191 ) LIMIT 1   [ RunTime:0.000000s ]
SQL: SELECT COUNT(*) AS tp_count FROM `product` WHERE ( `class3` = 192 ) LIMIT 1   [ RunTime:0.000000s ]
SQL: SELECT COUNT(*) AS tp_count FROM `product` WHERE ( `class3` = 193 ) LIMIT 1   [ RunTime:0.000000s ]
SQL: SELECT * FROM `product_classify` WHERE ( `fid` = '83' )  [ RunTime:0.000000s ]
SQL: SELECT COUNT(*) AS tp_count FROM `product` WHERE ( `class3` = 162 ) LIMIT 1   [ RunTime:0.000000s ]
SQL: SELECT COUNT(*) AS tp_count FROM `product` WHERE ( `class3` = 163 ) LIMIT 1   [ RunTime:0.000000s ]
SQL: SELECT COUNT(*) AS tp_count FROM `product` WHERE ( `class3` = 164 ) LIMIT 1   [ RunTime:0.000000s ]
SQL: SELECT COUNT(*) AS tp_count FROM `product` WHERE ( `class3` = 165 ) LIMIT 1   [ RunTime:0.000000s ]
SQL: SELECT COUNT(*) AS tp_count FROM `product` WHERE ( `class3` = 166 ) LIMIT 1   [ RunTime:0.000000s ]
SQL: SELECT COUNT(*) AS tp_count FROM `product` WHERE ( `class3` = 167 ) LIMIT 1   [ RunTime:0.000000s ]
SQL: SELECT COUNT(*) AS tp_count FROM `product` WHERE ( `class3` = 168 ) LIMIT 1   [ RunTime:0.000000s ]
SQL: SELECT COUNT(*) AS tp_count FROM `product` WHERE ( `class3` = 169 ) LIMIT 1   [ RunTime:0.000000s ]
SQL: SELECT * FROM `product_classify` WHERE ( `fid` = '84' )  [ RunTime:0.000000s ]
SQL: SELECT COUNT(*) AS tp_count FROM `product` WHERE ( `class3` = 132 ) LIMIT 1   [ RunTime:0.000000s ]
SQL: SELECT COUNT(*) AS tp_count FROM `product` WHERE ( `class3` = 133 ) LIMIT 1   [ RunTime:0.000000s ]
SQL: SELECT COUNT(*) AS tp_count FROM `product` WHERE ( `class3` = 134 ) LIMIT 1   [ RunTime:0.000000s ]
SQL: SELECT COUNT(*) AS tp_count FROM `product` WHERE ( `class3` = 135 ) LIMIT 1   [ RunTime:0.000000s ]
SQL: SELECT COUNT(*) AS tp_count FROM `product` WHERE ( `class3` = 136 ) LIMIT 1   [ RunTime:0.000000s ]
SQL: SELECT COUNT(*) AS tp_count FROM `product` WHERE ( `class3` = 137 ) LIMIT 1   [ RunTime:0.000000s ]
SQL: SELECT COUNT(*) AS tp_count FROM `product` WHERE ( `class3` = 138 ) LIMIT 1   [ RunTime:0.000000s ]
SQL: SELECT COUNT(*) AS tp_count FROM `product` WHERE ( `class3` = 139 ) LIMIT 1   [ RunTime:0.000000s ]
SQL: SELECT * FROM `product_classify` WHERE ( `fid` = '85' )  [ RunTime:0.000000s ]
SQL: SELECT COUNT(*) AS tp_count FROM `product` WHERE ( `class3` = 140 ) LIMIT 1   [ RunTime:0.000000s ]
SQL: SELECT COUNT(*) AS tp_count FROM `product` WHERE ( `class3` = 141 ) LIMIT 1   [ RunTime:0.000000s ]
SQL: SELECT COUNT(*) AS tp_count FROM `product` WHERE ( `class3` = 142 ) LIMIT 1   [ RunTime:0.000000s ]
SQL: SELECT COUNT(*) AS tp_count FROM `product` WHERE ( `class3` = 143 ) LIMIT 1   [ RunTime:0.000000s ]
SQL: SELECT COUNT(*) AS tp_count FROM `product` WHERE ( `class3` = 144 ) LIMIT 1   [ RunTime:0.000000s ]
SQL: SELECT COUNT(*) AS tp_count FROM `product` WHERE ( `class3` = 145 ) LIMIT 1   [ RunTime:0.000000s ]
SQL: SELECT COUNT(*) AS tp_count FROM `product` WHERE ( `class3` = 146 ) LIMIT 1   [ RunTime:0.000000s ]
SQL: SELECT COUNT(*) AS tp_count FROM `product` WHERE ( `class3` = 147 ) LIMIT 1   [ RunTime:0.000000s ]
SQL: SELECT COUNT(*) AS tp_count FROM `product` WHERE ( `class3` = 148 ) LIMIT 1   [ RunTime:0.000000s ]
SQL: SELECT COUNT(*) AS tp_count FROM `product` WHERE ( `class3` = 149 ) LIMIT 1   [ RunTime:0.000000s ]
SQL: SELECT COUNT(*) AS tp_count FROM `product` WHERE ( `class3` = 150 ) LIMIT 1   [ RunTime:0.000000s ]
SQL: SELECT COUNT(*) AS tp_count FROM `product` WHERE ( `class3` = 151 ) LIMIT 1   [ RunTime:0.000000s ]
SQL: SELECT * FROM `product_classify` WHERE ( `fid` = '86' )  [ RunTime:0.000000s ]
SQL: SELECT COUNT(*) AS tp_count FROM `product` WHERE ( `class3` = 194 ) LIMIT 1   [ RunTime:0.000000s ]
SQL: SELECT COUNT(*) AS tp_count FROM `product` WHERE ( `class3` = 195 ) LIMIT 1   [ RunTime:0.000000s ]
SQL: SELECT COUNT(*) AS tp_count FROM `product` WHERE ( `class3` = 196 ) LIMIT 1   [ RunTime:0.000000s ]
SQL: SELECT COUNT(*) AS tp_count FROM `product` WHERE ( `class3` = 197 ) LIMIT 1   [ RunTime:0.000000s ]
SQL: SELECT COUNT(*) AS tp_count FROM `product` WHERE ( `class3` = 198 ) LIMIT 1   [ RunTime:0.000000s ]
SQL: SELECT COUNT(*) AS tp_count FROM `product` WHERE ( `class3` = 199 ) LIMIT 1   [ RunTime:0.000000s ]
SQL: SELECT COUNT(*) AS tp_count FROM `product` WHERE ( `class3` = 200 ) LIMIT 1   [ RunTime:0.000000s ]
SQL: SELECT COUNT(*) AS tp_count FROM `product` WHERE ( `class3` = 201 ) LIMIT 1   [ RunTime:0.000000s ]
SQL: SELECT * FROM `product_classify` WHERE ( `fid` = '87' )  [ RunTime:0.000000s ]
SQL: SELECT COUNT(*) AS tp_count FROM `product` WHERE ( `class3` = 152 ) LIMIT 1   [ RunTime:0.000000s ]
SQL: SELECT COUNT(*) AS tp_count FROM `product` WHERE ( `class3` = 153 ) LIMIT 1   [ RunTime:0.000000s ]
SQL: SELECT COUNT(*) AS tp_count FROM `product` WHERE ( `class3` = 154 ) LIMIT 1   [ RunTime:0.000000s ]
SQL: SELECT COUNT(*) AS tp_count FROM `product` WHERE ( `class3` = 155 ) LIMIT 1   [ RunTime:0.000000s ]
SQL: SELECT COUNT(*) AS tp_count FROM `product` WHERE ( `class3` = 156 ) LIMIT 1   [ RunTime:0.000000s ]
SQL: SELECT COUNT(*) AS tp_count FROM `product` WHERE ( `class3` = 157 ) LIMIT 1   [ RunTime:0.000000s ]
SQL: SELECT COUNT(*) AS tp_count FROM `product` WHERE ( `class3` = 158 ) LIMIT 1   [ RunTime:0.000000s ]
SQL: SELECT COUNT(*) AS tp_count FROM `product` WHERE ( `class3` = 159 ) LIMIT 1   [ RunTime:0.000000s ]
SQL: SELECT COUNT(*) AS tp_count FROM `product` WHERE ( `class3` = 160 ) LIMIT 1   [ RunTime:0.000000s ]
SQL: SELECT COUNT(*) AS tp_count FROM `product` WHERE ( `class3` = 161 ) LIMIT 1   [ RunTime:0.000000s ]
SQL: SELECT * FROM `product_classify` WHERE ( `fid` = '88' )  [ RunTime:0.000000s ]
SQL: SELECT * FROM `product_classify` WHERE ( `fid` = '2' )  [ RunTime:0.000000s ]
SQL: SELECT * FROM `product_classify` WHERE ( `fid` = '28' )  [ RunTime:0.000000s ]
SQL: SELECT COUNT(*) AS tp_count FROM `product` WHERE ( `class3` = 29 ) LIMIT 1   [ RunTime:0.000000s ]
SQL: SELECT * FROM `product_classify` WHERE ( `fid` = '27' )  [ RunTime:0.000000s ]
SQL: SELECT * FROM `product_classify` WHERE ( `fid` = '26' )  [ RunTime:0.000000s ]
SQL: SELECT * FROM `product_classify` WHERE ( `fid` = '44' )  [ RunTime:0.000000s ]
SQL: SELECT * FROM `product_classify` WHERE ( `fid` = '45' )  [ RunTime:0.000000s ]
SQL: SELECT * FROM `product_classify` WHERE ( `fid` = '46' )  [ RunTime:0.000000s ]
SQL: SELECT * FROM `product_classify` WHERE ( `fid` = '47' )  [ RunTime:0.000000s ]
SQL: SELECT * FROM `product_classify` WHERE ( `fid` = '48' )  [ RunTime:0.000000s ]
SQL: SELECT * FROM `product_classify` WHERE ( `fid` = '49' )  [ RunTime:0.000000s ]
SQL: SELECT * FROM `product_classify` WHERE ( `fid` = '50' )  [ RunTime:0.000000s ]
SQL: SELECT * FROM `product_classify` WHERE ( `fid` = '51' )  [ RunTime:0.000000s ]
SQL: SELECT * FROM `product_classify` WHERE ( `fid` = '52' )  [ RunTime:0.000000s ]
SQL: SELECT * FROM `product_classify` WHERE ( `fid` = '3' )  [ RunTime:0.000000s ]
SQL: SELECT * FROM `product_classify` WHERE ( `fid` = '54' )  [ RunTime:0.000000s ]
SQL: SELECT COUNT(*) AS tp_count FROM `product` WHERE ( `class3` = 202 ) LIMIT 1   [ RunTime:0.000000s ]
SQL: SELECT COUNT(*) AS tp_count FROM `product` WHERE ( `class3` = 204 ) LIMIT 1   [ RunTime:0.000000s ]
SQL: SELECT COUNT(*) AS tp_count FROM `product` WHERE ( `class3` = 205 ) LIMIT 1   [ RunTime:0.000000s ]
SQL: SELECT COUNT(*) AS tp_count FROM `product` WHERE ( `class3` = 206 ) LIMIT 1   [ RunTime:0.000000s ]
SQL: SELECT COUNT(*) AS tp_count FROM `product` WHERE ( `class3` = 207 ) LIMIT 1   [ RunTime:0.000000s ]
SQL: SELECT * FROM `product_classify` WHERE ( `fid` = '55' )  [ RunTime:0.000000s ]
SQL: SELECT * FROM `product_classify` WHERE ( `fid` = '56' )  [ RunTime:0.000000s ]
SQL: SELECT * FROM `product_classify` WHERE ( `fid` = '57' )  [ RunTime:0.000000s ]
SQL: SELECT * FROM `product_classify` WHERE ( `fid` = '58' )  [ RunTime:0.000000s ]
SQL: SELECT * FROM `product_classify` WHERE ( `fid` = '59' )  [ RunTime:0.000000s ]
SQL: SELECT * FROM `product_classify` WHERE ( `fid` = '60' )  [ RunTime:0.000000s ]
SQL: SELECT * FROM `product_classify` WHERE ( `fid` = '256' )  [ RunTime:0.000000s ]
SQL: SELECT * FROM `product_classify` WHERE ( `fid` = '254' )  [ RunTime:0.000000s ]
SQL: SELECT * FROM `product_classify` WHERE ( `fid` = '255' )  [ RunTime:0.000000s ]
SQL: SELECT * FROM `product_classify` WHERE ( `fid` = '257' )  [ RunTime:0.000000s ]
SQL: SELECT * FROM `product_classify` WHERE ( `fid` = '258' )  [ RunTime:0.000000s ]
SQL: SELECT * FROM `product_classify` WHERE ( `fid` = '259' )  [ RunTime:0.000000s ]
SQL: SELECT * FROM `product_classify` WHERE ( `fid` = '260' )  [ RunTime:0.000000s ]
SQL: SELECT * FROM `product_classify` WHERE ( `fid` = '261' )  [ RunTime:0.000000s ]
SQL: SELECT * FROM `product_classify` WHERE ( `fid` = '262' )  [ RunTime:0.000000s ]
SQL: SELECT * FROM `product_classify` WHERE ( `fid` = '4' )  [ RunTime:0.000000s ]
SQL: SELECT * FROM `product_classify` WHERE ( `fid` = '62' )  [ RunTime:0.000000s ]
SQL: SELECT COUNT(*) AS tp_count FROM `product` WHERE ( `class3` = 208 ) LIMIT 1   [ RunTime:0.000000s ]
SQL: SELECT COUNT(*) AS tp_count FROM `product` WHERE ( `class3` = 209 ) LIMIT 1   [ RunTime:0.000000s ]
SQL: SELECT COUNT(*) AS tp_count FROM `product` WHERE ( `class3` = 210 ) LIMIT 1   [ RunTime:0.000000s ]
SQL: SELECT COUNT(*) AS tp_count FROM `product` WHERE ( `class3` = 211 ) LIMIT 1   [ RunTime:0.000000s ]
SQL: SELECT COUNT(*) AS tp_count FROM `product` WHERE ( `class3` = 212 ) LIMIT 1   [ RunTime:0.000000s ]
SQL: SELECT COUNT(*) AS tp_count FROM `product` WHERE ( `class3` = 213 ) LIMIT 1   [ RunTime:0.000000s ]
SQL: SELECT COUNT(*) AS tp_count FROM `product` WHERE ( `class3` = 214 ) LIMIT 1   [ RunTime:0.000000s ]
SQL: SELECT COUNT(*) AS tp_count FROM `product` WHERE ( `class3` = 215 ) LIMIT 1   [ RunTime:0.000000s ]
SQL: SELECT COUNT(*) AS tp_count FROM `product` WHERE ( `class3` = 216 ) LIMIT 1   [ RunTime:0.000000s ]
SQL: SELECT COUNT(*) AS tp_count FROM `product` WHERE ( `class3` = 217 ) LIMIT 1   [ RunTime:0.000000s ]
SQL: SELECT * FROM `product_classify` WHERE ( `fid` = '63' )  [ RunTime:0.000000s ]
SQL: SELECT * FROM `product_classify` WHERE ( `fid` = '64' )  [ RunTime:0.000000s ]
SQL: SELECT * FROM `product_classify` WHERE ( `fid` = '249' )  [ RunTime:0.000000s ]
SQL: SELECT * FROM `product_classify` WHERE ( `fid` = '66' )  [ RunTime:0.000000s ]
SQL: SELECT * FROM `product_classify` WHERE ( `fid` = '67' )  [ RunTime:0.000000s ]
SQL: SELECT * FROM `product_classify` WHERE ( `fid` = '250' )  [ RunTime:0.000000s ]
SQL: SELECT * FROM `product_classify` WHERE ( `fid` = '251' )  [ RunTime:0.000000s ]
SQL: SELECT * FROM `product_classify` WHERE ( `fid` = '252' )  [ RunTime:0.000000s ]
SQL: SELECT * FROM `product_classify` WHERE ( `fid` = '253' )  [ RunTime:0.000000s ]
SQL: SELECT * FROM `product_classify` WHERE ( `fid` = '5' )  [ RunTime:0.000000s ]
SQL: SELECT * FROM `product_classify` WHERE ( `fid` = '74' )  [ RunTime:0.000000s ]
SQL: SELECT COUNT(*) AS tp_count FROM `product` WHERE ( `class3` = 218 ) LIMIT 1   [ RunTime:0.000000s ]
SQL: SELECT COUNT(*) AS tp_count FROM `product` WHERE ( `class3` = 219 ) LIMIT 1   [ RunTime:0.000000s ]
SQL: SELECT COUNT(*) AS tp_count FROM `product` WHERE ( `class3` = 220 ) LIMIT 1   [ RunTime:0.000000s ]
SQL: SELECT COUNT(*) AS tp_count FROM `product` WHERE ( `class3` = 221 ) LIMIT 1   [ RunTime:0.000000s ]
SQL: SELECT COUNT(*) AS tp_count FROM `product` WHERE ( `class3` = 222 ) LIMIT 1   [ RunTime:0.000000s ]
SQL: SELECT COUNT(*) AS tp_count FROM `product` WHERE ( `class3` = 223 ) LIMIT 1   [ RunTime:0.000000s ]
SQL: SELECT COUNT(*) AS tp_count FROM `product` WHERE ( `class3` = 224 ) LIMIT 1   [ RunTime:0.000000s ]
SQL: SELECT COUNT(*) AS tp_count FROM `product` WHERE ( `class3` = 225 ) LIMIT 1   [ RunTime:0.000000s ]
SQL: SELECT * FROM `product_classify` WHERE ( `fid` = '75' )  [ RunTime:0.000000s ]
SQL: SELECT * FROM `product_classify` WHERE ( `fid` = '76' )  [ RunTime:0.000000s ]
SQL: SELECT * FROM `product_classify` WHERE ( `fid` = '263' )  [ RunTime:0.000000s ]
SQL: SELECT * FROM `product_classify` WHERE ( `fid` = '243' )  [ RunTime:0.000000s ]
SQL: SELECT * FROM `product_classify` WHERE ( `fid` = '244' )  [ RunTime:0.000000s ]
SQL: SELECT * FROM `product_classify` WHERE ( `fid` = '245' )  [ RunTime:0.000000s ]
SQL: SELECT * FROM `product_classify` WHERE ( `fid` = '246' )  [ RunTime:0.000000s ]
SQL: SELECT * FROM `product_classify` WHERE ( `fid` = '247' )  [ RunTime:0.000000s ]
SQL: SELECT * FROM `product_classify` WHERE ( `fid` = '248' )  [ RunTime:0.000000s ]
SQL: SELECT * FROM `product_classify` WHERE ( `fid` = '6' )  [ RunTime:0.000000s ]
SQL: SELECT * FROM `product_classify` WHERE ( `fid` = '68' )  [ RunTime:0.000000s ]
SQL: SELECT COUNT(*) AS tp_count FROM `product` WHERE ( `class3` = 226 ) LIMIT 1   [ RunTime:0.000000s ]
SQL: SELECT COUNT(*) AS tp_count FROM `product` WHERE ( `class3` = 227 ) LIMIT 1   [ RunTime:0.000000s ]
SQL: SELECT COUNT(*) AS tp_count FROM `product` WHERE ( `class3` = 228 ) LIMIT 1   [ RunTime:0.000000s ]
SQL: SELECT COUNT(*) AS tp_count FROM `product` WHERE ( `class3` = 229 ) LIMIT 1   [ RunTime:0.015600s ]
SQL: SELECT COUNT(*) AS tp_count FROM `product` WHERE ( `class3` = 230 ) LIMIT 1   [ RunTime:0.000000s ]
SQL: SELECT COUNT(*) AS tp_count FROM `product` WHERE ( `class3` = 231 ) LIMIT 1   [ RunTime:0.000000s ]
SQL: SELECT COUNT(*) AS tp_count FROM `product` WHERE ( `class3` = 232 ) LIMIT 1   [ RunTime:0.000000s ]
SQL: SELECT COUNT(*) AS tp_count FROM `product` WHERE ( `class3` = 233 ) LIMIT 1   [ RunTime:0.000000s ]
SQL: SELECT COUNT(*) AS tp_count FROM `product` WHERE ( `class3` = 234 ) LIMIT 1   [ RunTime:0.000000s ]
SQL: SELECT COUNT(*) AS tp_count FROM `product` WHERE ( `class3` = 235 ) LIMIT 1   [ RunTime:0.000000s ]
SQL: SELECT COUNT(*) AS tp_count FROM `product` WHERE ( `class3` = 236 ) LIMIT 1   [ RunTime:0.000000s ]
SQL: SELECT COUNT(*) AS tp_count FROM `product` WHERE ( `class3` = 237 ) LIMIT 1   [ RunTime:0.000000s ]
SQL: SELECT * FROM `product_classify` WHERE ( `fid` = '69' )  [ RunTime:0.000000s ]
SQL: SELECT * FROM `product_classify` WHERE ( `fid` = '71' )  [ RunTime:0.000000s ]
SQL: SELECT * FROM `product_classify` WHERE ( `fid` = '72' )  [ RunTime:0.000000s ]
SQL: SELECT COUNT(*) AS tp_count FROM `product` WHERE ( `class3` = 238 ) LIMIT 1   [ RunTime:0.000000s ]
SQL: SELECT COUNT(*) AS tp_count FROM `product` WHERE ( `class3` = 239 ) LIMIT 1   [ RunTime:0.000000s ]
SQL: SELECT COUNT(*) AS tp_count FROM `product` WHERE ( `class3` = 240 ) LIMIT 1   [ RunTime:0.000000s ]
SQL: SELECT COUNT(*) AS tp_count FROM `product` WHERE ( `class3` = 241 ) LIMIT 1   [ RunTime:0.000000s ]
SQL: SELECT COUNT(*) AS tp_count FROM `product` WHERE ( `class3` = 242 ) LIMIT 1   [ RunTime:0.000000s ]
SQL: SELECT * FROM `product_classify` WHERE ( `fid` = '73' )  [ RunTime:0.000000s ]
INFO: [ view_template ] --START--
INFO: Run LocationTemplate Behavior [ RunTime:0.000000s ]
INFO: [ view_template ] --END-- [ RunTime:0.000000s ]
INFO: [ view_parse ] --START--
INFO: Run ParseTemplate Behavior [ RunTime:0.031200s ]
INFO: [ view_parse ] --END-- [ RunTime:0.031200s ]
INFO: [ view_filter ] --START--
INFO: Run ContentReplace Behavior [ RunTime:0.000000s ]
INFO: Run TokenBuild Behavior [ RunTime:0.000000s ]
INFO: Run WriteHtmlCache Behavior [ RunTime:0.000000s ]
INFO: Run ShowRuntime Behavior [ RunTime:0.000000s ]
INFO: [ view_filter ] --END-- [ RunTime:0.000000s ]
INFO: [ view_end ] --START--
INFO: Run ShowPageTrace Behavior [ RunTime:0.000000s ]
INFO: [ view_end ] --END-- [ RunTime:0.000000s ]

[ 2016-08-03T10:12:08+08:00 ] 183.69.195.15 /admin.php/productManagement/productList/
INFO: [ route_check ] --START--
INFO: Run CheckRoute Behavior [ RunTime:0.000000s ]
INFO: [ route_check ] --END-- [ RunTime:0.000000s ]
INFO: [ app_begin ] --START--
INFO: Run ReadHtmlCache Behavior [ RunTime:0.000000s ]
INFO: [ app_begin ] --END-- [ RunTime:0.000000s ]
SQL: SHOW COLUMNS FROM `system` [ RunTime:0.000000s ]
SQL: SELECT `atuo_time` FROM `system` LIMIT 1   [ RunTime:0.000000s ]
SQL: SHOW COLUMNS FROM `record` [ RunTime:0.000000s ]
SQL: INSERT INTO `record` (`time`,`remark`) VALUES (1470190327,'网站正常访问操作') [ RunTime:0.000000s ]
SQL: SHOW COLUMNS FROM `product_classify` [ RunTime:0.000000s ]
SQL: SELECT * FROM `product_classify` WHERE ( `fid` = '' )  [ RunTime:0.000000s ]
SQL: SELECT * FROM `product_classify` WHERE ( `fid` = '1' )  [ RunTime:0.000000s ]
SQL: SELECT * FROM `product_classify` WHERE ( `fid` = '22' )  [ RunTime:0.000000s ]
SQL: SELECT * FROM `product_classify` WHERE ( `fid` = '21' )  [ RunTime:0.000000s ]
SQL: SELECT * FROM `product_classify` WHERE ( `fid` = '42' )  [ RunTime:0.000000s ]
SQL: SELECT * FROM `product_classify` WHERE ( `fid` = '43' )  [ RunTime:0.000000s ]
SQL: SELECT * FROM `product_classify` WHERE ( `fid` = '78' )  [ RunTime:0.000000s ]
SQL: SELECT * FROM `product_classify` WHERE ( `fid` = '79' )  [ RunTime:0.000000s ]
SQL: SELECT * FROM `product_classify` WHERE ( `fid` = '80' )  [ RunTime:0.000000s ]
SQL: SELECT * FROM `product_classify` WHERE ( `fid` = '81' )  [ RunTime:0.000000s ]
SQL: SELECT * FROM `product_classify` WHERE ( `fid` = '83' )  [ RunTime:0.000000s ]
SQL: SELECT * FROM `product_classify` WHERE ( `fid` = '84' )  [ RunTime:0.000000s ]
SQL: SELECT * FROM `product_classify` WHERE ( `fid` = '85' )  [ RunTime:0.000000s ]
SQL: SELECT * FROM `product_classify` WHERE ( `fid` = '86' )  [ RunTime:0.000000s ]
SQL: SELECT * FROM `product_classify` WHERE ( `fid` = '87' )  [ RunTime:0.000000s ]
SQL: SELECT * FROM `product_classify` WHERE ( `fid` = '88' )  [ RunTime:0.000000s ]
SQL: SELECT * FROM `product_classify` WHERE ( `fid` = '2' )  [ RunTime:0.000000s ]
SQL: SELECT * FROM `product_classify` WHERE ( `fid` = '28' )  [ RunTime:0.000000s ]
SQL: SELECT * FROM `product_classify` WHERE ( `fid` = '27' )  [ RunTime:0.000000s ]
SQL: SELECT * FROM `product_classify` WHERE ( `fid` = '26' )  [ RunTime:0.000000s ]
SQL: SELECT * FROM `product_classify` WHERE ( `fid` = '44' )  [ RunTime:0.000000s ]
SQL: SELECT * FROM `product_classify` WHERE ( `fid` = '45' )  [ RunTime:0.000000s ]
SQL: SELECT * FROM `product_classify` WHERE ( `fid` = '46' )  [ RunTime:0.000000s ]
SQL: SELECT * FROM `product_classify` WHERE ( `fid` = '47' )  [ RunTime:0.000000s ]
SQL: SELECT * FROM `product_classify` WHERE ( `fid` = '48' )  [ RunTime:0.000000s ]
SQL: SELECT * FROM `product_classify` WHERE ( `fid` = '49' )  [ RunTime:0.000000s ]
SQL: SELECT * FROM `product_classify` WHERE ( `fid` = '50' )  [ RunTime:0.000000s ]
SQL: SELECT * FROM `product_classify` WHERE ( `fid` = '51' )  [ RunTime:0.000000s ]
SQL: SELECT * FROM `product_classify` WHERE ( `fid` = '52' )  [ RunTime:0.000000s ]
SQL: SELECT * FROM `product_classify` WHERE ( `fid` = '3' )  [ RunTime:0.000000s ]
SQL: SELECT * FROM `product_classify` WHERE ( `fid` = '54' )  [ RunTime:0.000000s ]
SQL: SELECT * FROM `product_classify` WHERE ( `fid` = '55' )  [ RunTime:0.000000s ]
SQL: SELECT * FROM `product_classify` WHERE ( `fid` = '56' )  [ RunTime:0.000000s ]
SQL: SELECT * FROM `product_classify` WHERE ( `fid` = '57' )  [ RunTime:0.000000s ]
SQL: SELECT * FROM `product_classify` WHERE ( `fid` = '58' )  [ RunTime:0.000000s ]
SQL: SELECT * FROM `product_classify` WHERE ( `fid` = '59' )  [ RunTime:0.000000s ]
SQL: SELECT * FROM `product_classify` WHERE ( `fid` = '60' )  [ RunTime:0.000000s ]
SQL: SELECT * FROM `product_classify` WHERE ( `fid` = '256' )  [ RunTime:0.000000s ]
SQL: SELECT * FROM `product_classify` WHERE ( `fid` = '254' )  [ RunTime:0.000000s ]
SQL: SELECT * FROM `product_classify` WHERE ( `fid` = '255' )  [ RunTime:0.000000s ]
SQL: SELECT * FROM `product_classify` WHERE ( `fid` = '257' )  [ RunTime:0.000000s ]
SQL: SELECT * FROM `product_classify` WHERE ( `fid` = '258' )  [ RunTime:0.000000s ]
SQL: SELECT * FROM `product_classify` WHERE ( `fid` = '259' )  [ RunTime:0.000000s ]
SQL: SELECT * FROM `product_classify` WHERE ( `fid` = '260' )  [ RunTime:0.000000s ]
SQL: SELECT * FROM `product_classify` WHERE ( `fid` = '261' )  [ RunTime:0.000000s ]
SQL: SELECT * FROM `product_classify` WHERE ( `fid` = '262' )  [ RunTime:0.000000s ]
SQL: SELECT * FROM `product_classify` WHERE ( `fid` = '4' )  [ RunTime:0.000000s ]
SQL: SELECT * FROM `product_classify` WHERE ( `fid` = '62' )  [ RunTime:0.000000s ]
SQL: SELECT * FROM `product_classify` WHERE ( `fid` = '63' )  [ RunTime:0.000000s ]
SQL: SELECT * FROM `product_classify` WHERE ( `fid` = '64' )  [ RunTime:0.000000s ]
SQL: SELECT * FROM `product_classify` WHERE ( `fid` = '249' )  [ RunTime:0.000000s ]
SQL: SELECT * FROM `product_classify` WHERE ( `fid` = '66' )  [ RunTime:0.000000s ]
SQL: SELECT * FROM `product_classify` WHERE ( `fid` = '67' )  [ RunTime:0.000000s ]
SQL: SELECT * FROM `product_classify` WHERE ( `fid` = '250' )  [ RunTime:0.000000s ]
SQL: SELECT * FROM `product_classify` WHERE ( `fid` = '251' )  [ RunTime:0.000000s ]
SQL: SELECT * FROM `product_classify` WHERE ( `fid` = '252' )  [ RunTime:0.000000s ]
SQL: SELECT * FROM `product_classify` WHERE ( `fid` = '253' )  [ RunTime:0.000000s ]
SQL: SELECT * FROM `product_classify` WHERE ( `fid` = '5' )  [ RunTime:0.000000s ]
SQL: SELECT * FROM `product_classify` WHERE ( `fid` = '74' )  [ RunTime:0.000000s ]
SQL: SELECT * FROM `product_classify` WHERE ( `fid` = '75' )  [ RunTime:0.000000s ]
SQL: SELECT * FROM `product_classify` WHERE ( `fid` = '76' )  [ RunTime:0.000000s ]
SQL: SELECT * FROM `product_classify` WHERE ( `fid` = '263' )  [ RunTime:0.000000s ]
SQL: SELECT * FROM `product_classify` WHERE ( `fid` = '243' )  [ RunTime:0.000000s ]
SQL: SELECT * FROM `product_classify` WHERE ( `fid` = '244' )  [ RunTime:0.000000s ]
SQL: SELECT * FROM `product_classify` WHERE ( `fid` = '245' )  [ RunTime:0.000000s ]
SQL: SELECT * FROM `product_classify` WHERE ( `fid` = '246' )  [ RunTime:0.000000s ]
SQL: SELECT * FROM `product_classify` WHERE ( `fid` = '247' )  [ RunTime:0.000000s ]
SQL: SELECT * FROM `product_classify` WHERE ( `fid` = '248' )  [ RunTime:0.000000s ]
SQL: SELECT * FROM `product_classify` WHERE ( `fid` = '6' )  [ RunTime:0.000000s ]
SQL: SELECT * FROM `product_classify` WHERE ( `fid` = '68' )  [ RunTime:0.000000s ]
SQL: SELECT * FROM `product_classify` WHERE ( `fid` = '69' )  [ RunTime:0.000000s ]
SQL: SELECT * FROM `product_classify` WHERE ( `fid` = '71' )  [ RunTime:0.000000s ]
SQL: SELECT * FROM `product_classify` WHERE ( `fid` = '72' )  [ RunTime:0.000000s ]
SQL: SELECT * FROM `product_classify` WHERE ( `fid` = '73' )  [ RunTime:0.000000s ]
NOTIC: [8] Undefined index: stock D:\wwwroot\pc_dtyd\admin\Lib\Action\productManagementAction.class.php 第 185 行.
NOTIC: [8] Undefined index: class D:\wwwroot\pc_dtyd\admin\Lib\Action\productManagementAction.class.php 第 192 行.
NOTIC: [8] Undefined index: keyword D:\wwwroot\pc_dtyd\admin\Lib\Action\productManagementAction.class.php 第 195 行.
NOTIC: [8] Undefined index: frame D:\wwwroot\pc_dtyd\admin\Lib\Action\productManagementAction.class.php 第 216 行.
SQL: SHOW COLUMNS FROM `product` [ RunTime:0.000000s ]
SQL: SELECT DISTINCT  COUNT(*) AS tp_count FROM `product` LIMIT 1   [ RunTime:0.000000s ]
SQL: SELECT DISTINCT  * FROM `product` LIMIT 0,25   [ RunTime:0.000000s ]
SQL: SHOW COLUMNS FROM `product_img` [ RunTime:0.000000s ]
SQL: SELECT * FROM `product_img` WHERE ( `product_id` = 2 ) LIMIT 1   [ RunTime:0.000000s ]
SQL: SELECT * FROM `product_img` WHERE ( `product_id` = 79565 ) LIMIT 1   [ RunTime:0.000000s ]
SQL: SELECT * FROM `product_img` WHERE ( `product_id` = 14 ) LIMIT 1   [ RunTime:0.000000s ]
SQL: SELECT * FROM `product_img` WHERE ( `product_id` = 157 ) LIMIT 1   [ RunTime:0.000000s ]
SQL: SELECT * FROM `product_img` WHERE ( `product_id` = 158 ) LIMIT 1   [ RunTime:0.000000s ]
SQL: SELECT * FROM `product_img` WHERE ( `product_id` = 20 ) LIMIT 1   [ RunTime:0.000000s ]
SQL: SELECT * FROM `product_img` WHERE ( `product_id` = 144 ) LIMIT 1   [ RunTime:0.000000s ]
SQL: SELECT * FROM `product_img` WHERE ( `product_id` = 145 ) LIMIT 1   [ RunTime:0.000000s ]
SQL: SELECT * FROM `product_img` WHERE ( `product_id` = 146 ) LIMIT 1   [ RunTime:0.000000s ]
SQL: SELECT * FROM `product_img` WHERE ( `product_id` = 147 ) LIMIT 1   [ RunTime:0.000000s ]
SQL: SELECT * FROM `product_img` WHERE ( `product_id` = 148 ) LIMIT 1   [ RunTime:0.000000s ]
SQL: SELECT * FROM `product_img` WHERE ( `product_id` = 149 ) LIMIT 1   [ RunTime:0.000000s ]
SQL: SELECT * FROM `product_img` WHERE ( `product_id` = 150 ) LIMIT 1   [ RunTime:0.000000s ]
SQL: SELECT * FROM `product_img` WHERE ( `product_id` = 151 ) LIMIT 1   [ RunTime:0.000000s ]
SQL: SELECT * FROM `product_img` WHERE ( `product_id` = 152 ) LIMIT 1   [ RunTime:0.000000s ]
SQL: SELECT * FROM `product_img` WHERE ( `product_id` = 153 ) LIMIT 1   [ RunTime:0.000000s ]
SQL: SELECT * FROM `product_img` WHERE ( `product_id` = 154 ) LIMIT 1   [ RunTime:0.000000s ]
SQL: SELECT * FROM `product_img` WHERE ( `product_id` = 155 ) LIMIT 1   [ RunTime:0.000000s ]
SQL: SELECT * FROM `product_img` WHERE ( `product_id` = 156 ) LIMIT 1   [ RunTime:0.000000s ]
SQL: SELECT * FROM `product_img` WHERE ( `product_id` = 112 ) LIMIT 1   [ RunTime:0.000000s ]
SQL: SELECT * FROM `product_img` WHERE ( `product_id` = 108 ) LIMIT 1   [ RunTime:0.000000s ]
SQL: SELECT * FROM `product_img` WHERE ( `product_id` = 26 ) LIMIT 1   [ RunTime:0.000000s ]
SQL: SELECT * FROM `product_img` WHERE ( `product_id` = 134 ) LIMIT 1   [ RunTime:0.000000s ]
SQL: SELECT * FROM `product_img` WHERE ( `product_id` = 135 ) LIMIT 1   [ RunTime:0.000000s ]
SQL: SELECT * FROM `product_img` WHERE ( `product_id` = 136 ) LIMIT 1   [ RunTime:0.000000s ]
SQL: SHOW COLUMNS FROM `product_attribute_list` [ RunTime:0.000000s ]
SQL: SELECT `value` FROM `product_attribute_list` WHERE ( `product_id` = 2 ) AND ( `attribute_id` = 1 ) LIMIT 1   [ RunTime:0.000000s ]
SQL: SELECT `value` FROM `product_attribute_list` WHERE ( `product_id` = 2 ) AND ( `attribute_id` = 2 ) LIMIT 1   [ RunTime:0.000000s ]
SQL: SELECT `value` FROM `product_attribute_list` WHERE ( `product_id` = 2 ) AND ( `attribute_id` = 4 ) LIMIT 1   [ RunTime:0.000000s ]
SQL: SELECT `value` FROM `product_attribute_list` WHERE ( `product_id` = 79565 ) AND ( `attribute_id` = 1 ) LIMIT 1   [ RunTime:0.000000s ]
SQL: SELECT `value` FROM `product_attribute_list` WHERE ( `product_id` = 79565 ) AND ( `attribute_id` = 2 ) LIMIT 1   [ RunTime:0.000000s ]
SQL: SELECT `value` FROM `product_attribute_list` WHERE ( `product_id` = 79565 ) AND ( `attribute_id` = 4 ) LIMIT 1   [ RunTime:0.000000s ]
SQL: SELECT `value` FROM `product_attribute_list` WHERE ( `product_id` = 14 ) AND ( `attribute_id` = 1 ) LIMIT 1   [ RunTime:0.000000s ]
SQL: SELECT `value` FROM `product_attribute_list` WHERE ( `product_id` = 14 ) AND ( `attribute_id` = 2 ) LIMIT 1   [ RunTime:0.000000s ]
SQL: SELECT `value` FROM `product_attribute_list` WHERE ( `product_id` = 14 ) AND ( `attribute_id` = 4 ) LIMIT 1   [ RunTime:0.000000s ]
SQL: SELECT `value` FROM `product_attribute_list` WHERE ( `product_id` = 157 ) AND ( `attribute_id` = 1 ) LIMIT 1   [ RunTime:0.000000s ]
SQL: SELECT `value` FROM `product_attribute_list` WHERE ( `product_id` = 157 ) AND ( `attribute_id` = 2 ) LIMIT 1   [ RunTime:0.000000s ]
SQL: SELECT `value` FROM `product_attribute_list` WHERE ( `product_id` = 157 ) AND ( `attribute_id` = 4 ) LIMIT 1   [ RunTime:0.000000s ]
SQL: SELECT `value` FROM `product_attribute_list` WHERE ( `product_id` = 158 ) AND ( `attribute_id` = 1 ) LIMIT 1   [ RunTime:0.000000s ]
SQL: SELECT `value` FROM `product_attribute_list` WHERE ( `product_id` = 158 ) AND ( `attribute_id` = 2 ) LIMIT 1   [ RunTime:0.000000s ]
SQL: SELECT `value` FROM `product_attribute_list` WHERE ( `product_id` = 158 ) AND ( `attribute_id` = 4 ) LIMIT 1   [ RunTime:0.000000s ]
SQL: SELECT `value` FROM `product_attribute_list` WHERE ( `product_id` = 20 ) AND ( `attribute_id` = 1 ) LIMIT 1   [ RunTime:0.000000s ]
SQL: SELECT `value` FROM `product_attribute_list` WHERE ( `product_id` = 20 ) AND ( `attribute_id` = 2 ) LIMIT 1   [ RunTime:0.000000s ]
SQL: SELECT `value` FROM `product_attribute_list` WHERE ( `product_id` = 20 ) AND ( `attribute_id` = 4 ) LIMIT 1   [ RunTime:0.000000s ]
SQL: SELECT `value` FROM `product_attribute_list` WHERE ( `product_id` = 144 ) AND ( `attribute_id` = 1 ) LIMIT 1   [ RunTime:0.000000s ]
SQL: SELECT `value` FROM `product_attribute_list` WHERE ( `product_id` = 144 ) AND ( `attribute_id` = 2 ) LIMIT 1   [ RunTime:0.000000s ]
SQL: SELECT `value` FROM `product_attribute_list` WHERE ( `product_id` = 144 ) AND ( `attribute_id` = 4 ) LIMIT 1   [ RunTime:0.000000s ]
SQL: SELECT `value` FROM `product_attribute_list` WHERE ( `product_id` = 145 ) AND ( `attribute_id` = 1 ) LIMIT 1   [ RunTime:0.000000s ]
SQL: SELECT `value` FROM `product_attribute_list` WHERE ( `product_id` = 145 ) AND ( `attribute_id` = 2 ) LIMIT 1   [ RunTime:0.015600s ]
SQL: SELECT `value` FROM `product_attribute_list` WHERE ( `product_id` = 145 ) AND ( `attribute_id` = 4 ) LIMIT 1   [ RunTime:0.000000s ]
SQL: SELECT `value` FROM `product_attribute_list` WHERE ( `product_id` = 146 ) AND ( `attribute_id` = 1 ) LIMIT 1   [ RunTime:0.000000s ]
SQL: SELECT `value` FROM `product_attribute_list` WHERE ( `product_id` = 146 ) AND ( `attribute_id` = 2 ) LIMIT 1   [ RunTime:0.000000s ]
SQL: SELECT `value` FROM `product_attribute_list` WHERE ( `product_id` = 146 ) AND ( `attribute_id` = 4 ) LIMIT 1   [ RunTime:0.000000s ]
SQL: SELECT `value` FROM `product_attribute_list` WHERE ( `product_id` = 147 ) AND ( `attribute_id` = 1 ) LIMIT 1   [ RunTime:0.000000s ]
SQL: SELECT `value` FROM `product_attribute_list` WHERE ( `product_id` = 147 ) AND ( `attribute_id` = 2 ) LIMIT 1   [ RunTime:0.000000s ]
SQL: SELECT `value` FROM `product_attribute_list` WHERE ( `product_id` = 147 ) AND ( `attribute_id` = 4 ) LIMIT 1   [ RunTime:0.000000s ]
SQL: SELECT `value` FROM `product_attribute_list` WHERE ( `product_id` = 148 ) AND ( `attribute_id` = 1 ) LIMIT 1   [ RunTime:0.000000s ]
SQL: SELECT `value` FROM `product_attribute_list` WHERE ( `product_id` = 148 ) AND ( `attribute_id` = 2 ) LIMIT 1   [ RunTime:0.000000s ]
SQL: SELECT `value` FROM `product_attribute_list` WHERE ( `product_id` = 148 ) AND ( `attribute_id` = 4 ) LIMIT 1   [ RunTime:0.000000s ]
SQL: SELECT `value` FROM `product_attribute_list` WHERE ( `product_id` = 149 ) AND ( `attribute_id` = 1 ) LIMIT 1   [ RunTime:0.000000s ]
SQL: SELECT `value` FROM `product_attribute_list` WHERE ( `product_id` = 149 ) AND ( `attribute_id` = 2 ) LIMIT 1   [ RunTime:0.000000s ]
SQL: SELECT `value` FROM `product_attribute_list` WHERE ( `product_id` = 149 ) AND ( `attribute_id` = 4 ) LIMIT 1   [ RunTime:0.000000s ]
SQL: SELECT `value` FROM `product_attribute_list` WHERE ( `product_id` = 150 ) AND ( `attribute_id` = 1 ) LIMIT 1   [ RunTime:0.000000s ]
SQL: SELECT `value` FROM `product_attribute_list` WHERE ( `product_id` = 150 ) AND ( `attribute_id` = 2 ) LIMIT 1   [ RunTime:0.000000s ]
SQL: SELECT `value` FROM `product_attribute_list` WHERE ( `product_id` = 150 ) AND ( `attribute_id` = 4 ) LIMIT 1   [ RunTime:0.000000s ]
SQL: SELECT `value` FROM `product_attribute_list` WHERE ( `product_id` = 151 ) AND ( `attribute_id` = 1 ) LIMIT 1   [ RunTime:0.000000s ]
SQL: SELECT `value` FROM `product_attribute_list` WHERE ( `product_id` = 151 ) AND ( `attribute_id` = 2 ) LIMIT 1   [ RunTime:0.000000s ]
SQL: SELECT `value` FROM `product_attribute_list` WHERE ( `product_id` = 151 ) AND ( `attribute_id` = 4 ) LIMIT 1   [ RunTime:0.000000s ]
SQL: SELECT `value` FROM `product_attribute_list` WHERE ( `product_id` = 152 ) AND ( `attribute_id` = 1 ) LIMIT 1   [ RunTime:0.000000s ]
SQL: SELECT `value` FROM `product_attribute_list` WHERE ( `product_id` = 152 ) AND ( `attribute_id` = 2 ) LIMIT 1   [ RunTime:0.000000s ]
SQL: SELECT `value` FROM `product_attribute_list` WHERE ( `product_id` = 152 ) AND ( `attribute_id` = 4 ) LIMIT 1   [ RunTime:0.000000s ]
SQL: SELECT `value` FROM `product_attribute_list` WHERE ( `product_id` = 153 ) AND ( `attribute_id` = 1 ) LIMIT 1   [ RunTime:0.000000s ]
SQL: SELECT `value` FROM `product_attribute_list` WHERE ( `product_id` = 153 ) AND ( `attribute_id` = 2 ) LIMIT 1   [ RunTime:0.000000s ]
SQL: SELECT `value` FROM `product_attribute_list` WHERE ( `product_id` = 153 ) AND ( `attribute_id` = 4 ) LIMIT 1   [ RunTime:0.000000s ]
SQL: SELECT `value` FROM `product_attribute_list` WHERE ( `product_id` = 154 ) AND ( `attribute_id` = 1 ) LIMIT 1   [ RunTime:0.000000s ]
SQL: SELECT `value` FROM `product_attribute_list` WHERE ( `product_id` = 154 ) AND ( `attribute_id` = 2 ) LIMIT 1   [ RunTime:0.000000s ]
SQL: SELECT `value` FROM `product_attribute_list` WHERE ( `product_id` = 154 ) AND ( `attribute_id` = 4 ) LIMIT 1   [ RunTime:0.000000s ]
SQL: SELECT `value` FROM `product_attribute_list` WHERE ( `product_id` = 155 ) AND ( `attribute_id` = 1 ) LIMIT 1   [ RunTime:0.000000s ]
SQL: SELECT `value` FROM `product_attribute_list` WHERE ( `product_id` = 155 ) AND ( `attribute_id` = 2 ) LIMIT 1   [ RunTime:0.000000s ]
SQL: SELECT `value` FROM `product_attribute_list` WHERE ( `product_id` = 155 ) AND ( `attribute_id` = 4 ) LIMIT 1   [ RunTime:0.000000s ]
SQL: SELECT `value` FROM `product_attribute_list` WHERE ( `product_id` = 156 ) AND ( `attribute_id` = 1 ) LIMIT 1   [ RunTime:0.000000s ]
SQL: SELECT `value` FROM `product_attribute_list` WHERE ( `product_id` = 156 ) AND ( `attribute_id` = 2 ) LIMIT 1   [ RunTime:0.000000s ]
SQL: SELECT `value` FROM `product_attribute_list` WHERE ( `product_id` = 156 ) AND ( `attribute_id` = 4 ) LIMIT 1   [ RunTime:0.000000s ]
SQL: SELECT `value` FROM `product_attribute_list` WHERE ( `product_id` = 112 ) AND ( `attribute_id` = 1 ) LIMIT 1   [ RunTime:0.000000s ]
SQL: SELECT `value` FROM `product_attribute_list` WHERE ( `product_id` = 112 ) AND ( `attribute_id` = 2 ) LIMIT 1   [ RunTime:0.000000s ]
SQL: SELECT `value` FROM `product_attribute_list` WHERE ( `product_id` = 112 ) AND ( `attribute_id` = 4 ) LIMIT 1   [ RunTime:0.000000s ]
SQL: SELECT `value` FROM `product_attribute_list` WHERE ( `product_id` = 108 ) AND ( `attribute_id` = 1 ) LIMIT 1   [ RunTime:0.000000s ]
SQL: SELECT `value` FROM `product_attribute_list` WHERE ( `product_id` = 108 ) AND ( `attribute_id` = 2 ) LIMIT 1   [ RunTime:0.000000s ]
SQL: SELECT `value` FROM `product_attribute_list` WHERE ( `product_id` = 108 ) AND ( `attribute_id` = 4 ) LIMIT 1   [ RunTime:0.000000s ]
SQL: SELECT `value` FROM `product_attribute_list` WHERE ( `product_id` = 26 ) AND ( `attribute_id` = 1 ) LIMIT 1   [ RunTime:0.000000s ]
SQL: SELECT `value` FROM `product_attribute_list` WHERE ( `product_id` = 26 ) AND ( `attribute_id` = 2 ) LIMIT 1   [ RunTime:0.000000s ]
SQL: SELECT `value` FROM `product_attribute_list` WHERE ( `product_id` = 26 ) AND ( `attribute_id` = 4 ) LIMIT 1   [ RunTime:0.000000s ]
SQL: SELECT `value` FROM `product_attribute_list` WHERE ( `product_id` = 134 ) AND ( `attribute_id` = 1 ) LIMIT 1   [ RunTime:0.000000s ]
SQL: SELECT `value` FROM `product_attribute_list` WHERE ( `product_id` = 134 ) AND ( `attribute_id` = 2 ) LIMIT 1   [ RunTime:0.000000s ]
SQL: SELECT `value` FROM `product_attribute_list` WHERE ( `product_id` = 134 ) AND ( `attribute_id` = 4 ) LIMIT 1   [ RunTime:0.000000s ]
SQL: SELECT `value` FROM `product_attribute_list` WHERE ( `product_id` = 135 ) AND ( `attribute_id` = 1 ) LIMIT 1   [ RunTime:0.000000s ]
SQL: SELECT `value` FROM `product_attribute_list` WHERE ( `product_id` = 135 ) AND ( `attribute_id` = 2 ) LIMIT 1   [ RunTime:0.000000s ]
SQL: SELECT `value` FROM `product_attribute_list` WHERE ( `product_id` = 135 ) AND ( `attribute_id` = 4 ) LIMIT 1   [ RunTime:0.000000s ]
SQL: SELECT `value` FROM `product_attribute_list` WHERE ( `product_id` = 136 ) AND ( `attribute_id` = 1 ) LIMIT 1   [ RunTime:0.000000s ]
SQL: SELECT `value` FROM `product_attribute_list` WHERE ( `product_id` = 136 ) AND ( `attribute_id` = 2 ) LIMIT 1   [ RunTime:0.000000s ]
SQL: SELECT `value` FROM `product_attribute_list` WHERE ( `product_id` = 136 ) AND ( `attribute_id` = 4 ) LIMIT 1   [ RunTime:0.000000s ]
INFO: [ view_template ] --START--
INFO: Run LocationTemplate Behavior [ RunTime:0.000000s ]
INFO: [ view_template ] --END-- [ RunTime:0.000000s ]
INFO: [ view_parse ] --START--
NOTIC: [8] Undefined index: class D:\wwwroot\pc_dtyd\admin\Runtime\Cache\0542c7ad31f045b7d0d16659eb4ee50e.php 第 48 行.
NOTIC: [8] Undefined index: frame D:\wwwroot\pc_dtyd\admin\Runtime\Cache\0542c7ad31f045b7d0d16659eb4ee50e.php 第 49 行.
NOTIC: [8] Undefined index: keyword D:\wwwroot\pc_dtyd\admin\Runtime\Cache\0542c7ad31f045b7d0d16659eb4ee50e.php 第 50 行.
INFO: Run ParseTemplate Behavior [ RunTime:0.015600s ]
INFO: [ view_parse ] --END-- [ RunTime:0.015600s ]
INFO: [ view_filter ] --START--
INFO: Run ContentReplace Behavior [ RunTime:0.000000s ]
INFO: Run TokenBuild Behavior [ RunTime:0.000000s ]
INFO: Run WriteHtmlCache Behavior [ RunTime:0.000000s ]
INFO: Run ShowRuntime Behavior [ RunTime:0.000000s ]
INFO: [ view_filter ] --END-- [ RunTime:0.000000s ]
INFO: [ view_end ] --START--
INFO: Run ShowPageTrace Behavior [ RunTime:0.000000s ]
INFO: [ view_end ] --END-- [ RunTime:0.000000s ]

