[ 2016-07-22T10:38:40+08:00 ] 183.6.132.67 /admin.php/login/login
INFO: [ route_check ] --START--
INFO: Run CheckRoute Behavior [ RunTime:0.015600s ]
INFO: [ route_check ] --END-- [ RunTime:0.015600s ]
INFO: [ app_begin ] --START--
INFO: Run ReadHtmlCache Behavior [ RunTime:0.015600s ]
INFO: [ app_begin ] --END-- [ RunTime:0.015600s ]
INFO: [ view_template ] --START--
INFO: Run LocationTemplate Behavior [ RunTime:0.031200s ]
INFO: [ view_template ] --END-- [ RunTime:0.031200s ]
INFO: [ view_parse ] --START--
INFO: Run ParseTemplate Behavior [ RunTime:0.093600s ]
INFO: [ view_parse ] --END-- [ RunTime:0.093600s ]
INFO: [ view_filter ] --START--
INFO: Run ContentReplace Behavior [ RunTime:0.000000s ]
INFO: Run TokenBuild Behavior [ RunTime:0.015600s ]
INFO: Run WriteHtmlCache Behavior [ RunTime:0.000000s ]
INFO: Run ShowRuntime Behavior [ RunTime:0.015600s ]
INFO: [ view_filter ] --END-- [ RunTime:0.031200s ]
INFO: [ view_end ] --START--
INFO: Run ShowPageTrace Behavior [ RunTime:0.000000s ]
INFO: [ view_end ] --END-- [ RunTime:0.000000s ]

[ 2016-07-22T10:38:40+08:00 ] 183.6.132.67 /admin.php/login/verify
INFO: [ route_check ] --START--
INFO: Run CheckRoute Behavior [ RunTime:0.000000s ]
INFO: [ route_check ] --END-- [ RunTime:0.000000s ]
INFO: [ app_begin ] --START--
INFO: Run ReadHtmlCache Behavior [ RunTime:0.000000s ]
INFO: [ app_begin ] --END-- [ RunTime:0.000000s ]

[ 2016-07-22T10:38:53+08:00 ] 183.6.132.67 /admin.php/login/verify?0.3829139182344079
INFO: [ route_check ] --START--
INFO: Run CheckRoute Behavior [ RunTime:0.000000s ]
INFO: [ route_check ] --END-- [ RunTime:0.000000s ]
INFO: [ app_begin ] --START--
INFO: Run ReadHtmlCache Behavior [ RunTime:0.000000s ]
INFO: [ app_begin ] --END-- [ RunTime:0.000000s ]

[ 2016-07-22T10:38:58+08:00 ] 183.6.132.67 /admin.php/login/loginFunAjaxName
INFO: [ route_check ] --START--
INFO: Run CheckRoute Behavior [ RunTime:0.000000s ]
INFO: [ route_check ] --END-- [ RunTime:0.000000s ]
INFO: [ app_begin ] --START--
INFO: Run ReadHtmlCache Behavior [ RunTime:0.015600s ]
INFO: [ app_begin ] --END-- [ RunTime:0.015600s ]
SQL: SHOW COLUMNS FROM `admin_user` [ RunTime:0.140400s ]
SQL: SELECT COUNT(*) AS tp_count FROM `admin_user` WHERE ( name ='root' ) LIMIT 1   [ RunTime:0.000000s ]

[ 2016-07-22T10:38:58+08:00 ] 183.6.132.67 /admin.php/login/loginFunAjaxPassword
INFO: [ route_check ] --START--
INFO: Run CheckRoute Behavior [ RunTime:0.000000s ]
INFO: [ route_check ] --END-- [ RunTime:0.000000s ]
INFO: [ app_begin ] --START--
INFO: Run ReadHtmlCache Behavior [ RunTime:0.000000s ]
INFO: [ app_begin ] --END-- [ RunTime:0.000000s ]
SQL: SHOW COLUMNS FROM `admin_user` [ RunTime:0.000000s ]
SQL: SELECT COUNT(*) AS tp_count FROM `admin_user` WHERE ( `password` = 'd9b1d7db4cd6e70935368a1efb10e377' ) AND ( `name` = 'root' ) LIMIT 1   [ RunTime:0.000000s ]

[ 2016-07-22T10:38:58+08:00 ] 183.6.132.67 /admin.php/login/loginFunAjaxCode
INFO: [ route_check ] --START--
INFO: Run CheckRoute Behavior [ RunTime:0.000000s ]
INFO: [ route_check ] --END-- [ RunTime:0.000000s ]
INFO: [ app_begin ] --START--
INFO: Run ReadHtmlCache Behavior [ RunTime:0.000000s ]
INFO: [ app_begin ] --END-- [ RunTime:0.000000s ]

[ 2016-07-22T10:38:58+08:00 ] 183.6.132.67 /admin.php/login/loginFundo
INFO: [ route_check ] --START--
INFO: Run CheckRoute Behavior [ RunTime:0.015600s ]
INFO: [ route_check ] --END-- [ RunTime:0.015600s ]
INFO: [ app_begin ] --START--
INFO: Run ReadHtmlCache Behavior [ RunTime:0.000000s ]
INFO: [ app_begin ] --END-- [ RunTime:0.000000s ]
SQL: SHOW COLUMNS FROM `admin_user` [ RunTime:0.000000s ]
SQL: SELECT COUNT(*) AS tp_count FROM `admin_user` WHERE ( `password` = 'd9b1d7db4cd6e70935368a1efb10e377' ) AND ( `name` = 'root' ) LIMIT 1   [ RunTime:0.000000s ]
NOTIC: [8] Undefined index: sessionName D:\wwwroot\pc_dtyd\admin\Lib\Action\loginAction.class.php 第 63 行.
SQL: UPDATE `admin_user` SET `loginTime`=1469155138 WHERE ( `name` = 'root' ) [ RunTime:0.000000s ]
SQL: SHOW COLUMNS FROM `record` [ RunTime:0.031201s ]
SQL: INSERT INTO `record` (`time`,`remark`) VALUES (1469155138,'用户登录') [ RunTime:0.031200s ]
INFO: [ view_template ] --START--
INFO: Run LocationTemplate Behavior [ RunTime:0.000000s ]
INFO: [ view_template ] --END-- [ RunTime:0.000000s ]
INFO: [ view_parse ] --START--
INFO: Run ParseTemplate Behavior [ RunTime:0.078000s ]
INFO: [ view_parse ] --END-- [ RunTime:0.078000s ]
INFO: [ view_filter ] --START--
INFO: Run ContentReplace Behavior [ RunTime:0.000000s ]
INFO: Run TokenBuild Behavior [ RunTime:0.000000s ]
INFO: Run WriteHtmlCache Behavior [ RunTime:0.000000s ]
INFO: Run ShowRuntime Behavior [ RunTime:0.000000s ]
INFO: [ view_filter ] --END-- [ RunTime:0.000000s ]
INFO: [ view_end ] --START--
INFO: Run ShowPageTrace Behavior [ RunTime:0.000000s ]
INFO: [ view_end ] --END-- [ RunTime:0.000000s ]

[ 2016-07-22T10:39:01+08:00 ] 183.6.132.67 /admin.php/Index/index
INFO: [ route_check ] --START--
INFO: Run CheckRoute Behavior [ RunTime:0.000000s ]
INFO: [ route_check ] --END-- [ RunTime:0.000000s ]
INFO: [ app_begin ] --START--
INFO: Run ReadHtmlCache Behavior [ RunTime:0.000000s ]
INFO: [ app_begin ] --END-- [ RunTime:0.000000s ]
SQL: SHOW COLUMNS FROM `system` [ RunTime:0.000000s ]
SQL: SELECT `atuo_time` FROM `system` LIMIT 1   [ RunTime:0.000000s ]
SQL: SHOW COLUMNS FROM `order` [ RunTime:0.000000s ]
SQL: SELECT `endtime`,`order_id`,`need_pay` FROM `order` WHERE ( `status` = 3 )  [ RunTime:0.000000s ]
SQL: SELECT * FROM `system` WHERE ( system_id=1 ) LIMIT 1   [ RunTime:0.000000s ]
SQL: SHOW COLUMNS FROM `product` [ RunTime:0.015600s ]
SQL: SELECT `product_id` FROM `product` WHERE ( `able_discount` = 1 )  [ RunTime:0.062400s ]
SQL: SELECT COUNT(*) AS tp_count FROM `product` WHERE ( `able_discount` = 1 ) AND ( `product_id` = 2 ) LIMIT 1   [ RunTime:0.000000s ]
SQL: SELECT `discount_beg_time`,`discount_end_time`,`price3` FROM `product` WHERE ( `able_discount` = 1 ) AND ( `product_id` = 2 )  [ RunTime:0.000000s ]
SQL: UPDATE `product` SET `is_discount`=1 WHERE ( `product_id` = 2 ) [ RunTime:0.000000s ]
SQL: UPDATE `product` SET `is_discount`='' WHERE ( `able_discount` = '' ) [ RunTime:0.312000s ]
SQL: select product_id  , product_num   from `order_product`  where order_id  in (  select  order_id  from  `order`  where  status = 2   and stock_reduce <> 1) [ RunTime:1.185602s ]
SQL: update `order` set stock_reduce=1 , time2=1469155141 where  stock_reduce<>1 and status <> 1  [ RunTime:0.000000s ]
SQL: UPDATE `system` SET `atuo_time`=1469155141 WHERE ( `system_id` = 1 ) [ RunTime:0.000000s ]
SQL: SHOW COLUMNS FROM `record` [ RunTime:0.015600s ]
SQL: INSERT INTO `record` (`time`,`remark`) VALUES (1469155141,'网站正常访问操作') [ RunTime:0.000000s ]
SQL: SHOW COLUMNS FROM `admin_user` [ RunTime:0.000000s ]
SQL: SELECT `loginTime` FROM `admin_user` WHERE ( `name` = 'root' ) LIMIT 1   [ RunTime:0.000000s ]
SQL: SELECT * FROM `admin_user` WHERE ( name	= 'root' ) LIMIT 1   [ RunTime:0.000000s ]
INFO: [ view_template ] --START--
INFO: Run LocationTemplate Behavior [ RunTime:0.000000s ]
INFO: [ view_template ] --END-- [ RunTime:0.000000s ]
INFO: [ view_parse ] --START--
NOTIC: [8] Use of undefined constant admin_name - assumed 'admin_name' D:\wwwroot\pc_dtyd\admin\Runtime\Cache\4c18d5952d0dbf1eedb8a1ec796fa788.php 第 23 行.
NOTIC: [8] Use of undefined constant root - assumed 'root' D:\wwwroot\pc_dtyd\admin\Runtime\Cache\4c18d5952d0dbf1eedb8a1ec796fa788.php 第 23 行.
NOTIC: [8] Use of undefined constant admin_name - assumed 'admin_name' D:\wwwroot\pc_dtyd\admin\Runtime\Cache\4c18d5952d0dbf1eedb8a1ec796fa788.php 第 27 行.
NOTIC: [8] Use of undefined constant root - assumed 'root' D:\wwwroot\pc_dtyd\admin\Runtime\Cache\4c18d5952d0dbf1eedb8a1ec796fa788.php 第 27 行.
NOTIC: [8] Use of undefined constant admin_name - assumed 'admin_name' D:\wwwroot\pc_dtyd\admin\Runtime\Cache\4c18d5952d0dbf1eedb8a1ec796fa788.php 第 31 行.
NOTIC: [8] Use of undefined constant root - assumed 'root' D:\wwwroot\pc_dtyd\admin\Runtime\Cache\4c18d5952d0dbf1eedb8a1ec796fa788.php 第 31 行.
NOTIC: [8] Use of undefined constant admin_name - assumed 'admin_name' D:\wwwroot\pc_dtyd\admin\Runtime\Cache\4c18d5952d0dbf1eedb8a1ec796fa788.php 第 35 行.
NOTIC: [8] Use of undefined constant root - assumed 'root' D:\wwwroot\pc_dtyd\admin\Runtime\Cache\4c18d5952d0dbf1eedb8a1ec796fa788.php 第 35 行.
NOTIC: [8] Use of undefined constant admin_name - assumed 'admin_name' D:\wwwroot\pc_dtyd\admin\Runtime\Cache\4c18d5952d0dbf1eedb8a1ec796fa788.php 第 39 行.
NOTIC: [8] Use of undefined constant root - assumed 'root' D:\wwwroot\pc_dtyd\admin\Runtime\Cache\4c18d5952d0dbf1eedb8a1ec796fa788.php 第 39 行.
NOTIC: [8] Use of undefined constant admin_name - assumed 'admin_name' D:\wwwroot\pc_dtyd\admin\Runtime\Cache\4c18d5952d0dbf1eedb8a1ec796fa788.php 第 43 行.
NOTIC: [8] Use of undefined constant root - assumed 'root' D:\wwwroot\pc_dtyd\admin\Runtime\Cache\4c18d5952d0dbf1eedb8a1ec796fa788.php 第 43 行.
NOTIC: [8] Use of undefined constant admin_name - assumed 'admin_name' D:\wwwroot\pc_dtyd\admin\Runtime\Cache\4c18d5952d0dbf1eedb8a1ec796fa788.php 第 47 行.
NOTIC: [8] Use of undefined constant root - assumed 'root' D:\wwwroot\pc_dtyd\admin\Runtime\Cache\4c18d5952d0dbf1eedb8a1ec796fa788.php 第 47 行.
INFO: Run ParseTemplate Behavior [ RunTime:0.031201s ]
INFO: [ view_parse ] --END-- [ RunTime:0.031201s ]
INFO: [ view_filter ] --START--
INFO: Run ContentReplace Behavior [ RunTime:0.000000s ]
INFO: Run TokenBuild Behavior [ RunTime:0.000000s ]
INFO: Run WriteHtmlCache Behavior [ RunTime:0.000000s ]
INFO: Run ShowRuntime Behavior [ RunTime:0.000000s ]
INFO: [ view_filter ] --END-- [ RunTime:0.000000s ]
INFO: [ view_end ] --START--
INFO: Run ShowPageTrace Behavior [ RunTime:0.000000s ]
INFO: [ view_end ] --END-- [ RunTime:0.000000s ]

[ 2016-07-22T10:39:01+08:00 ] 183.6.132.67 /admin.php/indexManagement/bannerList/class/banner
INFO: [ route_check ] --START--
INFO: Run CheckRoute Behavior [ RunTime:0.000000s ]
INFO: [ route_check ] --END-- [ RunTime:0.000000s ]
INFO: [ app_begin ] --START--
INFO: Run ReadHtmlCache Behavior [ RunTime:0.000000s ]
INFO: [ app_begin ] --END-- [ RunTime:0.000000s ]
SQL: SHOW COLUMNS FROM `system` [ RunTime:0.000000s ]
SQL: SELECT `atuo_time` FROM `system` LIMIT 1   [ RunTime:0.000000s ]
SQL: SHOW COLUMNS FROM `record` [ RunTime:0.000000s ]
SQL: INSERT INTO `record` (`time`,`remark`) VALUES (1469155141,'网站正常访问操作') [ RunTime:0.000000s ]
SQL: SHOW COLUMNS FROM `index_banner` [ RunTime:0.000000s ]
NOTIC: [8] Undefined variable: where D:\wwwroot\pc_dtyd\admin\Lib\Action\indexManagementAction.class.php 第 18 行.
SQL: SELECT COUNT(*) AS tp_count FROM `index_banner` LIMIT 1   [ RunTime:0.000000s ]
NOTIC: [8] Undefined variable: where D:\wwwroot\pc_dtyd\admin\Lib\Action\indexManagementAction.class.php 第 21 行.
SQL: SELECT * FROM `index_banner` LIMIT 0,10   [ RunTime:0.000000s ]
INFO: [ view_template ] --START--
INFO: Run LocationTemplate Behavior [ RunTime:0.015600s ]
INFO: [ view_template ] --END-- [ RunTime:0.015600s ]
INFO: [ view_parse ] --START--
NOTIC: [8] Use of undefined constant index_ad2 - assumed 'index_ad2' D:\wwwroot\pc_dtyd\admin\Runtime\Cache\d6265d428dbf68aa6dc3848ef43fac70.php 第 11 行.
NOTIC: [8] Use of undefined constant index_ad2 - assumed 'index_ad2' D:\wwwroot\pc_dtyd\admin\Runtime\Cache\d6265d428dbf68aa6dc3848ef43fac70.php 第 23 行.
NOTIC: [8] Use of undefined constant index_ad2 - assumed 'index_ad2' D:\wwwroot\pc_dtyd\admin\Runtime\Cache\d6265d428dbf68aa6dc3848ef43fac70.php 第 31 行.
NOTIC: [8] Use of undefined constant index_ad2 - assumed 'index_ad2' D:\wwwroot\pc_dtyd\admin\Runtime\Cache\d6265d428dbf68aa6dc3848ef43fac70.php 第 34 行.
NOTIC: [8] Use of undefined constant index_ad2 - assumed 'index_ad2' D:\wwwroot\pc_dtyd\admin\Runtime\Cache\d6265d428dbf68aa6dc3848ef43fac70.php 第 31 行.
NOTIC: [8] Use of undefined constant index_ad2 - assumed 'index_ad2' D:\wwwroot\pc_dtyd\admin\Runtime\Cache\d6265d428dbf68aa6dc3848ef43fac70.php 第 34 行.
NOTIC: [8] Use of undefined constant index_ad2 - assumed 'index_ad2' D:\wwwroot\pc_dtyd\admin\Runtime\Cache\d6265d428dbf68aa6dc3848ef43fac70.php 第 31 行.
NOTIC: [8] Use of undefined constant index_ad2 - assumed 'index_ad2' D:\wwwroot\pc_dtyd\admin\Runtime\Cache\d6265d428dbf68aa6dc3848ef43fac70.php 第 34 行.
NOTIC: [8] Use of undefined constant index_ad2 - assumed 'index_ad2' D:\wwwroot\pc_dtyd\admin\Runtime\Cache\d6265d428dbf68aa6dc3848ef43fac70.php 第 31 行.
NOTIC: [8] Use of undefined constant index_ad2 - assumed 'index_ad2' D:\wwwroot\pc_dtyd\admin\Runtime\Cache\d6265d428dbf68aa6dc3848ef43fac70.php 第 34 行.
NOTIC: [8] Use of undefined constant index_ad2 - assumed 'index_ad2' D:\wwwroot\pc_dtyd\admin\Runtime\Cache\d6265d428dbf68aa6dc3848ef43fac70.php 第 31 行.
NOTIC: [8] Use of undefined constant index_ad2 - assumed 'index_ad2' D:\wwwroot\pc_dtyd\admin\Runtime\Cache\d6265d428dbf68aa6dc3848ef43fac70.php 第 34 行.
NOTIC: [8] Use of undefined constant index_ad2 - assumed 'index_ad2' D:\wwwroot\pc_dtyd\admin\Runtime\Cache\d6265d428dbf68aa6dc3848ef43fac70.php 第 36 行.
INFO: Run ParseTemplate Behavior [ RunTime:0.015600s ]
INFO: [ view_parse ] --END-- [ RunTime:0.015600s ]
INFO: [ view_filter ] --START--
INFO: Run ContentReplace Behavior [ RunTime:0.000000s ]
INFO: Run TokenBuild Behavior [ RunTime:0.000000s ]
INFO: Run WriteHtmlCache Behavior [ RunTime:0.000000s ]
INFO: Run ShowRuntime Behavior [ RunTime:0.015600s ]
INFO: [ view_filter ] --END-- [ RunTime:0.015600s ]
INFO: [ view_end ] --START--
INFO: Run ShowPageTrace Behavior [ RunTime:0.000000s ]
INFO: [ view_end ] --END-- [ RunTime:0.000000s ]

[ 2016-07-22T10:39:33+08:00 ] 183.6.132.67 /admin.php/order/orderList
INFO: [ route_check ] --START--
INFO: Run CheckRoute Behavior [ RunTime:0.000000s ]
INFO: [ route_check ] --END-- [ RunTime:0.000000s ]
INFO: [ app_begin ] --START--
INFO: Run ReadHtmlCache Behavior [ RunTime:0.000000s ]
INFO: [ app_begin ] --END-- [ RunTime:0.000000s ]
SQL: SHOW COLUMNS FROM `system` [ RunTime:0.000000s ]
SQL: SELECT `atuo_time` FROM `system` LIMIT 1   [ RunTime:0.000000s ]
SQL: SHOW COLUMNS FROM `order` [ RunTime:0.000000s ]
SQL: SELECT `endtime`,`order_id`,`need_pay` FROM `order` WHERE ( `status` = 3 )  [ RunTime:0.000000s ]
SQL: SELECT * FROM `system` WHERE ( system_id=1 ) LIMIT 1   [ RunTime:0.000000s ]
SQL: SHOW COLUMNS FROM `product` [ RunTime:0.000000s ]
SQL: SELECT `product_id` FROM `product` WHERE ( `able_discount` = 1 )  [ RunTime:0.000000s ]
SQL: SELECT COUNT(*) AS tp_count FROM `product` WHERE ( `able_discount` = 1 ) AND ( `product_id` = 2 ) LIMIT 1   [ RunTime:0.000000s ]
SQL: SELECT `discount_beg_time`,`discount_end_time`,`price3` FROM `product` WHERE ( `able_discount` = 1 ) AND ( `product_id` = 2 )  [ RunTime:0.000000s ]
SQL: UPDATE `product` SET `is_discount`=1 WHERE ( `product_id` = 2 ) [ RunTime:0.000000s ]
SQL: UPDATE `product` SET `is_discount`='' WHERE ( `able_discount` = '' ) [ RunTime:0.312001s ]
SQL: select product_id  , product_num   from `order_product`  where order_id  in (  select  order_id  from  `order`  where  status = 2   and stock_reduce <> 1) [ RunTime:0.000000s ]
SQL: update `order` set stock_reduce=1 , time2=1469155168 where  stock_reduce<>1 and status <> 1  [ RunTime:0.000000s ]
SQL: UPDATE `system` SET `atuo_time`=1469155168 WHERE ( `system_id` = 1 ) [ RunTime:0.000000s ]
SQL: SHOW COLUMNS FROM `record` [ RunTime:0.000000s ]
SQL: INSERT INTO `record` (`time`,`remark`) VALUES (1469155168,'网站正常访问操作') [ RunTime:0.000000s ]
NOTIC: [8] Undefined index: status D:\wwwroot\pc_dtyd\admin\Lib\Action\orderAction.class.php 第 28 行.
NOTIC: [8] Undefined index: keyword D:\wwwroot\pc_dtyd\admin\Lib\Action\orderAction.class.php 第 31 行.
NOTIC: [8] Undefined index: begtime D:\wwwroot\pc_dtyd\admin\Lib\Action\orderAction.class.php 第 48 行.
NOTIC: [8] Undefined index: begtime D:\wwwroot\pc_dtyd\admin\Lib\Action\orderAction.class.php 第 56 行.
NOTIC: [8] Undefined index: endtime D:\wwwroot\pc_dtyd\admin\Lib\Action\orderAction.class.php 第 63 行.
NOTIC: [8] Undefined index: _string D:\wwwroot\pc_dtyd\admin\Lib\Action\orderAction.class.php 第 106 行.
SQL: SELECT DISTINCT  SUM(need_pay) AS tp_sum FROM `order` WHERE ( `confirm` <> 2 ) AND ( status  in (2,3,4,5) ) LIMIT 1   [ RunTime:0.000000s ]
NOTIC: [8] Undefined index: _string D:\wwwroot\pc_dtyd\admin\Lib\Action\orderAction.class.php 第 115 行.
SQL: SELECT DISTINCT  SUM(need_pay) AS tp_sum FROM `order` WHERE ( `confirm` <> 2 ) AND ( status  in (3,4,5) ) LIMIT 1   [ RunTime:0.000000s ]
NOTIC: [8] Undefined index: _string D:\wwwroot\pc_dtyd\admin\Lib\Action\orderAction.class.php 第 124 行.
SQL: SELECT DISTINCT  SUM(need_pay) AS tp_sum FROM `order` WHERE ( `confirm` <> 2 ) AND ( status  in (2) ) LIMIT 1   [ RunTime:0.000000s ]
SQL: SELECT DISTINCT  COUNT(*) AS tp_count FROM `order` WHERE ( `confirm` <> 2 ) LIMIT 1   [ RunTime:0.124800s ]
SQL: SELECT DISTINCT  * FROM `order` left join `user` on user.user_id=order.user_id  WHERE ( `confirm` <> 2 ) ORDER BY order_id desc LIMIT 0,10   [ RunTime:5.116809s ]
NOTIC: [8] Use of undefined constant pro - assumed 'pro' D:\wwwroot\pc_dtyd\admin\Lib\Action\orderAction.class.php 第 87 行.
SQL: SHOW COLUMNS FROM `order_product` [ RunTime:0.000000s ]
NOTIC: [8] Use of undefined constant order_id - assumed 'order_id' D:\wwwroot\pc_dtyd\admin\Lib\Action\orderAction.class.php 第 87 行.
SQL: SELECT * FROM `order_product` WHERE ( order_id=101041 )  [ RunTime:0.015600s ]
NOTIC: [8] Use of undefined constant pro - assumed 'pro' D:\wwwroot\pc_dtyd\admin\Lib\Action\orderAction.class.php 第 89 行.
NOTIC: [8] Use of undefined constant pro - assumed 'pro' D:\wwwroot\pc_dtyd\admin\Lib\Action\orderAction.class.php 第 90 行.
SQL: SHOW COLUMNS FROM `product_attribute_list` [ RunTime:0.000000s ]
NOTIC: [8] Use of undefined constant pro - assumed 'pro' D:\wwwroot\pc_dtyd\admin\Lib\Action\orderAction.class.php 第 90 行.
NOTIC: [8] Use of undefined constant product_id - assumed 'product_id' D:\wwwroot\pc_dtyd\admin\Lib\Action\orderAction.class.php 第 90 行.
SQL: SELECT `value` FROM `product_attribute_list` WHERE ( attribute_id=3 and product_id=2 ) LIMIT 1   [ RunTime:0.046800s ]
NOTIC: [8] Use of undefined constant pro - assumed 'pro' D:\wwwroot\pc_dtyd\admin\Lib\Action\orderAction.class.php 第 91 行.
NOTIC: [8] Use of undefined constant pro - assumed 'pro' D:\wwwroot\pc_dtyd\admin\Lib\Action\orderAction.class.php 第 91 行.
NOTIC: [8] Use of undefined constant product_id - assumed 'product_id' D:\wwwroot\pc_dtyd\admin\Lib\Action\orderAction.class.php 第 91 行.
SQL: SELECT `value` FROM `product_attribute_list` WHERE ( attribute_id=4 and product_id=2 ) LIMIT 1   [ RunTime:0.015600s ]
NOTIC: [8] Use of undefined constant pro - assumed 'pro' D:\wwwroot\pc_dtyd\admin\Lib\Action\orderAction.class.php 第 92 行.
NOTIC: [8] Use of undefined constant pro - assumed 'pro' D:\wwwroot\pc_dtyd\admin\Lib\Action\orderAction.class.php 第 92 行.
NOTIC: [8] Use of undefined constant product_id - assumed 'product_id' D:\wwwroot\pc_dtyd\admin\Lib\Action\orderAction.class.php 第 92 行.
SQL: SELECT `value` FROM `product_attribute_list` WHERE ( attribute_id=1 and product_id=2 ) LIMIT 1   [ RunTime:0.031200s ]
NOTIC: [8] Use of undefined constant pro - assumed 'pro' D:\wwwroot\pc_dtyd\admin\Lib\Action\orderAction.class.php 第 89 行.
NOTIC: [8] Use of undefined constant pro - assumed 'pro' D:\wwwroot\pc_dtyd\admin\Lib\Action\orderAction.class.php 第 87 行.
NOTIC: [8] Use of undefined constant order_id - assumed 'order_id' D:\wwwroot\pc_dtyd\admin\Lib\Action\orderAction.class.php 第 87 行.
SQL: SELECT * FROM `order_product` WHERE ( order_id=101040 )  [ RunTime:0.000000s ]
NOTIC: [8] Use of undefined constant pro - assumed 'pro' D:\wwwroot\pc_dtyd\admin\Lib\Action\orderAction.class.php 第 89 行.
NOTIC: [8] Use of undefined constant pro - assumed 'pro' D:\wwwroot\pc_dtyd\admin\Lib\Action\orderAction.class.php 第 90 行.
NOTIC: [8] Use of undefined constant pro - assumed 'pro' D:\wwwroot\pc_dtyd\admin\Lib\Action\orderAction.class.php 第 90 行.
NOTIC: [8] Use of undefined constant product_id - assumed 'product_id' D:\wwwroot\pc_dtyd\admin\Lib\Action\orderAction.class.php 第 90 行.
SQL: SELECT `value` FROM `product_attribute_list` WHERE ( attribute_id=3 and product_id=2 ) LIMIT 1   [ RunTime:0.000000s ]
NOTIC: [8] Use of undefined constant pro - assumed 'pro' D:\wwwroot\pc_dtyd\admin\Lib\Action\orderAction.class.php 第 91 行.
NOTIC: [8] Use of undefined constant pro - assumed 'pro' D:\wwwroot\pc_dtyd\admin\Lib\Action\orderAction.class.php 第 91 行.
NOTIC: [8] Use of undefined constant product_id - assumed 'product_id' D:\wwwroot\pc_dtyd\admin\Lib\Action\orderAction.class.php 第 91 行.
SQL: SELECT `value` FROM `product_attribute_list` WHERE ( attribute_id=4 and product_id=2 ) LIMIT 1   [ RunTime:0.000000s ]
NOTIC: [8] Use of undefined constant pro - assumed 'pro' D:\wwwroot\pc_dtyd\admin\Lib\Action\orderAction.class.php 第 92 行.
NOTIC: [8] Use of undefined constant pro - assumed 'pro' D:\wwwroot\pc_dtyd\admin\Lib\Action\orderAction.class.php 第 92 行.
NOTIC: [8] Use of undefined constant product_id - assumed 'product_id' D:\wwwroot\pc_dtyd\admin\Lib\Action\orderAction.class.php 第 92 行.
SQL: SELECT `value` FROM `product_attribute_list` WHERE ( attribute_id=1 and product_id=2 ) LIMIT 1   [ RunTime:0.000000s ]
NOTIC: [8] Use of undefined constant pro - assumed 'pro' D:\wwwroot\pc_dtyd\admin\Lib\Action\orderAction.class.php 第 89 行.
NOTIC: [8] Use of undefined constant pro - assumed 'pro' D:\wwwroot\pc_dtyd\admin\Lib\Action\orderAction.class.php 第 87 行.
NOTIC: [8] Use of undefined constant order_id - assumed 'order_id' D:\wwwroot\pc_dtyd\admin\Lib\Action\orderAction.class.php 第 87 行.
SQL: SELECT * FROM `order_product` WHERE ( order_id=101039 )  [ RunTime:0.000000s ]
NOTIC: [8] Use of undefined constant pro - assumed 'pro' D:\wwwroot\pc_dtyd\admin\Lib\Action\orderAction.class.php 第 89 行.
NOTIC: [8] Use of undefined constant pro - assumed 'pro' D:\wwwroot\pc_dtyd\admin\Lib\Action\orderAction.class.php 第 90 行.
NOTIC: [8] Use of undefined constant pro - assumed 'pro' D:\wwwroot\pc_dtyd\admin\Lib\Action\orderAction.class.php 第 90 行.
NOTIC: [8] Use of undefined constant product_id - assumed 'product_id' D:\wwwroot\pc_dtyd\admin\Lib\Action\orderAction.class.php 第 90 行.
SQL: SELECT `value` FROM `product_attribute_list` WHERE ( attribute_id=3 and product_id=2 ) LIMIT 1   [ RunTime:0.000000s ]
NOTIC: [8] Use of undefined constant pro - assumed 'pro' D:\wwwroot\pc_dtyd\admin\Lib\Action\orderAction.class.php 第 91 行.
NOTIC: [8] Use of undefined constant pro - assumed 'pro' D:\wwwroot\pc_dtyd\admin\Lib\Action\orderAction.class.php 第 91 行.
NOTIC: [8] Use of undefined constant product_id - assumed 'product_id' D:\wwwroot\pc_dtyd\admin\Lib\Action\orderAction.class.php 第 91 行.
SQL: SELECT `value` FROM `product_attribute_list` WHERE ( attribute_id=4 and product_id=2 ) LIMIT 1   [ RunTime:0.000000s ]
NOTIC: [8] Use of undefined constant pro - assumed 'pro' D:\wwwroot\pc_dtyd\admin\Lib\Action\orderAction.class.php 第 92 行.
NOTIC: [8] Use of undefined constant pro - assumed 'pro' D:\wwwroot\pc_dtyd\admin\Lib\Action\orderAction.class.php 第 92 行.
NOTIC: [8] Use of undefined constant product_id - assumed 'product_id' D:\wwwroot\pc_dtyd\admin\Lib\Action\orderAction.class.php 第 92 行.
SQL: SELECT `value` FROM `product_attribute_list` WHERE ( attribute_id=1 and product_id=2 ) LIMIT 1   [ RunTime:0.000000s ]
NOTIC: [8] Use of undefined constant pro - assumed 'pro' D:\wwwroot\pc_dtyd\admin\Lib\Action\orderAction.class.php 第 89 行.
NOTIC: [8] Use of undefined constant pro - assumed 'pro' D:\wwwroot\pc_dtyd\admin\Lib\Action\orderAction.class.php 第 87 行.
NOTIC: [8] Use of undefined constant order_id - assumed 'order_id' D:\wwwroot\pc_dtyd\admin\Lib\Action\orderAction.class.php 第 87 行.
SQL: SELECT * FROM `order_product` WHERE ( order_id=101038 )  [ RunTime:0.000000s ]
NOTIC: [8] Use of undefined constant pro - assumed 'pro' D:\wwwroot\pc_dtyd\admin\Lib\Action\orderAction.class.php 第 89 行.
NOTIC: [8] Use of undefined constant pro - assumed 'pro' D:\wwwroot\pc_dtyd\admin\Lib\Action\orderAction.class.php 第 90 行.
NOTIC: [8] Use of undefined constant pro - assumed 'pro' D:\wwwroot\pc_dtyd\admin\Lib\Action\orderAction.class.php 第 90 行.
NOTIC: [8] Use of undefined constant product_id - assumed 'product_id' D:\wwwroot\pc_dtyd\admin\Lib\Action\orderAction.class.php 第 90 行.
SQL: SELECT `value` FROM `product_attribute_list` WHERE ( attribute_id=3 and product_id=2 ) LIMIT 1   [ RunTime:0.000000s ]
NOTIC: [8] Use of undefined constant pro - assumed 'pro' D:\wwwroot\pc_dtyd\admin\Lib\Action\orderAction.class.php 第 91 行.
NOTIC: [8] Use of undefined constant pro - assumed 'pro' D:\wwwroot\pc_dtyd\admin\Lib\Action\orderAction.class.php 第 91 行.
NOTIC: [8] Use of undefined constant product_id - assumed 'product_id' D:\wwwroot\pc_dtyd\admin\Lib\Action\orderAction.class.php 第 91 行.
SQL: SELECT `value` FROM `product_attribute_list` WHERE ( attribute_id=4 and product_id=2 ) LIMIT 1   [ RunTime:0.000000s ]
NOTIC: [8] Use of undefined constant pro - assumed 'pro' D:\wwwroot\pc_dtyd\admin\Lib\Action\orderAction.class.php 第 92 行.
NOTIC: [8] Use of undefined constant pro - assumed 'pro' D:\wwwroot\pc_dtyd\admin\Lib\Action\orderAction.class.php 第 92 行.
NOTIC: [8] Use of undefined constant product_id - assumed 'product_id' D:\wwwroot\pc_dtyd\admin\Lib\Action\orderAction.class.php 第 92 行.
SQL: SELECT `value` FROM `product_attribute_list` WHERE ( attribute_id=1 and product_id=2 ) LIMIT 1   [ RunTime:0.000000s ]
NOTIC: [8] Use of undefined constant pro - assumed 'pro' D:\wwwroot\pc_dtyd\admin\Lib\Action\orderAction.class.php 第 89 行.
NOTIC: [8] Use of undefined constant pro - assumed 'pro' D:\wwwroot\pc_dtyd\admin\Lib\Action\orderAction.class.php 第 87 行.
NOTIC: [8] Use of undefined constant order_id - assumed 'order_id' D:\wwwroot\pc_dtyd\admin\Lib\Action\orderAction.class.php 第 87 行.
SQL: SELECT * FROM `order_product` WHERE ( order_id=101037 )  [ RunTime:0.000000s ]
NOTIC: [8] Use of undefined constant pro - assumed 'pro' D:\wwwroot\pc_dtyd\admin\Lib\Action\orderAction.class.php 第 89 行.
NOTIC: [8] Use of undefined constant pro - assumed 'pro' D:\wwwroot\pc_dtyd\admin\Lib\Action\orderAction.class.php 第 90 行.
NOTIC: [8] Use of undefined constant pro - assumed 'pro' D:\wwwroot\pc_dtyd\admin\Lib\Action\orderAction.class.php 第 90 行.
NOTIC: [8] Use of undefined constant product_id - assumed 'product_id' D:\wwwroot\pc_dtyd\admin\Lib\Action\orderAction.class.php 第 90 行.
SQL: SELECT `value` FROM `product_attribute_list` WHERE ( attribute_id=3 and product_id=2 ) LIMIT 1   [ RunTime:0.000000s ]
NOTIC: [8] Use of undefined constant pro - assumed 'pro' D:\wwwroot\pc_dtyd\admin\Lib\Action\orderAction.class.php 第 91 行.
NOTIC: [8] Use of undefined constant pro - assumed 'pro' D:\wwwroot\pc_dtyd\admin\Lib\Action\orderAction.class.php 第 91 行.
NOTIC: [8] Use of undefined constant product_id - assumed 'product_id' D:\wwwroot\pc_dtyd\admin\Lib\Action\orderAction.class.php 第 91 行.
SQL: SELECT `value` FROM `product_attribute_list` WHERE ( attribute_id=4 and product_id=2 ) LIMIT 1   [ RunTime:0.000000s ]
NOTIC: [8] Use of undefined constant pro - assumed 'pro' D:\wwwroot\pc_dtyd\admin\Lib\Action\orderAction.class.php 第 92 行.
NOTIC: [8] Use of undefined constant pro - assumed 'pro' D:\wwwroot\pc_dtyd\admin\Lib\Action\orderAction.class.php 第 92 行.
NOTIC: [8] Use of undefined constant product_id - assumed 'product_id' D:\wwwroot\pc_dtyd\admin\Lib\Action\orderAction.class.php 第 92 行.
SQL: SELECT `value` FROM `product_attribute_list` WHERE ( attribute_id=1 and product_id=2 ) LIMIT 1   [ RunTime:0.000000s ]
NOTIC: [8] Use of undefined constant pro - assumed 'pro' D:\wwwroot\pc_dtyd\admin\Lib\Action\orderAction.class.php 第 89 行.
NOTIC: [8] Use of undefined constant pro - assumed 'pro' D:\wwwroot\pc_dtyd\admin\Lib\Action\orderAction.class.php 第 87 行.
NOTIC: [8] Use of undefined constant order_id - assumed 'order_id' D:\wwwroot\pc_dtyd\admin\Lib\Action\orderAction.class.php 第 87 行.
SQL: SELECT * FROM `order_product` WHERE ( order_id=101036 )  [ RunTime:0.000000s ]
NOTIC: [8] Use of undefined constant pro - assumed 'pro' D:\wwwroot\pc_dtyd\admin\Lib\Action\orderAction.class.php 第 89 行.
NOTIC: [8] Use of undefined constant pro - assumed 'pro' D:\wwwroot\pc_dtyd\admin\Lib\Action\orderAction.class.php 第 90 行.
NOTIC: [8] Use of undefined constant pro - assumed 'pro' D:\wwwroot\pc_dtyd\admin\Lib\Action\orderAction.class.php 第 90 行.
NOTIC: [8] Use of undefined constant product_id - assumed 'product_id' D:\wwwroot\pc_dtyd\admin\Lib\Action\orderAction.class.php 第 90 行.
SQL: SELECT `value` FROM `product_attribute_list` WHERE ( attribute_id=3 and product_id=2 ) LIMIT 1   [ RunTime:0.000000s ]
NOTIC: [8] Use of undefined constant pro - assumed 'pro' D:\wwwroot\pc_dtyd\admin\Lib\Action\orderAction.class.php 第 91 行.
NOTIC: [8] Use of undefined constant pro - assumed 'pro' D:\wwwroot\pc_dtyd\admin\Lib\Action\orderAction.class.php 第 91 行.
NOTIC: [8] Use of undefined constant product_id - assumed 'product_id' D:\wwwroot\pc_dtyd\admin\Lib\Action\orderAction.class.php 第 91 行.
SQL: SELECT `value` FROM `product_attribute_list` WHERE ( attribute_id=4 and product_id=2 ) LIMIT 1   [ RunTime:0.000000s ]
NOTIC: [8] Use of undefined constant pro - assumed 'pro' D:\wwwroot\pc_dtyd\admin\Lib\Action\orderAction.class.php 第 92 行.
NOTIC: [8] Use of undefined constant pro - assumed 'pro' D:\wwwroot\pc_dtyd\admin\Lib\Action\orderAction.class.php 第 92 行.
NOTIC: [8] Use of undefined constant product_id - assumed 'product_id' D:\wwwroot\pc_dtyd\admin\Lib\Action\orderAction.class.php 第 92 行.
SQL: SELECT `value` FROM `product_attribute_list` WHERE ( attribute_id=1 and product_id=2 ) LIMIT 1   [ RunTime:0.000000s ]
NOTIC: [8] Use of undefined constant pro - assumed 'pro' D:\wwwroot\pc_dtyd\admin\Lib\Action\orderAction.class.php 第 89 行.
NOTIC: [8] Use of undefined constant pro - assumed 'pro' D:\wwwroot\pc_dtyd\admin\Lib\Action\orderAction.class.php 第 87 行.
NOTIC: [8] Use of undefined constant order_id - assumed 'order_id' D:\wwwroot\pc_dtyd\admin\Lib\Action\orderAction.class.php 第 87 行.
SQL: SELECT * FROM `order_product` WHERE ( order_id=101035 )  [ RunTime:0.000000s ]
NOTIC: [8] Use of undefined constant pro - assumed 'pro' D:\wwwroot\pc_dtyd\admin\Lib\Action\orderAction.class.php 第 89 行.
NOTIC: [8] Use of undefined constant pro - assumed 'pro' D:\wwwroot\pc_dtyd\admin\Lib\Action\orderAction.class.php 第 90 行.
NOTIC: [8] Use of undefined constant pro - assumed 'pro' D:\wwwroot\pc_dtyd\admin\Lib\Action\orderAction.class.php 第 90 行.
NOTIC: [8] Use of undefined constant product_id - assumed 'product_id' D:\wwwroot\pc_dtyd\admin\Lib\Action\orderAction.class.php 第 90 行.
SQL: SELECT `value` FROM `product_attribute_list` WHERE ( attribute_id=3 and product_id=2 ) LIMIT 1   [ RunTime:0.000000s ]
NOTIC: [8] Use of undefined constant pro - assumed 'pro' D:\wwwroot\pc_dtyd\admin\Lib\Action\orderAction.class.php 第 91 行.
NOTIC: [8] Use of undefined constant pro - assumed 'pro' D:\wwwroot\pc_dtyd\admin\Lib\Action\orderAction.class.php 第 91 行.
NOTIC: [8] Use of undefined constant product_id - assumed 'product_id' D:\wwwroot\pc_dtyd\admin\Lib\Action\orderAction.class.php 第 91 行.
SQL: SELECT `value` FROM `product_attribute_list` WHERE ( attribute_id=4 and product_id=2 ) LIMIT 1   [ RunTime:0.000000s ]
NOTIC: [8] Use of undefined constant pro - assumed 'pro' D:\wwwroot\pc_dtyd\admin\Lib\Action\orderAction.class.php 第 92 行.
NOTIC: [8] Use of undefined constant pro - assumed 'pro' D:\wwwroot\pc_dtyd\admin\Lib\Action\orderAction.class.php 第 92 行.
NOTIC: [8] Use of undefined constant product_id - assumed 'product_id' D:\wwwroot\pc_dtyd\admin\Lib\Action\orderAction.class.php 第 92 行.
SQL: SELECT `value` FROM `product_attribute_list` WHERE ( attribute_id=1 and product_id=2 ) LIMIT 1   [ RunTime:0.000000s ]
NOTIC: [8] Use of undefined constant pro - assumed 'pro' D:\wwwroot\pc_dtyd\admin\Lib\Action\orderAction.class.php 第 89 行.
NOTIC: [8] Use of undefined constant pro - assumed 'pro' D:\wwwroot\pc_dtyd\admin\Lib\Action\orderAction.class.php 第 87 行.
NOTIC: [8] Use of undefined constant order_id - assumed 'order_id' D:\wwwroot\pc_dtyd\admin\Lib\Action\orderAction.class.php 第 87 行.
SQL: SELECT * FROM `order_product` WHERE ( order_id=101034 )  [ RunTime:0.000000s ]
NOTIC: [8] Use of undefined constant pro - assumed 'pro' D:\wwwroot\pc_dtyd\admin\Lib\Action\orderAction.class.php 第 89 行.
NOTIC: [8] Use of undefined constant pro - assumed 'pro' D:\wwwroot\pc_dtyd\admin\Lib\Action\orderAction.class.php 第 90 行.
NOTIC: [8] Use of undefined constant pro - assumed 'pro' D:\wwwroot\pc_dtyd\admin\Lib\Action\orderAction.class.php 第 90 行.
NOTIC: [8] Use of undefined constant product_id - assumed 'product_id' D:\wwwroot\pc_dtyd\admin\Lib\Action\orderAction.class.php 第 90 行.
SQL: SELECT `value` FROM `product_attribute_list` WHERE ( attribute_id=3 and product_id=2 ) LIMIT 1   [ RunTime:0.000000s ]
NOTIC: [8] Use of undefined constant pro - assumed 'pro' D:\wwwroot\pc_dtyd\admin\Lib\Action\orderAction.class.php 第 91 行.
NOTIC: [8] Use of undefined constant pro - assumed 'pro' D:\wwwroot\pc_dtyd\admin\Lib\Action\orderAction.class.php 第 91 行.
NOTIC: [8] Use of undefined constant product_id - assumed 'product_id' D:\wwwroot\pc_dtyd\admin\Lib\Action\orderAction.class.php 第 91 行.
SQL: SELECT `value` FROM `product_attribute_list` WHERE ( attribute_id=4 and product_id=2 ) LIMIT 1   [ RunTime:0.000000s ]
NOTIC: [8] Use of undefined constant pro - assumed 'pro' D:\wwwroot\pc_dtyd\admin\Lib\Action\orderAction.class.php 第 92 行.
NOTIC: [8] Use of undefined constant pro - assumed 'pro' D:\wwwroot\pc_dtyd\admin\Lib\Action\orderAction.class.php 第 92 行.
NOTIC: [8] Use of undefined constant product_id - assumed 'product_id' D:\wwwroot\pc_dtyd\admin\Lib\Action\orderAction.class.php 第 92 行.
SQL: SELECT `value` FROM `product_attribute_list` WHERE ( attribute_id=1 and product_id=2 ) LIMIT 1   [ RunTime:0.000000s ]
NOTIC: [8] Use of undefined constant pro - assumed 'pro' D:\wwwroot\pc_dtyd\admin\Lib\Action\orderAction.class.php 第 89 行.
NOTIC: [8] Use of undefined constant pro - assumed 'pro' D:\wwwroot\pc_dtyd\admin\Lib\Action\orderAction.class.php 第 87 行.
NOTIC: [8] Use of undefined constant order_id - assumed 'order_id' D:\wwwroot\pc_dtyd\admin\Lib\Action\orderAction.class.php 第 87 行.
SQL: SELECT * FROM `order_product` WHERE ( order_id=101033 )  [ RunTime:0.000000s ]
NOTIC: [8] Use of undefined constant pro - assumed 'pro' D:\wwwroot\pc_dtyd\admin\Lib\Action\orderAction.class.php 第 89 行.
NOTIC: [8] Use of undefined constant pro - assumed 'pro' D:\wwwroot\pc_dtyd\admin\Lib\Action\orderAction.class.php 第 90 行.
NOTIC: [8] Use of undefined constant pro - assumed 'pro' D:\wwwroot\pc_dtyd\admin\Lib\Action\orderAction.class.php 第 90 行.
NOTIC: [8] Use of undefined constant product_id - assumed 'product_id' D:\wwwroot\pc_dtyd\admin\Lib\Action\orderAction.class.php 第 90 行.
SQL: SELECT `value` FROM `product_attribute_list` WHERE ( attribute_id=3 and product_id=2 ) LIMIT 1   [ RunTime:0.000000s ]
NOTIC: [8] Use of undefined constant pro - assumed 'pro' D:\wwwroot\pc_dtyd\admin\Lib\Action\orderAction.class.php 第 91 行.
NOTIC: [8] Use of undefined constant pro - assumed 'pro' D:\wwwroot\pc_dtyd\admin\Lib\Action\orderAction.class.php 第 91 行.
NOTIC: [8] Use of undefined constant product_id - assumed 'product_id' D:\wwwroot\pc_dtyd\admin\Lib\Action\orderAction.class.php 第 91 行.
SQL: SELECT `value` FROM `product_attribute_list` WHERE ( attribute_id=4 and product_id=2 ) LIMIT 1   [ RunTime:0.000000s ]
NOTIC: [8] Use of undefined constant pro - assumed 'pro' D:\wwwroot\pc_dtyd\admin\Lib\Action\orderAction.class.php 第 92 行.
NOTIC: [8] Use of undefined constant pro - assumed 'pro' D:\wwwroot\pc_dtyd\admin\Lib\Action\orderAction.class.php 第 92 行.
NOTIC: [8] Use of undefined constant product_id - assumed 'product_id' D:\wwwroot\pc_dtyd\admin\Lib\Action\orderAction.class.php 第 92 行.
SQL: SELECT `value` FROM `product_attribute_list` WHERE ( attribute_id=1 and product_id=2 ) LIMIT 1   [ RunTime:0.000000s ]
NOTIC: [8] Use of undefined constant pro - assumed 'pro' D:\wwwroot\pc_dtyd\admin\Lib\Action\orderAction.class.php 第 89 行.
NOTIC: [8] Use of undefined constant pro - assumed 'pro' D:\wwwroot\pc_dtyd\admin\Lib\Action\orderAction.class.php 第 87 行.
NOTIC: [8] Use of undefined constant order_id - assumed 'order_id' D:\wwwroot\pc_dtyd\admin\Lib\Action\orderAction.class.php 第 87 行.
SQL: SELECT * FROM `order_product` WHERE ( order_id=101032 )  [ RunTime:0.000000s ]
NOTIC: [8] Use of undefined constant pro - assumed 'pro' D:\wwwroot\pc_dtyd\admin\Lib\Action\orderAction.class.php 第 89 行.
NOTIC: [8] Use of undefined constant pro - assumed 'pro' D:\wwwroot\pc_dtyd\admin\Lib\Action\orderAction.class.php 第 90 行.
NOTIC: [8] Use of undefined constant pro - assumed 'pro' D:\wwwroot\pc_dtyd\admin\Lib\Action\orderAction.class.php 第 90 行.
NOTIC: [8] Use of undefined constant product_id - assumed 'product_id' D:\wwwroot\pc_dtyd\admin\Lib\Action\orderAction.class.php 第 90 行.
SQL: SELECT `value` FROM `product_attribute_list` WHERE ( attribute_id=3 and product_id=2 ) LIMIT 1   [ RunTime:0.000000s ]
NOTIC: [8] Use of undefined constant pro - assumed 'pro' D:\wwwroot\pc_dtyd\admin\Lib\Action\orderAction.class.php 第 91 行.
NOTIC: [8] Use of undefined constant pro - assumed 'pro' D:\wwwroot\pc_dtyd\admin\Lib\Action\orderAction.class.php 第 91 行.
NOTIC: [8] Use of undefined constant product_id - assumed 'product_id' D:\wwwroot\pc_dtyd\admin\Lib\Action\orderAction.class.php 第 91 行.
SQL: SELECT `value` FROM `product_attribute_list` WHERE ( attribute_id=4 and product_id=2 ) LIMIT 1   [ RunTime:0.000000s ]
NOTIC: [8] Use of undefined constant pro - assumed 'pro' D:\wwwroot\pc_dtyd\admin\Lib\Action\orderAction.class.php 第 92 行.
NOTIC: [8] Use of undefined constant pro - assumed 'pro' D:\wwwroot\pc_dtyd\admin\Lib\Action\orderAction.class.php 第 92 行.
NOTIC: [8] Use of undefined constant product_id - assumed 'product_id' D:\wwwroot\pc_dtyd\admin\Lib\Action\orderAction.class.php 第 92 行.
SQL: SELECT `value` FROM `product_attribute_list` WHERE ( attribute_id=1 and product_id=2 ) LIMIT 1   [ RunTime:0.000000s ]
NOTIC: [8] Use of undefined constant pro - assumed 'pro' D:\wwwroot\pc_dtyd\admin\Lib\Action\orderAction.class.php 第 89 行.
INFO: [ view_template ] --START--
INFO: Run LocationTemplate Behavior [ RunTime:0.015600s ]
INFO: [ view_template ] --END-- [ RunTime:0.015600s ]
INFO: [ view_parse ] --START--
NOTIC: [8] Undefined index: status D:\wwwroot\pc_dtyd\admin\Runtime\Cache\15322a5d21b66ea86139880190438035.php 第 26 行.
NOTIC: [8] Undefined index: keyword D:\wwwroot\pc_dtyd\admin\Runtime\Cache\15322a5d21b66ea86139880190438035.php 第 29 行.
NOTIC: [8] Undefined index: time D:\wwwroot\pc_dtyd\admin\Runtime\Cache\15322a5d21b66ea86139880190438035.php 第 43 行.
NOTIC: [8] Undefined index: begtime D:\wwwroot\pc_dtyd\admin\Runtime\Cache\15322a5d21b66ea86139880190438035.php 第 46 行.
NOTIC: [8] Undefined index: endtime D:\wwwroot\pc_dtyd\admin\Runtime\Cache\15322a5d21b66ea86139880190438035.php 第 49 行.
INFO: Run ParseTemplate Behavior [ RunTime:0.093601s ]
INFO: [ view_parse ] --END-- [ RunTime:0.093601s ]
INFO: [ view_filter ] --START--
INFO: Run ContentReplace Behavior [ RunTime:0.000000s ]
INFO: Run TokenBuild Behavior [ RunTime:0.000000s ]
INFO: Run WriteHtmlCache Behavior [ RunTime:0.000000s ]
INFO: Run ShowRuntime Behavior [ RunTime:0.000000s ]
INFO: [ view_filter ] --END-- [ RunTime:0.000000s ]
INFO: [ view_end ] --START--
INFO: Run ShowPageTrace Behavior [ RunTime:0.000000s ]
INFO: [ view_end ] --END-- [ RunTime:0.000000s ]

[ 2016-07-22T10:40:13+08:00 ] 183.6.132.67 /admin.php/productManagement/productList/
INFO: [ route_check ] --START--
INFO: Run CheckRoute Behavior [ RunTime:0.000000s ]
INFO: [ route_check ] --END-- [ RunTime:0.000000s ]
INFO: [ app_begin ] --START--
INFO: Run ReadHtmlCache Behavior [ RunTime:0.000000s ]
INFO: [ app_begin ] --END-- [ RunTime:0.000000s ]
SQL: SHOW COLUMNS FROM `system` [ RunTime:0.000000s ]
SQL: SELECT `atuo_time` FROM `system` LIMIT 1   [ RunTime:0.000000s ]
SQL: SHOW COLUMNS FROM `order` [ RunTime:0.000000s ]
SQL: SELECT `endtime`,`order_id`,`need_pay` FROM `order` WHERE ( `status` = 3 )  [ RunTime:0.000000s ]
SQL: SELECT * FROM `system` WHERE ( system_id=1 ) LIMIT 1   [ RunTime:0.000000s ]
SQL: SHOW COLUMNS FROM `product` [ RunTime:0.000000s ]
SQL: SELECT `product_id` FROM `product` WHERE ( `able_discount` = 1 )  [ RunTime:0.000000s ]
SQL: SELECT COUNT(*) AS tp_count FROM `product` WHERE ( `able_discount` = 1 ) AND ( `product_id` = 2 ) LIMIT 1   [ RunTime:0.000000s ]
SQL: SELECT `discount_beg_time`,`discount_end_time`,`price3` FROM `product` WHERE ( `able_discount` = 1 ) AND ( `product_id` = 2 )  [ RunTime:0.000000s ]
SQL: UPDATE `product` SET `is_discount`=1 WHERE ( `product_id` = 2 ) [ RunTime:0.000000s ]
SQL: UPDATE `product` SET `is_discount`='' WHERE ( `able_discount` = '' ) [ RunTime:0.312001s ]
SQL: select product_id  , product_num   from `order_product`  where order_id  in (  select  order_id  from  `order`  where  status = 2   and stock_reduce <> 1) [ RunTime:0.000000s ]
SQL: update `order` set stock_reduce=1 , time2=1469155213 where  stock_reduce<>1 and status <> 1  [ RunTime:0.000000s ]
SQL: UPDATE `system` SET `atuo_time`=1469155213 WHERE ( `system_id` = 1 ) [ RunTime:0.000000s ]
SQL: SHOW COLUMNS FROM `record` [ RunTime:0.000000s ]
SQL: INSERT INTO `record` (`time`,`remark`) VALUES (1469155213,'网站正常访问操作') [ RunTime:0.000000s ]
SQL: SHOW COLUMNS FROM `product_classify` [ RunTime:0.000000s ]
SQL: SELECT * FROM `product_classify` WHERE ( `fid` = '' )  [ RunTime:0.000000s ]
SQL: SELECT * FROM `product_classify` WHERE ( `fid` = '1' )  [ RunTime:0.000000s ]
SQL: SELECT * FROM `product_classify` WHERE ( `fid` = '22' )  [ RunTime:0.000000s ]
SQL: SELECT * FROM `product_classify` WHERE ( `fid` = '21' )  [ RunTime:0.000000s ]
SQL: SELECT * FROM `product_classify` WHERE ( `fid` = '42' )  [ RunTime:0.000000s ]
SQL: SELECT * FROM `product_classify` WHERE ( `fid` = '43' )  [ RunTime:0.000000s ]
SQL: SELECT * FROM `product_classify` WHERE ( `fid` = '78' )  [ RunTime:0.000000s ]
SQL: SELECT * FROM `product_classify` WHERE ( `fid` = '79' )  [ RunTime:0.000000s ]
SQL: SELECT * FROM `product_classify` WHERE ( `fid` = '80' )  [ RunTime:0.000000s ]
SQL: SELECT * FROM `product_classify` WHERE ( `fid` = '81' )  [ RunTime:0.000000s ]
SQL: SELECT * FROM `product_classify` WHERE ( `fid` = '83' )  [ RunTime:0.000000s ]
SQL: SELECT * FROM `product_classify` WHERE ( `fid` = '84' )  [ RunTime:0.000000s ]
SQL: SELECT * FROM `product_classify` WHERE ( `fid` = '85' )  [ RunTime:0.000000s ]
SQL: SELECT * FROM `product_classify` WHERE ( `fid` = '86' )  [ RunTime:0.000000s ]
SQL: SELECT * FROM `product_classify` WHERE ( `fid` = '87' )  [ RunTime:0.000000s ]
SQL: SELECT * FROM `product_classify` WHERE ( `fid` = '88' )  [ RunTime:0.000000s ]
SQL: SELECT * FROM `product_classify` WHERE ( `fid` = '2' )  [ RunTime:0.015600s ]
SQL: SELECT * FROM `product_classify` WHERE ( `fid` = '28' )  [ RunTime:0.000000s ]
SQL: SELECT * FROM `product_classify` WHERE ( `fid` = '27' )  [ RunTime:0.000000s ]
SQL: SELECT * FROM `product_classify` WHERE ( `fid` = '26' )  [ RunTime:0.000000s ]
SQL: SELECT * FROM `product_classify` WHERE ( `fid` = '44' )  [ RunTime:0.000000s ]
SQL: SELECT * FROM `product_classify` WHERE ( `fid` = '45' )  [ RunTime:0.000000s ]
SQL: SELECT * FROM `product_classify` WHERE ( `fid` = '46' )  [ RunTime:0.000000s ]
SQL: SELECT * FROM `product_classify` WHERE ( `fid` = '47' )  [ RunTime:0.000000s ]
SQL: SELECT * FROM `product_classify` WHERE ( `fid` = '48' )  [ RunTime:0.000000s ]
SQL: SELECT * FROM `product_classify` WHERE ( `fid` = '49' )  [ RunTime:0.000000s ]
SQL: SELECT * FROM `product_classify` WHERE ( `fid` = '50' )  [ RunTime:0.000000s ]
SQL: SELECT * FROM `product_classify` WHERE ( `fid` = '51' )  [ RunTime:0.000000s ]
SQL: SELECT * FROM `product_classify` WHERE ( `fid` = '52' )  [ RunTime:0.000000s ]
SQL: SELECT * FROM `product_classify` WHERE ( `fid` = '3' )  [ RunTime:0.000000s ]
SQL: SELECT * FROM `product_classify` WHERE ( `fid` = '54' )  [ RunTime:0.000000s ]
SQL: SELECT * FROM `product_classify` WHERE ( `fid` = '55' )  [ RunTime:0.000000s ]
SQL: SELECT * FROM `product_classify` WHERE ( `fid` = '56' )  [ RunTime:0.000000s ]
SQL: SELECT * FROM `product_classify` WHERE ( `fid` = '57' )  [ RunTime:0.000000s ]
SQL: SELECT * FROM `product_classify` WHERE ( `fid` = '58' )  [ RunTime:0.000000s ]
SQL: SELECT * FROM `product_classify` WHERE ( `fid` = '59' )  [ RunTime:0.000000s ]
SQL: SELECT * FROM `product_classify` WHERE ( `fid` = '60' )  [ RunTime:0.000000s ]
SQL: SELECT * FROM `product_classify` WHERE ( `fid` = '256' )  [ RunTime:0.000000s ]
SQL: SELECT * FROM `product_classify` WHERE ( `fid` = '254' )  [ RunTime:0.000000s ]
SQL: SELECT * FROM `product_classify` WHERE ( `fid` = '255' )  [ RunTime:0.000000s ]
SQL: SELECT * FROM `product_classify` WHERE ( `fid` = '257' )  [ RunTime:0.000000s ]
SQL: SELECT * FROM `product_classify` WHERE ( `fid` = '258' )  [ RunTime:0.000000s ]
SQL: SELECT * FROM `product_classify` WHERE ( `fid` = '259' )  [ RunTime:0.000000s ]
SQL: SELECT * FROM `product_classify` WHERE ( `fid` = '260' )  [ RunTime:0.000000s ]
SQL: SELECT * FROM `product_classify` WHERE ( `fid` = '261' )  [ RunTime:0.000000s ]
SQL: SELECT * FROM `product_classify` WHERE ( `fid` = '262' )  [ RunTime:0.000000s ]
SQL: SELECT * FROM `product_classify` WHERE ( `fid` = '4' )  [ RunTime:0.000000s ]
SQL: SELECT * FROM `product_classify` WHERE ( `fid` = '62' )  [ RunTime:0.000000s ]
SQL: SELECT * FROM `product_classify` WHERE ( `fid` = '63' )  [ RunTime:0.000000s ]
SQL: SELECT * FROM `product_classify` WHERE ( `fid` = '64' )  [ RunTime:0.000000s ]
SQL: SELECT * FROM `product_classify` WHERE ( `fid` = '249' )  [ RunTime:0.000000s ]
SQL: SELECT * FROM `product_classify` WHERE ( `fid` = '66' )  [ RunTime:0.000000s ]
SQL: SELECT * FROM `product_classify` WHERE ( `fid` = '67' )  [ RunTime:0.000000s ]
SQL: SELECT * FROM `product_classify` WHERE ( `fid` = '250' )  [ RunTime:0.000000s ]
SQL: SELECT * FROM `product_classify` WHERE ( `fid` = '251' )  [ RunTime:0.000000s ]
SQL: SELECT * FROM `product_classify` WHERE ( `fid` = '252' )  [ RunTime:0.000000s ]
SQL: SELECT * FROM `product_classify` WHERE ( `fid` = '253' )  [ RunTime:0.000000s ]
SQL: SELECT * FROM `product_classify` WHERE ( `fid` = '5' )  [ RunTime:0.000000s ]
SQL: SELECT * FROM `product_classify` WHERE ( `fid` = '74' )  [ RunTime:0.000000s ]
SQL: SELECT * FROM `product_classify` WHERE ( `fid` = '75' )  [ RunTime:0.000000s ]
SQL: SELECT * FROM `product_classify` WHERE ( `fid` = '76' )  [ RunTime:0.015600s ]
SQL: SELECT * FROM `product_classify` WHERE ( `fid` = '263' )  [ RunTime:0.000000s ]
SQL: SELECT * FROM `product_classify` WHERE ( `fid` = '243' )  [ RunTime:0.000000s ]
SQL: SELECT * FROM `product_classify` WHERE ( `fid` = '244' )  [ RunTime:0.000000s ]
SQL: SELECT * FROM `product_classify` WHERE ( `fid` = '245' )  [ RunTime:0.000000s ]
SQL: SELECT * FROM `product_classify` WHERE ( `fid` = '246' )  [ RunTime:0.000000s ]
SQL: SELECT * FROM `product_classify` WHERE ( `fid` = '247' )  [ RunTime:0.000000s ]
SQL: SELECT * FROM `product_classify` WHERE ( `fid` = '248' )  [ RunTime:0.000000s ]
SQL: SELECT * FROM `product_classify` WHERE ( `fid` = '6' )  [ RunTime:0.000000s ]
SQL: SELECT * FROM `product_classify` WHERE ( `fid` = '68' )  [ RunTime:0.000000s ]
SQL: SELECT * FROM `product_classify` WHERE ( `fid` = '69' )  [ RunTime:0.000000s ]
SQL: SELECT * FROM `product_classify` WHERE ( `fid` = '71' )  [ RunTime:0.000000s ]
SQL: SELECT * FROM `product_classify` WHERE ( `fid` = '72' )  [ RunTime:0.000000s ]
SQL: SELECT * FROM `product_classify` WHERE ( `fid` = '73' )  [ RunTime:0.000000s ]
NOTIC: [8] Undefined index: stock D:\wwwroot\pc_dtyd\admin\Lib\Action\productManagementAction.class.php 第 185 行.
NOTIC: [8] Undefined index: class D:\wwwroot\pc_dtyd\admin\Lib\Action\productManagementAction.class.php 第 192 行.
NOTIC: [8] Undefined index: keyword D:\wwwroot\pc_dtyd\admin\Lib\Action\productManagementAction.class.php 第 195 行.
NOTIC: [8] Undefined index: frame D:\wwwroot\pc_dtyd\admin\Lib\Action\productManagementAction.class.php 第 216 行.
SQL: SELECT DISTINCT  COUNT(*) AS tp_count FROM `product` LIMIT 1   [ RunTime:0.000000s ]
SQL: SELECT DISTINCT  * FROM `product` LIMIT 0,25   [ RunTime:0.000000s ]
SQL: SHOW COLUMNS FROM `product_img` [ RunTime:0.000000s ]
SQL: SELECT * FROM `product_img` WHERE ( `product_id` = 2 ) LIMIT 1   [ RunTime:0.000000s ]
SQL: SELECT * FROM `product_img` WHERE ( `product_id` = 79565 ) LIMIT 1   [ RunTime:0.000000s ]
SQL: SELECT * FROM `product_img` WHERE ( `product_id` = 14 ) LIMIT 1   [ RunTime:0.000000s ]
SQL: SELECT * FROM `product_img` WHERE ( `product_id` = 157 ) LIMIT 1   [ RunTime:0.000000s ]
SQL: SELECT * FROM `product_img` WHERE ( `product_id` = 158 ) LIMIT 1   [ RunTime:0.000000s ]
SQL: SELECT * FROM `product_img` WHERE ( `product_id` = 20 ) LIMIT 1   [ RunTime:0.000000s ]
SQL: SELECT * FROM `product_img` WHERE ( `product_id` = 144 ) LIMIT 1   [ RunTime:0.000000s ]
SQL: SELECT * FROM `product_img` WHERE ( `product_id` = 145 ) LIMIT 1   [ RunTime:0.000000s ]
SQL: SELECT * FROM `product_img` WHERE ( `product_id` = 146 ) LIMIT 1   [ RunTime:0.000000s ]
SQL: SELECT * FROM `product_img` WHERE ( `product_id` = 147 ) LIMIT 1   [ RunTime:0.000000s ]
SQL: SELECT * FROM `product_img` WHERE ( `product_id` = 148 ) LIMIT 1   [ RunTime:0.000000s ]
SQL: SELECT * FROM `product_img` WHERE ( `product_id` = 149 ) LIMIT 1   [ RunTime:0.000000s ]
SQL: SELECT * FROM `product_img` WHERE ( `product_id` = 150 ) LIMIT 1   [ RunTime:0.000000s ]
SQL: SELECT * FROM `product_img` WHERE ( `product_id` = 151 ) LIMIT 1   [ RunTime:0.000000s ]
SQL: SELECT * FROM `product_img` WHERE ( `product_id` = 152 ) LIMIT 1   [ RunTime:0.000000s ]
SQL: SELECT * FROM `product_img` WHERE ( `product_id` = 153 ) LIMIT 1   [ RunTime:0.000000s ]
SQL: SELECT * FROM `product_img` WHERE ( `product_id` = 154 ) LIMIT 1   [ RunTime:0.000000s ]
SQL: SELECT * FROM `product_img` WHERE ( `product_id` = 155 ) LIMIT 1   [ RunTime:0.000000s ]
SQL: SELECT * FROM `product_img` WHERE ( `product_id` = 156 ) LIMIT 1   [ RunTime:0.000000s ]
SQL: SELECT * FROM `product_img` WHERE ( `product_id` = 112 ) LIMIT 1   [ RunTime:0.000000s ]
SQL: SELECT * FROM `product_img` WHERE ( `product_id` = 108 ) LIMIT 1   [ RunTime:0.000000s ]
SQL: SELECT * FROM `product_img` WHERE ( `product_id` = 26 ) LIMIT 1   [ RunTime:0.000000s ]
SQL: SELECT * FROM `product_img` WHERE ( `product_id` = 134 ) LIMIT 1   [ RunTime:0.000000s ]
SQL: SELECT * FROM `product_img` WHERE ( `product_id` = 135 ) LIMIT 1   [ RunTime:0.000000s ]
SQL: SELECT * FROM `product_img` WHERE ( `product_id` = 136 ) LIMIT 1   [ RunTime:0.000000s ]
SQL: SHOW COLUMNS FROM `product_attribute_list` [ RunTime:0.000000s ]
SQL: SELECT `value` FROM `product_attribute_list` WHERE ( `product_id` = 2 ) AND ( `attribute_id` = 1 ) LIMIT 1   [ RunTime:0.000000s ]
SQL: SELECT `value` FROM `product_attribute_list` WHERE ( `product_id` = 2 ) AND ( `attribute_id` = 2 ) LIMIT 1   [ RunTime:0.000000s ]
SQL: SELECT `value` FROM `product_attribute_list` WHERE ( `product_id` = 2 ) AND ( `attribute_id` = 4 ) LIMIT 1   [ RunTime:0.000000s ]
SQL: SELECT `value` FROM `product_attribute_list` WHERE ( `product_id` = 79565 ) AND ( `attribute_id` = 1 ) LIMIT 1   [ RunTime:0.031200s ]
SQL: SELECT `value` FROM `product_attribute_list` WHERE ( `product_id` = 79565 ) AND ( `attribute_id` = 2 ) LIMIT 1   [ RunTime:0.000000s ]
SQL: SELECT `value` FROM `product_attribute_list` WHERE ( `product_id` = 79565 ) AND ( `attribute_id` = 4 ) LIMIT 1   [ RunTime:0.000000s ]
SQL: SELECT `value` FROM `product_attribute_list` WHERE ( `product_id` = 14 ) AND ( `attribute_id` = 1 ) LIMIT 1   [ RunTime:0.000000s ]
SQL: SELECT `value` FROM `product_attribute_list` WHERE ( `product_id` = 14 ) AND ( `attribute_id` = 2 ) LIMIT 1   [ RunTime:0.000000s ]
SQL: SELECT `value` FROM `product_attribute_list` WHERE ( `product_id` = 14 ) AND ( `attribute_id` = 4 ) LIMIT 1   [ RunTime:0.000000s ]
SQL: SELECT `value` FROM `product_attribute_list` WHERE ( `product_id` = 157 ) AND ( `attribute_id` = 1 ) LIMIT 1   [ RunTime:0.000000s ]
SQL: SELECT `value` FROM `product_attribute_list` WHERE ( `product_id` = 157 ) AND ( `attribute_id` = 2 ) LIMIT 1   [ RunTime:0.000000s ]
SQL: SELECT `value` FROM `product_attribute_list` WHERE ( `product_id` = 157 ) AND ( `attribute_id` = 4 ) LIMIT 1   [ RunTime:0.000000s ]
SQL: SELECT `value` FROM `product_attribute_list` WHERE ( `product_id` = 158 ) AND ( `attribute_id` = 1 ) LIMIT 1   [ RunTime:0.000000s ]
SQL: SELECT `value` FROM `product_attribute_list` WHERE ( `product_id` = 158 ) AND ( `attribute_id` = 2 ) LIMIT 1   [ RunTime:0.000000s ]
SQL: SELECT `value` FROM `product_attribute_list` WHERE ( `product_id` = 158 ) AND ( `attribute_id` = 4 ) LIMIT 1   [ RunTime:0.000000s ]
SQL: SELECT `value` FROM `product_attribute_list` WHERE ( `product_id` = 20 ) AND ( `attribute_id` = 1 ) LIMIT 1   [ RunTime:0.000000s ]
SQL: SELECT `value` FROM `product_attribute_list` WHERE ( `product_id` = 20 ) AND ( `attribute_id` = 2 ) LIMIT 1   [ RunTime:0.000000s ]
SQL: SELECT `value` FROM `product_attribute_list` WHERE ( `product_id` = 20 ) AND ( `attribute_id` = 4 ) LIMIT 1   [ RunTime:0.000000s ]
SQL: SELECT `value` FROM `product_attribute_list` WHERE ( `product_id` = 144 ) AND ( `attribute_id` = 1 ) LIMIT 1   [ RunTime:0.000000s ]
SQL: SELECT `value` FROM `product_attribute_list` WHERE ( `product_id` = 144 ) AND ( `attribute_id` = 2 ) LIMIT 1   [ RunTime:0.015600s ]
SQL: SELECT `value` FROM `product_attribute_list` WHERE ( `product_id` = 144 ) AND ( `attribute_id` = 4 ) LIMIT 1   [ RunTime:0.000000s ]
SQL: SELECT `value` FROM `product_attribute_list` WHERE ( `product_id` = 145 ) AND ( `attribute_id` = 1 ) LIMIT 1   [ RunTime:0.000000s ]
SQL: SELECT `value` FROM `product_attribute_list` WHERE ( `product_id` = 145 ) AND ( `attribute_id` = 2 ) LIMIT 1   [ RunTime:0.000000s ]
SQL: SELECT `value` FROM `product_attribute_list` WHERE ( `product_id` = 145 ) AND ( `attribute_id` = 4 ) LIMIT 1   [ RunTime:0.000000s ]
SQL: SELECT `value` FROM `product_attribute_list` WHERE ( `product_id` = 146 ) AND ( `attribute_id` = 1 ) LIMIT 1   [ RunTime:0.000000s ]
SQL: SELECT `value` FROM `product_attribute_list` WHERE ( `product_id` = 146 ) AND ( `attribute_id` = 2 ) LIMIT 1   [ RunTime:0.000000s ]
SQL: SELECT `value` FROM `product_attribute_list` WHERE ( `product_id` = 146 ) AND ( `attribute_id` = 4 ) LIMIT 1   [ RunTime:0.000000s ]
SQL: SELECT `value` FROM `product_attribute_list` WHERE ( `product_id` = 147 ) AND ( `attribute_id` = 1 ) LIMIT 1   [ RunTime:0.000000s ]
SQL: SELECT `value` FROM `product_attribute_list` WHERE ( `product_id` = 147 ) AND ( `attribute_id` = 2 ) LIMIT 1   [ RunTime:0.000000s ]
SQL: SELECT `value` FROM `product_attribute_list` WHERE ( `product_id` = 147 ) AND ( `attribute_id` = 4 ) LIMIT 1   [ RunTime:0.000000s ]
SQL: SELECT `value` FROM `product_attribute_list` WHERE ( `product_id` = 148 ) AND ( `attribute_id` = 1 ) LIMIT 1   [ RunTime:0.000000s ]
SQL: SELECT `value` FROM `product_attribute_list` WHERE ( `product_id` = 148 ) AND ( `attribute_id` = 2 ) LIMIT 1   [ RunTime:0.000000s ]
SQL: SELECT `value` FROM `product_attribute_list` WHERE ( `product_id` = 148 ) AND ( `attribute_id` = 4 ) LIMIT 1   [ RunTime:0.000000s ]
SQL: SELECT `value` FROM `product_attribute_list` WHERE ( `product_id` = 149 ) AND ( `attribute_id` = 1 ) LIMIT 1   [ RunTime:0.000000s ]
SQL: SELECT `value` FROM `product_attribute_list` WHERE ( `product_id` = 149 ) AND ( `attribute_id` = 2 ) LIMIT 1   [ RunTime:0.000000s ]
SQL: SELECT `value` FROM `product_attribute_list` WHERE ( `product_id` = 149 ) AND ( `attribute_id` = 4 ) LIMIT 1   [ RunTime:0.000000s ]
SQL: SELECT `value` FROM `product_attribute_list` WHERE ( `product_id` = 150 ) AND ( `attribute_id` = 1 ) LIMIT 1   [ RunTime:0.000000s ]
SQL: SELECT `value` FROM `product_attribute_list` WHERE ( `product_id` = 150 ) AND ( `attribute_id` = 2 ) LIMIT 1   [ RunTime:0.000000s ]
SQL: SELECT `value` FROM `product_attribute_list` WHERE ( `product_id` = 150 ) AND ( `attribute_id` = 4 ) LIMIT 1   [ RunTime:0.000000s ]
SQL: SELECT `value` FROM `product_attribute_list` WHERE ( `product_id` = 151 ) AND ( `attribute_id` = 1 ) LIMIT 1   [ RunTime:0.000000s ]
SQL: SELECT `value` FROM `product_attribute_list` WHERE ( `product_id` = 151 ) AND ( `attribute_id` = 2 ) LIMIT 1   [ RunTime:0.000000s ]
SQL: SELECT `value` FROM `product_attribute_list` WHERE ( `product_id` = 151 ) AND ( `attribute_id` = 4 ) LIMIT 1   [ RunTime:0.000000s ]
SQL: SELECT `value` FROM `product_attribute_list` WHERE ( `product_id` = 152 ) AND ( `attribute_id` = 1 ) LIMIT 1   [ RunTime:0.000000s ]
SQL: SELECT `value` FROM `product_attribute_list` WHERE ( `product_id` = 152 ) AND ( `attribute_id` = 2 ) LIMIT 1   [ RunTime:0.000000s ]
SQL: SELECT `value` FROM `product_attribute_list` WHERE ( `product_id` = 152 ) AND ( `attribute_id` = 4 ) LIMIT 1   [ RunTime:0.000000s ]
SQL: SELECT `value` FROM `product_attribute_list` WHERE ( `product_id` = 153 ) AND ( `attribute_id` = 1 ) LIMIT 1   [ RunTime:0.015600s ]
SQL: SELECT `value` FROM `product_attribute_list` WHERE ( `product_id` = 153 ) AND ( `attribute_id` = 2 ) LIMIT 1   [ RunTime:0.000000s ]
SQL: SELECT `value` FROM `product_attribute_list` WHERE ( `product_id` = 153 ) AND ( `attribute_id` = 4 ) LIMIT 1   [ RunTime:0.000000s ]
SQL: SELECT `value` FROM `product_attribute_list` WHERE ( `product_id` = 154 ) AND ( `attribute_id` = 1 ) LIMIT 1   [ RunTime:0.000000s ]
SQL: SELECT `value` FROM `product_attribute_list` WHERE ( `product_id` = 154 ) AND ( `attribute_id` = 2 ) LIMIT 1   [ RunTime:0.000000s ]
SQL: SELECT `value` FROM `product_attribute_list` WHERE ( `product_id` = 154 ) AND ( `attribute_id` = 4 ) LIMIT 1   [ RunTime:0.000000s ]
SQL: SELECT `value` FROM `product_attribute_list` WHERE ( `product_id` = 155 ) AND ( `attribute_id` = 1 ) LIMIT 1   [ RunTime:0.000000s ]
SQL: SELECT `value` FROM `product_attribute_list` WHERE ( `product_id` = 155 ) AND ( `attribute_id` = 2 ) LIMIT 1   [ RunTime:0.000000s ]
SQL: SELECT `value` FROM `product_attribute_list` WHERE ( `product_id` = 155 ) AND ( `attribute_id` = 4 ) LIMIT 1   [ RunTime:0.000000s ]
SQL: SELECT `value` FROM `product_attribute_list` WHERE ( `product_id` = 156 ) AND ( `attribute_id` = 1 ) LIMIT 1   [ RunTime:0.000000s ]
SQL: SELECT `value` FROM `product_attribute_list` WHERE ( `product_id` = 156 ) AND ( `attribute_id` = 2 ) LIMIT 1   [ RunTime:0.000000s ]
SQL: SELECT `value` FROM `product_attribute_list` WHERE ( `product_id` = 156 ) AND ( `attribute_id` = 4 ) LIMIT 1   [ RunTime:0.000000s ]
SQL: SELECT `value` FROM `product_attribute_list` WHERE ( `product_id` = 112 ) AND ( `attribute_id` = 1 ) LIMIT 1   [ RunTime:0.000000s ]
SQL: SELECT `value` FROM `product_attribute_list` WHERE ( `product_id` = 112 ) AND ( `attribute_id` = 2 ) LIMIT 1   [ RunTime:0.000000s ]
SQL: SELECT `value` FROM `product_attribute_list` WHERE ( `product_id` = 112 ) AND ( `attribute_id` = 4 ) LIMIT 1   [ RunTime:0.000000s ]
SQL: SELECT `value` FROM `product_attribute_list` WHERE ( `product_id` = 108 ) AND ( `attribute_id` = 1 ) LIMIT 1   [ RunTime:0.000000s ]
SQL: SELECT `value` FROM `product_attribute_list` WHERE ( `product_id` = 108 ) AND ( `attribute_id` = 2 ) LIMIT 1   [ RunTime:0.000000s ]
SQL: SELECT `value` FROM `product_attribute_list` WHERE ( `product_id` = 108 ) AND ( `attribute_id` = 4 ) LIMIT 1   [ RunTime:0.000000s ]
SQL: SELECT `value` FROM `product_attribute_list` WHERE ( `product_id` = 26 ) AND ( `attribute_id` = 1 ) LIMIT 1   [ RunTime:0.000000s ]
SQL: SELECT `value` FROM `product_attribute_list` WHERE ( `product_id` = 26 ) AND ( `attribute_id` = 2 ) LIMIT 1   [ RunTime:0.000000s ]
SQL: SELECT `value` FROM `product_attribute_list` WHERE ( `product_id` = 26 ) AND ( `attribute_id` = 4 ) LIMIT 1   [ RunTime:0.000000s ]
SQL: SELECT `value` FROM `product_attribute_list` WHERE ( `product_id` = 134 ) AND ( `attribute_id` = 1 ) LIMIT 1   [ RunTime:0.000000s ]
SQL: SELECT `value` FROM `product_attribute_list` WHERE ( `product_id` = 134 ) AND ( `attribute_id` = 2 ) LIMIT 1   [ RunTime:0.000000s ]
SQL: SELECT `value` FROM `product_attribute_list` WHERE ( `product_id` = 134 ) AND ( `attribute_id` = 4 ) LIMIT 1   [ RunTime:0.000000s ]
SQL: SELECT `value` FROM `product_attribute_list` WHERE ( `product_id` = 135 ) AND ( `attribute_id` = 1 ) LIMIT 1   [ RunTime:0.000000s ]
SQL: SELECT `value` FROM `product_attribute_list` WHERE ( `product_id` = 135 ) AND ( `attribute_id` = 2 ) LIMIT 1   [ RunTime:0.000000s ]
SQL: SELECT `value` FROM `product_attribute_list` WHERE ( `product_id` = 135 ) AND ( `attribute_id` = 4 ) LIMIT 1   [ RunTime:0.000000s ]
SQL: SELECT `value` FROM `product_attribute_list` WHERE ( `product_id` = 136 ) AND ( `attribute_id` = 1 ) LIMIT 1   [ RunTime:0.000000s ]
SQL: SELECT `value` FROM `product_attribute_list` WHERE ( `product_id` = 136 ) AND ( `attribute_id` = 2 ) LIMIT 1   [ RunTime:0.000000s ]
SQL: SELECT `value` FROM `product_attribute_list` WHERE ( `product_id` = 136 ) AND ( `attribute_id` = 4 ) LIMIT 1   [ RunTime:0.000000s ]
INFO: [ view_template ] --START--
INFO: Run LocationTemplate Behavior [ RunTime:0.000000s ]
INFO: [ view_template ] --END-- [ RunTime:0.000000s ]
INFO: [ view_parse ] --START--
NOTIC: [8] Undefined index: class D:\wwwroot\pc_dtyd\admin\Runtime\Cache\0542c7ad31f045b7d0d16659eb4ee50e.php 第 48 行.
NOTIC: [8] Undefined index: frame D:\wwwroot\pc_dtyd\admin\Runtime\Cache\0542c7ad31f045b7d0d16659eb4ee50e.php 第 49 行.
NOTIC: [8] Undefined index: keyword D:\wwwroot\pc_dtyd\admin\Runtime\Cache\0542c7ad31f045b7d0d16659eb4ee50e.php 第 50 行.
INFO: Run ParseTemplate Behavior [ RunTime:0.031200s ]
INFO: [ view_parse ] --END-- [ RunTime:0.031200s ]
INFO: [ view_filter ] --START--
INFO: Run ContentReplace Behavior [ RunTime:0.000000s ]
INFO: Run TokenBuild Behavior [ RunTime:0.015600s ]
INFO: Run WriteHtmlCache Behavior [ RunTime:0.000000s ]
INFO: Run ShowRuntime Behavior [ RunTime:0.000000s ]
INFO: [ view_filter ] --END-- [ RunTime:0.015600s ]
INFO: [ view_end ] --START--
INFO: Run ShowPageTrace Behavior [ RunTime:0.000000s ]
INFO: [ view_end ] --END-- [ RunTime:0.000000s ]

