[ 2016-09-02T09:38:10+08:00 ] 183.69.193.88 /admin.php/login/login
INFO: [ route_check ] --START--
INFO: Run CheckRoute Behavior [ RunTime:0.000000s ]
INFO: [ route_check ] --END-- [ RunTime:0.000000s ]
INFO: [ app_begin ] --START--
INFO: Run ReadHtmlCache Behavior [ RunTime:0.000000s ]
INFO: [ app_begin ] --END-- [ RunTime:0.000000s ]
INFO: [ view_template ] --START--
INFO: Run LocationTemplate Behavior [ RunTime:0.000000s ]
INFO: [ view_template ] --END-- [ RunTime:0.000000s ]
INFO: [ view_parse ] --START--
INFO: Run ParseTemplate Behavior [ RunTime:0.015600s ]
INFO: [ view_parse ] --END-- [ RunTime:0.015600s ]
INFO: [ view_filter ] --START--
INFO: Run ContentReplace Behavior [ RunTime:0.000000s ]
INFO: Run TokenBuild Behavior [ RunTime:0.000000s ]
INFO: Run WriteHtmlCache Behavior [ RunTime:0.000000s ]
INFO: Run ShowRuntime Behavior [ RunTime:0.000000s ]
INFO: [ view_filter ] --END-- [ RunTime:0.000000s ]
INFO: [ view_end ] --START--
INFO: Run ShowPageTrace Behavior [ RunTime:0.000000s ]
INFO: [ view_end ] --END-- [ RunTime:0.000000s ]

[ 2016-09-02T09:38:10+08:00 ] 183.69.193.88 /admin.php/login/verify
INFO: [ route_check ] --START--
INFO: Run CheckRoute Behavior [ RunTime:0.000000s ]
INFO: [ route_check ] --END-- [ RunTime:0.000000s ]
INFO: [ app_begin ] --START--
INFO: Run ReadHtmlCache Behavior [ RunTime:0.000000s ]
INFO: [ app_begin ] --END-- [ RunTime:0.000000s ]

[ 2016-09-02T09:38:16+08:00 ] 183.69.193.88 /admin.php/login/loginFunAjaxName
INFO: [ route_check ] --START--
INFO: Run CheckRoute Behavior [ RunTime:0.000000s ]
INFO: [ route_check ] --END-- [ RunTime:0.000000s ]
INFO: [ app_begin ] --START--
INFO: Run ReadHtmlCache Behavior [ RunTime:0.000000s ]
INFO: [ app_begin ] --END-- [ RunTime:0.000000s ]
SQL: SHOW COLUMNS FROM `admin_user` [ RunTime:0.000000s ]
SQL: SELECT COUNT(*) AS tp_count FROM `admin_user` WHERE ( name ='root' ) LIMIT 1   [ RunTime:0.000000s ]

[ 2016-09-02T09:38:16+08:00 ] 183.69.193.88 /admin.php/login/loginFunAjaxPassword
INFO: [ route_check ] --START--
INFO: Run CheckRoute Behavior [ RunTime:0.000000s ]
INFO: [ route_check ] --END-- [ RunTime:0.000000s ]
INFO: [ app_begin ] --START--
INFO: Run ReadHtmlCache Behavior [ RunTime:0.000000s ]
INFO: [ app_begin ] --END-- [ RunTime:0.000000s ]
SQL: SHOW COLUMNS FROM `admin_user` [ RunTime:0.015600s ]
SQL: SELECT COUNT(*) AS tp_count FROM `admin_user` WHERE ( `password` = 'd9b1d7db4cd6e70935368a1efb10e377' ) AND ( `name` = 'root' ) LIMIT 1   [ RunTime:0.000000s ]

[ 2016-09-02T09:38:16+08:00 ] 183.69.193.88 /admin.php/login/loginFunAjaxCode
INFO: [ route_check ] --START--
INFO: Run CheckRoute Behavior [ RunTime:0.000000s ]
INFO: [ route_check ] --END-- [ RunTime:0.000000s ]
INFO: [ app_begin ] --START--
INFO: Run ReadHtmlCache Behavior [ RunTime:0.000000s ]
INFO: [ app_begin ] --END-- [ RunTime:0.000000s ]

[ 2016-09-02T09:38:17+08:00 ] 183.69.193.88 /admin.php/login/loginFundo
INFO: [ route_check ] --START--
INFO: Run CheckRoute Behavior [ RunTime:0.000000s ]
INFO: [ route_check ] --END-- [ RunTime:0.000000s ]
INFO: [ app_begin ] --START--
INFO: Run ReadHtmlCache Behavior [ RunTime:0.000000s ]
INFO: [ app_begin ] --END-- [ RunTime:0.000000s ]
SQL: SHOW COLUMNS FROM `admin_user` [ RunTime:0.015600s ]
SQL: SELECT COUNT(*) AS tp_count FROM `admin_user` WHERE ( `password` = 'd9b1d7db4cd6e70935368a1efb10e377' ) AND ( `name` = 'root' ) LIMIT 1   [ RunTime:0.000000s ]
NOTIC: [8] Undefined index: sessionName D:\wwwroot\pc_dtyd\admin\Lib\Action\loginAction.class.php 第 63 行.
SQL: UPDATE `admin_user` SET `loginTime`=1472780297 WHERE ( `name` = 'root' ) [ RunTime:0.000000s ]
SQL: SHOW COLUMNS FROM `record` [ RunTime:0.000000s ]
SQL: INSERT INTO `record` (`time`,`remark`) VALUES (1472780297,'用户登录') [ RunTime:0.000000s ]
INFO: [ view_template ] --START--
INFO: Run LocationTemplate Behavior [ RunTime:0.000000s ]
INFO: [ view_template ] --END-- [ RunTime:0.000000s ]
INFO: [ view_parse ] --START--
INFO: Run ParseTemplate Behavior [ RunTime:0.031200s ]
INFO: [ view_parse ] --END-- [ RunTime:0.031200s ]
INFO: [ view_filter ] --START--
INFO: Run ContentReplace Behavior [ RunTime:0.000000s ]
INFO: Run TokenBuild Behavior [ RunTime:0.000000s ]
INFO: Run WriteHtmlCache Behavior [ RunTime:0.000000s ]
INFO: Run ShowRuntime Behavior [ RunTime:0.000000s ]
INFO: [ view_filter ] --END-- [ RunTime:0.000000s ]
INFO: [ view_end ] --START--
INFO: Run ShowPageTrace Behavior [ RunTime:0.000000s ]
INFO: [ view_end ] --END-- [ RunTime:0.000000s ]

[ 2016-09-02T09:38:18+08:00 ] 183.69.193.88 /admin.php/Index/index
INFO: [ route_check ] --START--
INFO: Run CheckRoute Behavior [ RunTime:0.000000s ]
INFO: [ route_check ] --END-- [ RunTime:0.000000s ]
INFO: [ app_begin ] --START--
INFO: Run ReadHtmlCache Behavior [ RunTime:0.000000s ]
INFO: [ app_begin ] --END-- [ RunTime:0.000000s ]
SQL: SHOW COLUMNS FROM `system` [ RunTime:0.000000s ]
SQL: SELECT `atuo_time` FROM `system` LIMIT 1   [ RunTime:0.000000s ]
SQL: SHOW COLUMNS FROM `order` [ RunTime:0.000000s ]
SQL: SELECT `endtime`,`order_id`,`need_pay` FROM `order` WHERE ( `status` = 3 )  [ RunTime:0.000000s ]
SQL: SELECT * FROM `system` WHERE ( system_id=1 ) LIMIT 1   [ RunTime:0.000000s ]
SQL: SHOW COLUMNS FROM `product` [ RunTime:0.000000s ]
SQL: SELECT `product_id` FROM `product` WHERE ( `able_discount` = 1 )  [ RunTime:0.000000s ]
SQL: SELECT COUNT(*) AS tp_count FROM `product` WHERE ( `able_discount` = 1 ) AND ( `product_id` = 5 ) LIMIT 1   [ RunTime:0.000000s ]
SQL: SELECT `discount_beg_time`,`discount_end_time`,`price3` FROM `product` WHERE ( `able_discount` = 1 ) AND ( `product_id` = 5 )  [ RunTime:0.000000s ]
SQL: UPDATE `product` SET `is_discount`='' WHERE ( `product_id` = 5 ) [ RunTime:0.000000s ]
SQL: SELECT COUNT(*) AS tp_count FROM `product` WHERE ( `able_discount` = 1 ) AND ( `product_id` = 6 ) LIMIT 1   [ RunTime:0.000000s ]
SQL: SELECT `discount_beg_time`,`discount_end_time`,`price3` FROM `product` WHERE ( `able_discount` = 1 ) AND ( `product_id` = 6 )  [ RunTime:0.000000s ]
SQL: UPDATE `product` SET `is_discount`='' WHERE ( `product_id` = 6 ) [ RunTime:0.000000s ]
SQL: SELECT COUNT(*) AS tp_count FROM `product` WHERE ( `able_discount` = 1 ) AND ( `product_id` = 4 ) LIMIT 1   [ RunTime:0.000000s ]
SQL: SELECT `discount_beg_time`,`discount_end_time`,`price3` FROM `product` WHERE ( `able_discount` = 1 ) AND ( `product_id` = 4 )  [ RunTime:0.000000s ]
SQL: UPDATE `product` SET `is_discount`='' WHERE ( `product_id` = 4 ) [ RunTime:0.000000s ]
SQL: SELECT COUNT(*) AS tp_count FROM `product` WHERE ( `able_discount` = 1 ) AND ( `product_id` = 7 ) LIMIT 1   [ RunTime:0.000000s ]
SQL: SELECT `discount_beg_time`,`discount_end_time`,`price3` FROM `product` WHERE ( `able_discount` = 1 ) AND ( `product_id` = 7 )  [ RunTime:0.000000s ]
SQL: UPDATE `product` SET `is_discount`='' WHERE ( `product_id` = 7 ) [ RunTime:0.000000s ]
SQL: SELECT COUNT(*) AS tp_count FROM `product` WHERE ( `able_discount` = 1 ) AND ( `product_id` = 8 ) LIMIT 1   [ RunTime:0.000000s ]
SQL: SELECT `discount_beg_time`,`discount_end_time`,`price3` FROM `product` WHERE ( `able_discount` = 1 ) AND ( `product_id` = 8 )  [ RunTime:0.000000s ]
SQL: UPDATE `product` SET `is_discount`='' WHERE ( `product_id` = 8 ) [ RunTime:0.000000s ]
SQL: SELECT COUNT(*) AS tp_count FROM `product` WHERE ( `able_discount` = 1 ) AND ( `product_id` = 9 ) LIMIT 1   [ RunTime:0.000000s ]
SQL: SELECT `discount_beg_time`,`discount_end_time`,`price3` FROM `product` WHERE ( `able_discount` = 1 ) AND ( `product_id` = 9 )  [ RunTime:0.000000s ]
SQL: UPDATE `product` SET `is_discount`='' WHERE ( `product_id` = 9 ) [ RunTime:0.000000s ]
SQL: SELECT COUNT(*) AS tp_count FROM `product` WHERE ( `able_discount` = 1 ) AND ( `product_id` = 10 ) LIMIT 1   [ RunTime:0.015600s ]
SQL: SELECT `discount_beg_time`,`discount_end_time`,`price3` FROM `product` WHERE ( `able_discount` = 1 ) AND ( `product_id` = 10 )  [ RunTime:0.000000s ]
SQL: UPDATE `product` SET `is_discount`='' WHERE ( `product_id` = 10 ) [ RunTime:0.000000s ]
SQL: SELECT COUNT(*) AS tp_count FROM `product` WHERE ( `able_discount` = 1 ) AND ( `product_id` = 11 ) LIMIT 1   [ RunTime:0.000000s ]
SQL: SELECT `discount_beg_time`,`discount_end_time`,`price3` FROM `product` WHERE ( `able_discount` = 1 ) AND ( `product_id` = 11 )  [ RunTime:0.000000s ]
SQL: UPDATE `product` SET `is_discount`='' WHERE ( `product_id` = 11 ) [ RunTime:0.000000s ]
SQL: SELECT COUNT(*) AS tp_count FROM `product` WHERE ( `able_discount` = 1 ) AND ( `product_id` = 12 ) LIMIT 1   [ RunTime:0.000000s ]
SQL: SELECT `discount_beg_time`,`discount_end_time`,`price3` FROM `product` WHERE ( `able_discount` = 1 ) AND ( `product_id` = 12 )  [ RunTime:0.000000s ]
SQL: UPDATE `product` SET `is_discount`='' WHERE ( `product_id` = 12 ) [ RunTime:0.000000s ]
SQL: SELECT COUNT(*) AS tp_count FROM `product` WHERE ( `able_discount` = 1 ) AND ( `product_id` = 13 ) LIMIT 1   [ RunTime:0.000000s ]
SQL: SELECT `discount_beg_time`,`discount_end_time`,`price3` FROM `product` WHERE ( `able_discount` = 1 ) AND ( `product_id` = 13 )  [ RunTime:0.000000s ]
SQL: UPDATE `product` SET `is_discount`='' WHERE ( `product_id` = 13 ) [ RunTime:0.000000s ]
SQL: SELECT COUNT(*) AS tp_count FROM `product` WHERE ( `able_discount` = 1 ) AND ( `product_id` = 14 ) LIMIT 1   [ RunTime:0.000000s ]
SQL: SELECT `discount_beg_time`,`discount_end_time`,`price3` FROM `product` WHERE ( `able_discount` = 1 ) AND ( `product_id` = 14 )  [ RunTime:0.000000s ]
SQL: UPDATE `product` SET `is_discount`='' WHERE ( `product_id` = 14 ) [ RunTime:0.000000s ]
SQL: SELECT COUNT(*) AS tp_count FROM `product` WHERE ( `able_discount` = 1 ) AND ( `product_id` = 15 ) LIMIT 1   [ RunTime:0.000000s ]
SQL: SELECT `discount_beg_time`,`discount_end_time`,`price3` FROM `product` WHERE ( `able_discount` = 1 ) AND ( `product_id` = 15 )  [ RunTime:0.000000s ]
SQL: UPDATE `product` SET `is_discount`='' WHERE ( `product_id` = 15 ) [ RunTime:0.000000s ]
SQL: SELECT COUNT(*) AS tp_count FROM `product` WHERE ( `able_discount` = 1 ) AND ( `product_id` = 16 ) LIMIT 1   [ RunTime:0.000000s ]
SQL: SELECT `discount_beg_time`,`discount_end_time`,`price3` FROM `product` WHERE ( `able_discount` = 1 ) AND ( `product_id` = 16 )  [ RunTime:0.000000s ]
SQL: UPDATE `product` SET `is_discount`='' WHERE ( `product_id` = 16 ) [ RunTime:0.000000s ]
SQL: SELECT COUNT(*) AS tp_count FROM `product` WHERE ( `able_discount` = 1 ) AND ( `product_id` = 17 ) LIMIT 1   [ RunTime:0.000000s ]
SQL: SELECT `discount_beg_time`,`discount_end_time`,`price3` FROM `product` WHERE ( `able_discount` = 1 ) AND ( `product_id` = 17 )  [ RunTime:0.000000s ]
SQL: UPDATE `product` SET `is_discount`='' WHERE ( `product_id` = 17 ) [ RunTime:0.000000s ]
SQL: SELECT COUNT(*) AS tp_count FROM `product` WHERE ( `able_discount` = 1 ) AND ( `product_id` = 18 ) LIMIT 1   [ RunTime:0.000000s ]
SQL: SELECT `discount_beg_time`,`discount_end_time`,`price3` FROM `product` WHERE ( `able_discount` = 1 ) AND ( `product_id` = 18 )  [ RunTime:0.000000s ]
SQL: UPDATE `product` SET `is_discount`='' WHERE ( `product_id` = 18 ) [ RunTime:0.000000s ]
SQL: SELECT COUNT(*) AS tp_count FROM `product` WHERE ( `able_discount` = 1 ) AND ( `product_id` = 19 ) LIMIT 1   [ RunTime:0.000000s ]
SQL: SELECT `discount_beg_time`,`discount_end_time`,`price3` FROM `product` WHERE ( `able_discount` = 1 ) AND ( `product_id` = 19 )  [ RunTime:0.000000s ]
SQL: UPDATE `product` SET `is_discount`='' WHERE ( `product_id` = 19 ) [ RunTime:0.000000s ]
SQL: SELECT COUNT(*) AS tp_count FROM `product` WHERE ( `able_discount` = 1 ) AND ( `product_id` = 20 ) LIMIT 1   [ RunTime:0.000000s ]
SQL: SELECT `discount_beg_time`,`discount_end_time`,`price3` FROM `product` WHERE ( `able_discount` = 1 ) AND ( `product_id` = 20 )  [ RunTime:0.000000s ]
SQL: UPDATE `product` SET `is_discount`='' WHERE ( `product_id` = 20 ) [ RunTime:0.000000s ]
SQL: SELECT COUNT(*) AS tp_count FROM `product` WHERE ( `able_discount` = 1 ) AND ( `product_id` = 21 ) LIMIT 1   [ RunTime:0.000000s ]
SQL: SELECT `discount_beg_time`,`discount_end_time`,`price3` FROM `product` WHERE ( `able_discount` = 1 ) AND ( `product_id` = 21 )  [ RunTime:0.000000s ]
SQL: UPDATE `product` SET `is_discount`='' WHERE ( `product_id` = 21 ) [ RunTime:0.000000s ]
SQL: SELECT COUNT(*) AS tp_count FROM `product` WHERE ( `able_discount` = 1 ) AND ( `product_id` = 22 ) LIMIT 1   [ RunTime:0.000000s ]
SQL: SELECT `discount_beg_time`,`discount_end_time`,`price3` FROM `product` WHERE ( `able_discount` = 1 ) AND ( `product_id` = 22 )  [ RunTime:0.000000s ]
SQL: UPDATE `product` SET `is_discount`='' WHERE ( `product_id` = 22 ) [ RunTime:0.000000s ]
SQL: SELECT COUNT(*) AS tp_count FROM `product` WHERE ( `able_discount` = 1 ) AND ( `product_id` = 23 ) LIMIT 1   [ RunTime:0.015600s ]
SQL: SELECT `discount_beg_time`,`discount_end_time`,`price3` FROM `product` WHERE ( `able_discount` = 1 ) AND ( `product_id` = 23 )  [ RunTime:0.000000s ]
SQL: UPDATE `product` SET `is_discount`='' WHERE ( `product_id` = 23 ) [ RunTime:0.000000s ]
SQL: SELECT COUNT(*) AS tp_count FROM `product` WHERE ( `able_discount` = 1 ) AND ( `product_id` = 24 ) LIMIT 1   [ RunTime:0.000000s ]
SQL: SELECT `discount_beg_time`,`discount_end_time`,`price3` FROM `product` WHERE ( `able_discount` = 1 ) AND ( `product_id` = 24 )  [ RunTime:0.000000s ]
SQL: UPDATE `product` SET `is_discount`='' WHERE ( `product_id` = 24 ) [ RunTime:0.000000s ]
SQL: SELECT COUNT(*) AS tp_count FROM `product` WHERE ( `able_discount` = 1 ) AND ( `product_id` = 25 ) LIMIT 1   [ RunTime:0.000000s ]
SQL: SELECT `discount_beg_time`,`discount_end_time`,`price3` FROM `product` WHERE ( `able_discount` = 1 ) AND ( `product_id` = 25 )  [ RunTime:0.000000s ]
SQL: UPDATE `product` SET `is_discount`='' WHERE ( `product_id` = 25 ) [ RunTime:0.000000s ]
SQL: SELECT COUNT(*) AS tp_count FROM `product` WHERE ( `able_discount` = 1 ) AND ( `product_id` = 26 ) LIMIT 1   [ RunTime:0.000000s ]
SQL: SELECT `discount_beg_time`,`discount_end_time`,`price3` FROM `product` WHERE ( `able_discount` = 1 ) AND ( `product_id` = 26 )  [ RunTime:0.000000s ]
SQL: UPDATE `product` SET `is_discount`='' WHERE ( `product_id` = 26 ) [ RunTime:0.000000s ]
SQL: SELECT COUNT(*) AS tp_count FROM `product` WHERE ( `able_discount` = 1 ) AND ( `product_id` = 27 ) LIMIT 1   [ RunTime:0.000000s ]
SQL: SELECT `discount_beg_time`,`discount_end_time`,`price3` FROM `product` WHERE ( `able_discount` = 1 ) AND ( `product_id` = 27 )  [ RunTime:0.000000s ]
SQL: UPDATE `product` SET `is_discount`='' WHERE ( `product_id` = 27 ) [ RunTime:0.000000s ]
SQL: SELECT COUNT(*) AS tp_count FROM `product` WHERE ( `able_discount` = 1 ) AND ( `product_id` = 28 ) LIMIT 1   [ RunTime:0.000000s ]
SQL: SELECT `discount_beg_time`,`discount_end_time`,`price3` FROM `product` WHERE ( `able_discount` = 1 ) AND ( `product_id` = 28 )  [ RunTime:0.000000s ]
SQL: UPDATE `product` SET `is_discount`='' WHERE ( `product_id` = 28 ) [ RunTime:0.000000s ]
SQL: SELECT COUNT(*) AS tp_count FROM `product` WHERE ( `able_discount` = 1 ) AND ( `product_id` = 29 ) LIMIT 1   [ RunTime:0.000000s ]
SQL: SELECT `discount_beg_time`,`discount_end_time`,`price3` FROM `product` WHERE ( `able_discount` = 1 ) AND ( `product_id` = 29 )  [ RunTime:0.000000s ]
SQL: UPDATE `product` SET `is_discount`='' WHERE ( `product_id` = 29 ) [ RunTime:0.000000s ]
SQL: SELECT COUNT(*) AS tp_count FROM `product` WHERE ( `able_discount` = 1 ) AND ( `product_id` = 30 ) LIMIT 1   [ RunTime:0.000000s ]
SQL: SELECT `discount_beg_time`,`discount_end_time`,`price3` FROM `product` WHERE ( `able_discount` = 1 ) AND ( `product_id` = 30 )  [ RunTime:0.000000s ]
SQL: UPDATE `product` SET `is_discount`='' WHERE ( `product_id` = 30 ) [ RunTime:0.000000s ]
SQL: SELECT COUNT(*) AS tp_count FROM `product` WHERE ( `able_discount` = 1 ) AND ( `product_id` = 31 ) LIMIT 1   [ RunTime:0.000000s ]
SQL: SELECT `discount_beg_time`,`discount_end_time`,`price3` FROM `product` WHERE ( `able_discount` = 1 ) AND ( `product_id` = 31 )  [ RunTime:0.000000s ]
SQL: UPDATE `product` SET `is_discount`='' WHERE ( `product_id` = 31 ) [ RunTime:0.000000s ]
SQL: SELECT COUNT(*) AS tp_count FROM `product` WHERE ( `able_discount` = 1 ) AND ( `product_id` = 32 ) LIMIT 1   [ RunTime:0.000000s ]
SQL: SELECT `discount_beg_time`,`discount_end_time`,`price3` FROM `product` WHERE ( `able_discount` = 1 ) AND ( `product_id` = 32 )  [ RunTime:0.000000s ]
SQL: UPDATE `product` SET `is_discount`='' WHERE ( `product_id` = 32 ) [ RunTime:0.000000s ]
SQL: SELECT COUNT(*) AS tp_count FROM `product` WHERE ( `able_discount` = 1 ) AND ( `product_id` = 33 ) LIMIT 1   [ RunTime:0.000000s ]
SQL: SELECT `discount_beg_time`,`discount_end_time`,`price3` FROM `product` WHERE ( `able_discount` = 1 ) AND ( `product_id` = 33 )  [ RunTime:0.000000s ]
SQL: UPDATE `product` SET `is_discount`='' WHERE ( `product_id` = 33 ) [ RunTime:0.000000s ]
SQL: SELECT COUNT(*) AS tp_count FROM `product` WHERE ( `able_discount` = 1 ) AND ( `product_id` = 34 ) LIMIT 1   [ RunTime:0.000000s ]
SQL: SELECT `discount_beg_time`,`discount_end_time`,`price3` FROM `product` WHERE ( `able_discount` = 1 ) AND ( `product_id` = 34 )  [ RunTime:0.000000s ]
SQL: UPDATE `product` SET `is_discount`='' WHERE ( `product_id` = 34 ) [ RunTime:0.000000s ]
SQL: SELECT COUNT(*) AS tp_count FROM `product` WHERE ( `able_discount` = 1 ) AND ( `product_id` = 35 ) LIMIT 1   [ RunTime:0.000000s ]
SQL: SELECT `discount_beg_time`,`discount_end_time`,`price3` FROM `product` WHERE ( `able_discount` = 1 ) AND ( `product_id` = 35 )  [ RunTime:0.000000s ]
SQL: UPDATE `product` SET `is_discount`='' WHERE ( `product_id` = 35 ) [ RunTime:0.000000s ]
SQL: SELECT COUNT(*) AS tp_count FROM `product` WHERE ( `able_discount` = 1 ) AND ( `product_id` = 36 ) LIMIT 1   [ RunTime:0.015600s ]
SQL: SELECT `discount_beg_time`,`discount_end_time`,`price3` FROM `product` WHERE ( `able_discount` = 1 ) AND ( `product_id` = 36 )  [ RunTime:0.000000s ]
SQL: UPDATE `product` SET `is_discount`='' WHERE ( `product_id` = 36 ) [ RunTime:0.000000s ]
SQL: SELECT COUNT(*) AS tp_count FROM `product` WHERE ( `able_discount` = 1 ) AND ( `product_id` = 37 ) LIMIT 1   [ RunTime:0.000000s ]
SQL: SELECT `discount_beg_time`,`discount_end_time`,`price3` FROM `product` WHERE ( `able_discount` = 1 ) AND ( `product_id` = 37 )  [ RunTime:0.000000s ]
SQL: UPDATE `product` SET `is_discount`='' WHERE ( `product_id` = 37 ) [ RunTime:0.000000s ]
SQL: SELECT COUNT(*) AS tp_count FROM `product` WHERE ( `able_discount` = 1 ) AND ( `product_id` = 38 ) LIMIT 1   [ RunTime:0.000000s ]
SQL: SELECT `discount_beg_time`,`discount_end_time`,`price3` FROM `product` WHERE ( `able_discount` = 1 ) AND ( `product_id` = 38 )  [ RunTime:0.000000s ]
SQL: UPDATE `product` SET `is_discount`='' WHERE ( `product_id` = 38 ) [ RunTime:0.000000s ]
SQL: SELECT COUNT(*) AS tp_count FROM `product` WHERE ( `able_discount` = 1 ) AND ( `product_id` = 39 ) LIMIT 1   [ RunTime:0.000000s ]
SQL: SELECT `discount_beg_time`,`discount_end_time`,`price3` FROM `product` WHERE ( `able_discount` = 1 ) AND ( `product_id` = 39 )  [ RunTime:0.000000s ]
SQL: UPDATE `product` SET `is_discount`='' WHERE ( `product_id` = 39 ) [ RunTime:0.000000s ]
SQL: SELECT COUNT(*) AS tp_count FROM `product` WHERE ( `able_discount` = 1 ) AND ( `product_id` = 40 ) LIMIT 1   [ RunTime:0.000000s ]
SQL: SELECT `discount_beg_time`,`discount_end_time`,`price3` FROM `product` WHERE ( `able_discount` = 1 ) AND ( `product_id` = 40 )  [ RunTime:0.000000s ]
SQL: UPDATE `product` SET `is_discount`='' WHERE ( `product_id` = 40 ) [ RunTime:0.000000s ]
SQL: SELECT COUNT(*) AS tp_count FROM `product` WHERE ( `able_discount` = 1 ) AND ( `product_id` = 41 ) LIMIT 1   [ RunTime:0.000000s ]
SQL: SELECT `discount_beg_time`,`discount_end_time`,`price3` FROM `product` WHERE ( `able_discount` = 1 ) AND ( `product_id` = 41 )  [ RunTime:0.000000s ]
SQL: UPDATE `product` SET `is_discount`='' WHERE ( `product_id` = 41 ) [ RunTime:0.000000s ]
SQL: SELECT COUNT(*) AS tp_count FROM `product` WHERE ( `able_discount` = 1 ) AND ( `product_id` = 42 ) LIMIT 1   [ RunTime:0.000000s ]
SQL: SELECT `discount_beg_time`,`discount_end_time`,`price3` FROM `product` WHERE ( `able_discount` = 1 ) AND ( `product_id` = 42 )  [ RunTime:0.000000s ]
SQL: UPDATE `product` SET `is_discount`='' WHERE ( `product_id` = 42 ) [ RunTime:0.000000s ]
SQL: SELECT COUNT(*) AS tp_count FROM `product` WHERE ( `able_discount` = 1 ) AND ( `product_id` = 43 ) LIMIT 1   [ RunTime:0.000000s ]
SQL: SELECT `discount_beg_time`,`discount_end_time`,`price3` FROM `product` WHERE ( `able_discount` = 1 ) AND ( `product_id` = 43 )  [ RunTime:0.000000s ]
SQL: UPDATE `product` SET `is_discount`='' WHERE ( `product_id` = 43 ) [ RunTime:0.000000s ]
SQL: SELECT COUNT(*) AS tp_count FROM `product` WHERE ( `able_discount` = 1 ) AND ( `product_id` = 44 ) LIMIT 1   [ RunTime:0.000000s ]
SQL: SELECT `discount_beg_time`,`discount_end_time`,`price3` FROM `product` WHERE ( `able_discount` = 1 ) AND ( `product_id` = 44 )  [ RunTime:0.000000s ]
SQL: UPDATE `product` SET `is_discount`='' WHERE ( `product_id` = 44 ) [ RunTime:0.000000s ]
SQL: SELECT COUNT(*) AS tp_count FROM `product` WHERE ( `able_discount` = 1 ) AND ( `product_id` = 45 ) LIMIT 1   [ RunTime:0.000000s ]
SQL: SELECT `discount_beg_time`,`discount_end_time`,`price3` FROM `product` WHERE ( `able_discount` = 1 ) AND ( `product_id` = 45 )  [ RunTime:0.000000s ]
SQL: UPDATE `product` SET `is_discount`='' WHERE ( `product_id` = 45 ) [ RunTime:0.000000s ]
SQL: SELECT COUNT(*) AS tp_count FROM `product` WHERE ( `able_discount` = 1 ) AND ( `product_id` = 46 ) LIMIT 1   [ RunTime:0.000000s ]
SQL: SELECT `discount_beg_time`,`discount_end_time`,`price3` FROM `product` WHERE ( `able_discount` = 1 ) AND ( `product_id` = 46 )  [ RunTime:0.000000s ]
SQL: UPDATE `product` SET `is_discount`='' WHERE ( `product_id` = 46 ) [ RunTime:0.000000s ]
SQL: SELECT COUNT(*) AS tp_count FROM `product` WHERE ( `able_discount` = 1 ) AND ( `product_id` = 47 ) LIMIT 1   [ RunTime:0.000000s ]
SQL: SELECT `discount_beg_time`,`discount_end_time`,`price3` FROM `product` WHERE ( `able_discount` = 1 ) AND ( `product_id` = 47 )  [ RunTime:0.000000s ]
SQL: UPDATE `product` SET `is_discount`='' WHERE ( `product_id` = 47 ) [ RunTime:0.000000s ]
SQL: SELECT COUNT(*) AS tp_count FROM `product` WHERE ( `able_discount` = 1 ) AND ( `product_id` = 48 ) LIMIT 1   [ RunTime:0.000000s ]
SQL: SELECT `discount_beg_time`,`discount_end_time`,`price3` FROM `product` WHERE ( `able_discount` = 1 ) AND ( `product_id` = 48 )  [ RunTime:0.000000s ]
SQL: UPDATE `product` SET `is_discount`='' WHERE ( `product_id` = 48 ) [ RunTime:0.000000s ]
SQL: SELECT COUNT(*) AS tp_count FROM `product` WHERE ( `able_discount` = 1 ) AND ( `product_id` = 49 ) LIMIT 1   [ RunTime:0.015600s ]
SQL: SELECT `discount_beg_time`,`discount_end_time`,`price3` FROM `product` WHERE ( `able_discount` = 1 ) AND ( `product_id` = 49 )  [ RunTime:0.000000s ]
SQL: UPDATE `product` SET `is_discount`='' WHERE ( `product_id` = 49 ) [ RunTime:0.000000s ]
SQL: SELECT COUNT(*) AS tp_count FROM `product` WHERE ( `able_discount` = 1 ) AND ( `product_id` = 50 ) LIMIT 1   [ RunTime:0.000000s ]
SQL: SELECT `discount_beg_time`,`discount_end_time`,`price3` FROM `product` WHERE ( `able_discount` = 1 ) AND ( `product_id` = 50 )  [ RunTime:0.000000s ]
SQL: UPDATE `product` SET `is_discount`='' WHERE ( `product_id` = 50 ) [ RunTime:0.000000s ]
SQL: SELECT COUNT(*) AS tp_count FROM `product` WHERE ( `able_discount` = 1 ) AND ( `product_id` = 51 ) LIMIT 1   [ RunTime:0.000000s ]
SQL: SELECT `discount_beg_time`,`discount_end_time`,`price3` FROM `product` WHERE ( `able_discount` = 1 ) AND ( `product_id` = 51 )  [ RunTime:0.000000s ]
SQL: UPDATE `product` SET `is_discount`='' WHERE ( `product_id` = 51 ) [ RunTime:0.000000s ]
SQL: SELECT COUNT(*) AS tp_count FROM `product` WHERE ( `able_discount` = 1 ) AND ( `product_id` = 52 ) LIMIT 1   [ RunTime:0.000000s ]
SQL: SELECT `discount_beg_time`,`discount_end_time`,`price3` FROM `product` WHERE ( `able_discount` = 1 ) AND ( `product_id` = 52 )  [ RunTime:0.000000s ]
SQL: UPDATE `product` SET `is_discount`='' WHERE ( `product_id` = 52 ) [ RunTime:0.000000s ]
SQL: SELECT COUNT(*) AS tp_count FROM `product` WHERE ( `able_discount` = 1 ) AND ( `product_id` = 53 ) LIMIT 1   [ RunTime:0.000000s ]
SQL: SELECT `discount_beg_time`,`discount_end_time`,`price3` FROM `product` WHERE ( `able_discount` = 1 ) AND ( `product_id` = 53 )  [ RunTime:0.000000s ]
SQL: UPDATE `product` SET `is_discount`='' WHERE ( `product_id` = 53 ) [ RunTime:0.000000s ]
SQL: SELECT COUNT(*) AS tp_count FROM `product` WHERE ( `able_discount` = 1 ) AND ( `product_id` = 54 ) LIMIT 1   [ RunTime:0.000000s ]
SQL: SELECT `discount_beg_time`,`discount_end_time`,`price3` FROM `product` WHERE ( `able_discount` = 1 ) AND ( `product_id` = 54 )  [ RunTime:0.000000s ]
SQL: UPDATE `product` SET `is_discount`='' WHERE ( `product_id` = 54 ) [ RunTime:0.000000s ]
SQL: SELECT COUNT(*) AS tp_count FROM `product` WHERE ( `able_discount` = 1 ) AND ( `product_id` = 55 ) LIMIT 1   [ RunTime:0.000000s ]
SQL: SELECT `discount_beg_time`,`discount_end_time`,`price3` FROM `product` WHERE ( `able_discount` = 1 ) AND ( `product_id` = 55 )  [ RunTime:0.000000s ]
SQL: UPDATE `product` SET `is_discount`='' WHERE ( `product_id` = 55 ) [ RunTime:0.000000s ]
SQL: SELECT COUNT(*) AS tp_count FROM `product` WHERE ( `able_discount` = 1 ) AND ( `product_id` = 56 ) LIMIT 1   [ RunTime:0.000000s ]
SQL: SELECT `discount_beg_time`,`discount_end_time`,`price3` FROM `product` WHERE ( `able_discount` = 1 ) AND ( `product_id` = 56 )  [ RunTime:0.000000s ]
SQL: UPDATE `product` SET `is_discount`='' WHERE ( `product_id` = 56 ) [ RunTime:0.000000s ]
SQL: SELECT COUNT(*) AS tp_count FROM `product` WHERE ( `able_discount` = 1 ) AND ( `product_id` = 57 ) LIMIT 1   [ RunTime:0.000000s ]
SQL: SELECT `discount_beg_time`,`discount_end_time`,`price3` FROM `product` WHERE ( `able_discount` = 1 ) AND ( `product_id` = 57 )  [ RunTime:0.000000s ]
SQL: UPDATE `product` SET `is_discount`='' WHERE ( `product_id` = 57 ) [ RunTime:0.000000s ]
SQL: SELECT COUNT(*) AS tp_count FROM `product` WHERE ( `able_discount` = 1 ) AND ( `product_id` = 58 ) LIMIT 1   [ RunTime:0.000000s ]
SQL: SELECT `discount_beg_time`,`discount_end_time`,`price3` FROM `product` WHERE ( `able_discount` = 1 ) AND ( `product_id` = 58 )  [ RunTime:0.000000s ]
SQL: UPDATE `product` SET `is_discount`='' WHERE ( `product_id` = 58 ) [ RunTime:0.000000s ]
SQL: SELECT COUNT(*) AS tp_count FROM `product` WHERE ( `able_discount` = 1 ) AND ( `product_id` = 59 ) LIMIT 1   [ RunTime:0.000000s ]
SQL: SELECT `discount_beg_time`,`discount_end_time`,`price3` FROM `product` WHERE ( `able_discount` = 1 ) AND ( `product_id` = 59 )  [ RunTime:0.000000s ]
SQL: UPDATE `product` SET `is_discount`='' WHERE ( `product_id` = 59 ) [ RunTime:0.000000s ]
SQL: SELECT COUNT(*) AS tp_count FROM `product` WHERE ( `able_discount` = 1 ) AND ( `product_id` = 60 ) LIMIT 1   [ RunTime:0.000000s ]
SQL: SELECT `discount_beg_time`,`discount_end_time`,`price3` FROM `product` WHERE ( `able_discount` = 1 ) AND ( `product_id` = 60 )  [ RunTime:0.000000s ]
SQL: UPDATE `product` SET `is_discount`='' WHERE ( `product_id` = 60 ) [ RunTime:0.000000s ]
SQL: SELECT COUNT(*) AS tp_count FROM `product` WHERE ( `able_discount` = 1 ) AND ( `product_id` = 61 ) LIMIT 1   [ RunTime:0.000000s ]
SQL: SELECT `discount_beg_time`,`discount_end_time`,`price3` FROM `product` WHERE ( `able_discount` = 1 ) AND ( `product_id` = 61 )  [ RunTime:0.000000s ]
SQL: UPDATE `product` SET `is_discount`='' WHERE ( `product_id` = 61 ) [ RunTime:0.000000s ]
SQL: SELECT COUNT(*) AS tp_count FROM `product` WHERE ( `able_discount` = 1 ) AND ( `product_id` = 62 ) LIMIT 1   [ RunTime:0.015600s ]
SQL: SELECT `discount_beg_time`,`discount_end_time`,`price3` FROM `product` WHERE ( `able_discount` = 1 ) AND ( `product_id` = 62 )  [ RunTime:0.000000s ]
SQL: UPDATE `product` SET `is_discount`='' WHERE ( `product_id` = 62 ) [ RunTime:0.000000s ]
SQL: SELECT COUNT(*) AS tp_count FROM `product` WHERE ( `able_discount` = 1 ) AND ( `product_id` = 63 ) LIMIT 1   [ RunTime:0.000000s ]
SQL: SELECT `discount_beg_time`,`discount_end_time`,`price3` FROM `product` WHERE ( `able_discount` = 1 ) AND ( `product_id` = 63 )  [ RunTime:0.000000s ]
SQL: UPDATE `product` SET `is_discount`='' WHERE ( `product_id` = 63 ) [ RunTime:0.000000s ]
SQL: SELECT COUNT(*) AS tp_count FROM `product` WHERE ( `able_discount` = 1 ) AND ( `product_id` = 64 ) LIMIT 1   [ RunTime:0.000000s ]
SQL: SELECT `discount_beg_time`,`discount_end_time`,`price3` FROM `product` WHERE ( `able_discount` = 1 ) AND ( `product_id` = 64 )  [ RunTime:0.000000s ]
SQL: UPDATE `product` SET `is_discount`='' WHERE ( `product_id` = 64 ) [ RunTime:0.000000s ]
SQL: SELECT COUNT(*) AS tp_count FROM `product` WHERE ( `able_discount` = 1 ) AND ( `product_id` = 65 ) LIMIT 1   [ RunTime:0.000000s ]
SQL: SELECT `discount_beg_time`,`discount_end_time`,`price3` FROM `product` WHERE ( `able_discount` = 1 ) AND ( `product_id` = 65 )  [ RunTime:0.000000s ]
SQL: UPDATE `product` SET `is_discount`='' WHERE ( `product_id` = 65 ) [ RunTime:0.000000s ]
SQL: UPDATE `product` SET `is_discount`='' WHERE ( `able_discount` = '' ) [ RunTime:0.000000s ]
SQL: select product_id  , product_num   from `order_product`  where order_id  in (  select  order_id  from  `order`  where  status = 2   and stock_reduce <> 1) [ RunTime:0.000000s ]
SQL: update `order` set stock_reduce=1 , time2=1472780298 where  stock_reduce<>1 and status <> 1  [ RunTime:0.000000s ]
SQL: UPDATE `system` SET `atuo_time`=1472780298 WHERE ( `system_id` = 1 ) [ RunTime:0.000000s ]
SQL: SHOW COLUMNS FROM `record` [ RunTime:0.000000s ]
SQL: INSERT INTO `record` (`time`,`remark`) VALUES (1472780298,'网站正常访问操作') [ RunTime:0.000000s ]
SQL: SHOW COLUMNS FROM `admin_user` [ RunTime:0.015600s ]
SQL: SELECT `loginTime` FROM `admin_user` WHERE ( `name` = 'root' ) LIMIT 1   [ RunTime:0.000000s ]
SQL: SELECT * FROM `admin_user` WHERE ( name	= 'root' ) LIMIT 1   [ RunTime:0.000000s ]
INFO: [ view_template ] --START--
INFO: Run LocationTemplate Behavior [ RunTime:0.000000s ]
INFO: [ view_template ] --END-- [ RunTime:0.000000s ]
INFO: [ view_parse ] --START--
NOTIC: [8] Use of undefined constant admin_name - assumed 'admin_name' D:\wwwroot\pc_dtyd\admin\Runtime\Cache\4c18d5952d0dbf1eedb8a1ec796fa788.php 第 23 行.
NOTIC: [8] Use of undefined constant root - assumed 'root' D:\wwwroot\pc_dtyd\admin\Runtime\Cache\4c18d5952d0dbf1eedb8a1ec796fa788.php 第 23 行.
NOTIC: [8] Use of undefined constant admin_name - assumed 'admin_name' D:\wwwroot\pc_dtyd\admin\Runtime\Cache\4c18d5952d0dbf1eedb8a1ec796fa788.php 第 27 行.
NOTIC: [8] Use of undefined constant root - assumed 'root' D:\wwwroot\pc_dtyd\admin\Runtime\Cache\4c18d5952d0dbf1eedb8a1ec796fa788.php 第 27 行.
NOTIC: [8] Use of undefined constant admin_name - assumed 'admin_name' D:\wwwroot\pc_dtyd\admin\Runtime\Cache\4c18d5952d0dbf1eedb8a1ec796fa788.php 第 31 行.
NOTIC: [8] Use of undefined constant root - assumed 'root' D:\wwwroot\pc_dtyd\admin\Runtime\Cache\4c18d5952d0dbf1eedb8a1ec796fa788.php 第 31 行.
NOTIC: [8] Use of undefined constant admin_name - assumed 'admin_name' D:\wwwroot\pc_dtyd\admin\Runtime\Cache\4c18d5952d0dbf1eedb8a1ec796fa788.php 第 35 行.
NOTIC: [8] Use of undefined constant root - assumed 'root' D:\wwwroot\pc_dtyd\admin\Runtime\Cache\4c18d5952d0dbf1eedb8a1ec796fa788.php 第 35 行.
NOTIC: [8] Use of undefined constant admin_name - assumed 'admin_name' D:\wwwroot\pc_dtyd\admin\Runtime\Cache\4c18d5952d0dbf1eedb8a1ec796fa788.php 第 39 行.
NOTIC: [8] Use of undefined constant root - assumed 'root' D:\wwwroot\pc_dtyd\admin\Runtime\Cache\4c18d5952d0dbf1eedb8a1ec796fa788.php 第 39 行.
NOTIC: [8] Use of undefined constant admin_name - assumed 'admin_name' D:\wwwroot\pc_dtyd\admin\Runtime\Cache\4c18d5952d0dbf1eedb8a1ec796fa788.php 第 43 行.
NOTIC: [8] Use of undefined constant root - assumed 'root' D:\wwwroot\pc_dtyd\admin\Runtime\Cache\4c18d5952d0dbf1eedb8a1ec796fa788.php 第 43 行.
NOTIC: [8] Use of undefined constant admin_name - assumed 'admin_name' D:\wwwroot\pc_dtyd\admin\Runtime\Cache\4c18d5952d0dbf1eedb8a1ec796fa788.php 第 47 行.
NOTIC: [8] Use of undefined constant root - assumed 'root' D:\wwwroot\pc_dtyd\admin\Runtime\Cache\4c18d5952d0dbf1eedb8a1ec796fa788.php 第 47 行.
INFO: Run ParseTemplate Behavior [ RunTime:0.015600s ]
INFO: [ view_parse ] --END-- [ RunTime:0.015600s ]
INFO: [ view_filter ] --START--
INFO: Run ContentReplace Behavior [ RunTime:0.000000s ]
INFO: Run TokenBuild Behavior [ RunTime:0.000000s ]
INFO: Run WriteHtmlCache Behavior [ RunTime:0.000000s ]
INFO: Run ShowRuntime Behavior [ RunTime:0.000000s ]
INFO: [ view_filter ] --END-- [ RunTime:0.000000s ]
INFO: [ view_end ] --START--
INFO: Run ShowPageTrace Behavior [ RunTime:0.000000s ]
INFO: [ view_end ] --END-- [ RunTime:0.000000s ]

[ 2016-09-02T09:38:18+08:00 ] 183.69.193.88 /admin.php/indexManagement/bannerList/class/banner
INFO: [ route_check ] --START--
INFO: Run CheckRoute Behavior [ RunTime:0.000000s ]
INFO: [ route_check ] --END-- [ RunTime:0.000000s ]
INFO: [ app_begin ] --START--
INFO: Run ReadHtmlCache Behavior [ RunTime:0.000000s ]
INFO: [ app_begin ] --END-- [ RunTime:0.000000s ]
SQL: SHOW COLUMNS FROM `system` [ RunTime:0.000000s ]
SQL: SELECT `atuo_time` FROM `system` LIMIT 1   [ RunTime:0.000000s ]
SQL: SHOW COLUMNS FROM `record` [ RunTime:0.000000s ]
SQL: INSERT INTO `record` (`time`,`remark`) VALUES (1472780298,'网站正常访问操作') [ RunTime:0.000000s ]
SQL: SHOW COLUMNS FROM `index_banner` [ RunTime:0.015600s ]
NOTIC: [8] Undefined variable: where D:\wwwroot\pc_dtyd\admin\Lib\Action\indexManagementAction.class.php 第 18 行.
SQL: SELECT COUNT(*) AS tp_count FROM `index_banner` LIMIT 1   [ RunTime:0.000000s ]
NOTIC: [8] Undefined variable: where D:\wwwroot\pc_dtyd\admin\Lib\Action\indexManagementAction.class.php 第 21 行.
SQL: SELECT * FROM `index_banner` LIMIT 0,10   [ RunTime:0.000000s ]
INFO: [ view_template ] --START--
INFO: Run LocationTemplate Behavior [ RunTime:0.000000s ]
INFO: [ view_template ] --END-- [ RunTime:0.000000s ]
INFO: [ view_parse ] --START--
NOTIC: [8] Use of undefined constant index_ad2 - assumed 'index_ad2' D:\wwwroot\pc_dtyd\admin\Runtime\Cache\d6265d428dbf68aa6dc3848ef43fac70.php 第 11 行.
NOTIC: [8] Use of undefined constant index_ad2 - assumed 'index_ad2' D:\wwwroot\pc_dtyd\admin\Runtime\Cache\d6265d428dbf68aa6dc3848ef43fac70.php 第 23 行.
NOTIC: [8] Use of undefined constant index_ad2 - assumed 'index_ad2' D:\wwwroot\pc_dtyd\admin\Runtime\Cache\d6265d428dbf68aa6dc3848ef43fac70.php 第 31 行.
NOTIC: [8] Use of undefined constant index_ad2 - assumed 'index_ad2' D:\wwwroot\pc_dtyd\admin\Runtime\Cache\d6265d428dbf68aa6dc3848ef43fac70.php 第 34 行.
NOTIC: [8] Use of undefined constant index_ad2 - assumed 'index_ad2' D:\wwwroot\pc_dtyd\admin\Runtime\Cache\d6265d428dbf68aa6dc3848ef43fac70.php 第 31 行.
NOTIC: [8] Use of undefined constant index_ad2 - assumed 'index_ad2' D:\wwwroot\pc_dtyd\admin\Runtime\Cache\d6265d428dbf68aa6dc3848ef43fac70.php 第 34 行.
NOTIC: [8] Use of undefined constant index_ad2 - assumed 'index_ad2' D:\wwwroot\pc_dtyd\admin\Runtime\Cache\d6265d428dbf68aa6dc3848ef43fac70.php 第 31 行.
NOTIC: [8] Use of undefined constant index_ad2 - assumed 'index_ad2' D:\wwwroot\pc_dtyd\admin\Runtime\Cache\d6265d428dbf68aa6dc3848ef43fac70.php 第 34 行.
NOTIC: [8] Use of undefined constant index_ad2 - assumed 'index_ad2' D:\wwwroot\pc_dtyd\admin\Runtime\Cache\d6265d428dbf68aa6dc3848ef43fac70.php 第 31 行.
NOTIC: [8] Use of undefined constant index_ad2 - assumed 'index_ad2' D:\wwwroot\pc_dtyd\admin\Runtime\Cache\d6265d428dbf68aa6dc3848ef43fac70.php 第 34 行.
NOTIC: [8] Use of undefined constant index_ad2 - assumed 'index_ad2' D:\wwwroot\pc_dtyd\admin\Runtime\Cache\d6265d428dbf68aa6dc3848ef43fac70.php 第 31 行.
NOTIC: [8] Use of undefined constant index_ad2 - assumed 'index_ad2' D:\wwwroot\pc_dtyd\admin\Runtime\Cache\d6265d428dbf68aa6dc3848ef43fac70.php 第 34 行.
NOTIC: [8] Use of undefined constant index_ad2 - assumed 'index_ad2' D:\wwwroot\pc_dtyd\admin\Runtime\Cache\d6265d428dbf68aa6dc3848ef43fac70.php 第 36 行.
INFO: Run ParseTemplate Behavior [ RunTime:0.015600s ]
INFO: [ view_parse ] --END-- [ RunTime:0.015600s ]
INFO: [ view_filter ] --START--
INFO: Run ContentReplace Behavior [ RunTime:0.000000s ]
INFO: Run TokenBuild Behavior [ RunTime:0.000000s ]
INFO: Run WriteHtmlCache Behavior [ RunTime:0.000000s ]
INFO: Run ShowRuntime Behavior [ RunTime:0.000000s ]
INFO: [ view_filter ] --END-- [ RunTime:0.000000s ]
INFO: [ view_end ] --START--
INFO: Run ShowPageTrace Behavior [ RunTime:0.000000s ]
INFO: [ view_end ] --END-- [ RunTime:0.000000s ]

