[ 2016-07-19T13:44:05+08:00 ] 183.69.199.104 /admin.php/login/login
INFO: [ route_check ] --START--
INFO: Run CheckRoute Behavior [ RunTime:0.000000s ]
INFO: [ route_check ] --END-- [ RunTime:0.000000s ]
INFO: [ app_begin ] --START--
INFO: Run ReadHtmlCache Behavior [ RunTime:0.000000s ]
INFO: [ app_begin ] --END-- [ RunTime:0.000000s ]
INFO: [ view_template ] --START--
INFO: Run LocationTemplate Behavior [ RunTime:0.000000s ]
INFO: [ view_template ] --END-- [ RunTime:0.000000s ]
INFO: [ view_parse ] --START--
INFO: Run ParseTemplate Behavior [ RunTime:0.031200s ]
INFO: [ view_parse ] --END-- [ RunTime:0.031200s ]
INFO: [ view_filter ] --START--
INFO: Run ContentReplace Behavior [ RunTime:0.000000s ]
INFO: Run TokenBuild Behavior [ RunTime:0.000000s ]
INFO: Run WriteHtmlCache Behavior [ RunTime:0.000000s ]
INFO: Run ShowRuntime Behavior [ RunTime:0.000000s ]
INFO: [ view_filter ] --END-- [ RunTime:0.000000s ]
INFO: [ view_end ] --START--
INFO: Run ShowPageTrace Behavior [ RunTime:0.000000s ]
INFO: [ view_end ] --END-- [ RunTime:0.000000s ]

[ 2016-07-19T13:44:06+08:00 ] 183.69.199.104 /admin.php/login/verify
INFO: [ route_check ] --START--
INFO: Run CheckRoute Behavior [ RunTime:0.000000s ]
INFO: [ route_check ] --END-- [ RunTime:0.000000s ]
INFO: [ app_begin ] --START--
INFO: Run ReadHtmlCache Behavior [ RunTime:0.000000s ]
INFO: [ app_begin ] --END-- [ RunTime:0.000000s ]

[ 2016-07-19T13:44:11+08:00 ] 183.69.199.104 /admin.php/login/loginFunAjaxName
INFO: [ route_check ] --START--
INFO: Run CheckRoute Behavior [ RunTime:0.000000s ]
INFO: [ route_check ] --END-- [ RunTime:0.000000s ]
INFO: [ app_begin ] --START--
INFO: Run ReadHtmlCache Behavior [ RunTime:0.000000s ]
INFO: [ app_begin ] --END-- [ RunTime:0.000000s ]
SQL: SHOW COLUMNS FROM `admin_user` [ RunTime:0.000000s ]
SQL: SELECT COUNT(*) AS tp_count FROM `admin_user` WHERE ( name ='root' ) LIMIT 1   [ RunTime:0.000000s ]

[ 2016-07-19T13:44:11+08:00 ] 183.69.199.104 /admin.php/login/loginFunAjaxPassword
INFO: [ route_check ] --START--
INFO: Run CheckRoute Behavior [ RunTime:0.000000s ]
INFO: [ route_check ] --END-- [ RunTime:0.000000s ]
INFO: [ app_begin ] --START--
INFO: Run ReadHtmlCache Behavior [ RunTime:0.000000s ]
INFO: [ app_begin ] --END-- [ RunTime:0.000000s ]
SQL: SHOW COLUMNS FROM `admin_user` [ RunTime:0.000000s ]
SQL: SELECT COUNT(*) AS tp_count FROM `admin_user` WHERE ( `password` = 'd9b1d7db4cd6e70935368a1efb10e377' ) AND ( `name` = 'root' ) LIMIT 1   [ RunTime:0.000000s ]

[ 2016-07-19T13:44:11+08:00 ] 183.69.199.104 /admin.php/login/loginFunAjaxCode
INFO: [ route_check ] --START--
INFO: Run CheckRoute Behavior [ RunTime:0.000000s ]
INFO: [ route_check ] --END-- [ RunTime:0.000000s ]
INFO: [ app_begin ] --START--
INFO: Run ReadHtmlCache Behavior [ RunTime:0.000000s ]
INFO: [ app_begin ] --END-- [ RunTime:0.000000s ]

[ 2016-07-19T13:44:11+08:00 ] 183.69.199.104 /admin.php/login/loginFundo
INFO: [ route_check ] --START--
INFO: Run CheckRoute Behavior [ RunTime:0.000000s ]
INFO: [ route_check ] --END-- [ RunTime:0.000000s ]
INFO: [ app_begin ] --START--
INFO: Run ReadHtmlCache Behavior [ RunTime:0.000000s ]
INFO: [ app_begin ] --END-- [ RunTime:0.000000s ]
SQL: SHOW COLUMNS FROM `admin_user` [ RunTime:0.000000s ]
SQL: SELECT COUNT(*) AS tp_count FROM `admin_user` WHERE ( `password` = 'd9b1d7db4cd6e70935368a1efb10e377' ) AND ( `name` = 'root' ) LIMIT 1   [ RunTime:0.000000s ]
NOTIC: [8] Undefined index: sessionName D:\wwwroot\pc_dtyd\admin\Lib\Action\loginAction.class.php 第 63 行.
SQL: UPDATE `admin_user` SET `loginTime`=1468907051 WHERE ( `name` = 'root' ) [ RunTime:0.000000s ]
SQL: SHOW COLUMNS FROM `record` [ RunTime:0.000000s ]
SQL: INSERT INTO `record` (`time`,`remark`) VALUES (1468907051,'用户登录') [ RunTime:0.000000s ]
INFO: [ view_template ] --START--
INFO: Run LocationTemplate Behavior [ RunTime:0.000000s ]
INFO: [ view_template ] --END-- [ RunTime:0.000000s ]
INFO: [ view_parse ] --START--
INFO: Run ParseTemplate Behavior [ RunTime:0.015600s ]
INFO: [ view_parse ] --END-- [ RunTime:0.015600s ]
INFO: [ view_filter ] --START--
INFO: Run ContentReplace Behavior [ RunTime:0.000000s ]
INFO: Run TokenBuild Behavior [ RunTime:0.000000s ]
INFO: Run WriteHtmlCache Behavior [ RunTime:0.000000s ]
INFO: Run ShowRuntime Behavior [ RunTime:0.000000s ]
INFO: [ view_filter ] --END-- [ RunTime:0.000000s ]
INFO: [ view_end ] --START--
INFO: Run ShowPageTrace Behavior [ RunTime:0.000000s ]
INFO: [ view_end ] --END-- [ RunTime:0.000000s ]

[ 2016-07-19T13:44:15+08:00 ] 183.69.199.104 /admin.php/Index/index
INFO: [ route_check ] --START--
INFO: Run CheckRoute Behavior [ RunTime:0.000000s ]
INFO: [ route_check ] --END-- [ RunTime:0.000000s ]
INFO: [ app_begin ] --START--
INFO: Run ReadHtmlCache Behavior [ RunTime:0.000000s ]
INFO: [ app_begin ] --END-- [ RunTime:0.000000s ]
SQL: SHOW COLUMNS FROM `system` [ RunTime:0.000000s ]
SQL: SELECT `atuo_time` FROM `system` LIMIT 1   [ RunTime:0.000000s ]
SQL: SHOW COLUMNS FROM `order` [ RunTime:0.000000s ]
SQL: SELECT `endtime`,`order_id`,`need_pay` FROM `order` WHERE ( `status` = 3 )  [ RunTime:0.015600s ]
SQL: SELECT * FROM `system` WHERE ( system_id=1 ) LIMIT 1   [ RunTime:0.000000s ]
SQL: SHOW COLUMNS FROM `product` [ RunTime:0.000000s ]
SQL: SELECT `product_id` FROM `product` WHERE ( `able_discount` = 1 )  [ RunTime:0.000000s ]
SQL: SELECT COUNT(*) AS tp_count FROM `product` WHERE ( `able_discount` = 1 ) AND ( `product_id` = 2 ) LIMIT 1   [ RunTime:0.000000s ]
SQL: SELECT `discount_beg_time`,`discount_end_time`,`price3` FROM `product` WHERE ( `able_discount` = 1 ) AND ( `product_id` = 2 )  [ RunTime:0.000000s ]
SQL: UPDATE `product` SET `is_discount`=1 WHERE ( `product_id` = 2 ) [ RunTime:0.000000s ]
SQL: UPDATE `product` SET `is_discount`='' WHERE ( `able_discount` = '' ) [ RunTime:0.748801s ]
SQL: select product_id  , product_num   from `order_product`  where order_id  in (  select  order_id  from  `order`  where  status = 2   and stock_reduce <> 1) [ RunTime:2.012403s ]
SQL: update `order` set stock_reduce=1 , time2=1468907055 where  stock_reduce<>1 and status <> 1  [ RunTime:0.000000s ]
SQL: UPDATE `system` SET `atuo_time`=1468907055 WHERE ( `system_id` = 1 ) [ RunTime:0.000000s ]
SQL: SHOW COLUMNS FROM `record` [ RunTime:0.015600s ]
SQL: INSERT INTO `record` (`time`,`remark`) VALUES (1468907055,'网站正常访问操作') [ RunTime:0.000000s ]
SQL: SHOW COLUMNS FROM `admin_user` [ RunTime:0.000000s ]
SQL: SELECT `loginTime` FROM `admin_user` WHERE ( `name` = 'root' ) LIMIT 1   [ RunTime:0.000000s ]
SQL: SELECT * FROM `admin_user` WHERE ( name	= 'root' ) LIMIT 1   [ RunTime:0.000000s ]
INFO: [ view_template ] --START--
INFO: Run LocationTemplate Behavior [ RunTime:0.000000s ]
INFO: [ view_template ] --END-- [ RunTime:0.000000s ]
INFO: [ view_parse ] --START--
NOTIC: [8] Use of undefined constant admin_name - assumed 'admin_name' D:\wwwroot\pc_dtyd\admin\Runtime\Cache\4c18d5952d0dbf1eedb8a1ec796fa788.php 第 23 行.
NOTIC: [8] Use of undefined constant root - assumed 'root' D:\wwwroot\pc_dtyd\admin\Runtime\Cache\4c18d5952d0dbf1eedb8a1ec796fa788.php 第 23 行.
NOTIC: [8] Use of undefined constant admin_name - assumed 'admin_name' D:\wwwroot\pc_dtyd\admin\Runtime\Cache\4c18d5952d0dbf1eedb8a1ec796fa788.php 第 27 行.
NOTIC: [8] Use of undefined constant root - assumed 'root' D:\wwwroot\pc_dtyd\admin\Runtime\Cache\4c18d5952d0dbf1eedb8a1ec796fa788.php 第 27 行.
NOTIC: [8] Use of undefined constant admin_name - assumed 'admin_name' D:\wwwroot\pc_dtyd\admin\Runtime\Cache\4c18d5952d0dbf1eedb8a1ec796fa788.php 第 31 行.
NOTIC: [8] Use of undefined constant root - assumed 'root' D:\wwwroot\pc_dtyd\admin\Runtime\Cache\4c18d5952d0dbf1eedb8a1ec796fa788.php 第 31 行.
NOTIC: [8] Use of undefined constant admin_name - assumed 'admin_name' D:\wwwroot\pc_dtyd\admin\Runtime\Cache\4c18d5952d0dbf1eedb8a1ec796fa788.php 第 35 行.
NOTIC: [8] Use of undefined constant root - assumed 'root' D:\wwwroot\pc_dtyd\admin\Runtime\Cache\4c18d5952d0dbf1eedb8a1ec796fa788.php 第 35 行.
NOTIC: [8] Use of undefined constant admin_name - assumed 'admin_name' D:\wwwroot\pc_dtyd\admin\Runtime\Cache\4c18d5952d0dbf1eedb8a1ec796fa788.php 第 39 行.
NOTIC: [8] Use of undefined constant root - assumed 'root' D:\wwwroot\pc_dtyd\admin\Runtime\Cache\4c18d5952d0dbf1eedb8a1ec796fa788.php 第 39 行.
NOTIC: [8] Use of undefined constant admin_name - assumed 'admin_name' D:\wwwroot\pc_dtyd\admin\Runtime\Cache\4c18d5952d0dbf1eedb8a1ec796fa788.php 第 43 行.
NOTIC: [8] Use of undefined constant root - assumed 'root' D:\wwwroot\pc_dtyd\admin\Runtime\Cache\4c18d5952d0dbf1eedb8a1ec796fa788.php 第 43 行.
NOTIC: [8] Use of undefined constant admin_name - assumed 'admin_name' D:\wwwroot\pc_dtyd\admin\Runtime\Cache\4c18d5952d0dbf1eedb8a1ec796fa788.php 第 47 行.
NOTIC: [8] Use of undefined constant root - assumed 'root' D:\wwwroot\pc_dtyd\admin\Runtime\Cache\4c18d5952d0dbf1eedb8a1ec796fa788.php 第 47 行.
INFO: Run ParseTemplate Behavior [ RunTime:0.015600s ]
INFO: [ view_parse ] --END-- [ RunTime:0.015600s ]
INFO: [ view_filter ] --START--
INFO: Run ContentReplace Behavior [ RunTime:0.000000s ]
INFO: Run TokenBuild Behavior [ RunTime:0.000000s ]
INFO: Run WriteHtmlCache Behavior [ RunTime:0.000000s ]
INFO: Run ShowRuntime Behavior [ RunTime:0.000000s ]
INFO: [ view_filter ] --END-- [ RunTime:0.000000s ]
INFO: [ view_end ] --START--
INFO: Run ShowPageTrace Behavior [ RunTime:0.000000s ]
INFO: [ view_end ] --END-- [ RunTime:0.000000s ]

[ 2016-07-19T13:44:15+08:00 ] 183.69.199.104 /admin.php/indexManagement/bannerList/class/banner
INFO: [ route_check ] --START--
INFO: Run CheckRoute Behavior [ RunTime:0.000000s ]
INFO: [ route_check ] --END-- [ RunTime:0.000000s ]
INFO: [ app_begin ] --START--
INFO: Run ReadHtmlCache Behavior [ RunTime:0.000000s ]
INFO: [ app_begin ] --END-- [ RunTime:0.000000s ]
SQL: SHOW COLUMNS FROM `system` [ RunTime:0.000000s ]
SQL: SELECT `atuo_time` FROM `system` LIMIT 1   [ RunTime:0.000000s ]
SQL: SHOW COLUMNS FROM `record` [ RunTime:0.000000s ]
SQL: INSERT INTO `record` (`time`,`remark`) VALUES (1468907055,'网站正常访问操作') [ RunTime:0.000000s ]
SQL: SHOW COLUMNS FROM `index_banner` [ RunTime:0.015600s ]
NOTIC: [8] Undefined variable: where D:\wwwroot\pc_dtyd\admin\Lib\Action\indexManagementAction.class.php 第 18 行.
SQL: SELECT COUNT(*) AS tp_count FROM `index_banner` LIMIT 1   [ RunTime:0.000000s ]
NOTIC: [8] Undefined variable: where D:\wwwroot\pc_dtyd\admin\Lib\Action\indexManagementAction.class.php 第 21 行.
SQL: SELECT * FROM `index_banner` LIMIT 0,10   [ RunTime:0.000000s ]
INFO: [ view_template ] --START--
INFO: Run LocationTemplate Behavior [ RunTime:0.000000s ]
INFO: [ view_template ] --END-- [ RunTime:0.000000s ]
INFO: [ view_parse ] --START--
NOTIC: [8] Use of undefined constant index_ad2 - assumed 'index_ad2' D:\wwwroot\pc_dtyd\admin\Runtime\Cache\d6265d428dbf68aa6dc3848ef43fac70.php 第 11 行.
NOTIC: [8] Use of undefined constant index_ad2 - assumed 'index_ad2' D:\wwwroot\pc_dtyd\admin\Runtime\Cache\d6265d428dbf68aa6dc3848ef43fac70.php 第 23 行.
NOTIC: [8] Use of undefined constant index_ad2 - assumed 'index_ad2' D:\wwwroot\pc_dtyd\admin\Runtime\Cache\d6265d428dbf68aa6dc3848ef43fac70.php 第 31 行.
NOTIC: [8] Use of undefined constant index_ad2 - assumed 'index_ad2' D:\wwwroot\pc_dtyd\admin\Runtime\Cache\d6265d428dbf68aa6dc3848ef43fac70.php 第 34 行.
NOTIC: [8] Use of undefined constant index_ad2 - assumed 'index_ad2' D:\wwwroot\pc_dtyd\admin\Runtime\Cache\d6265d428dbf68aa6dc3848ef43fac70.php 第 31 行.
NOTIC: [8] Use of undefined constant index_ad2 - assumed 'index_ad2' D:\wwwroot\pc_dtyd\admin\Runtime\Cache\d6265d428dbf68aa6dc3848ef43fac70.php 第 34 行.
NOTIC: [8] Use of undefined constant index_ad2 - assumed 'index_ad2' D:\wwwroot\pc_dtyd\admin\Runtime\Cache\d6265d428dbf68aa6dc3848ef43fac70.php 第 31 行.
NOTIC: [8] Use of undefined constant index_ad2 - assumed 'index_ad2' D:\wwwroot\pc_dtyd\admin\Runtime\Cache\d6265d428dbf68aa6dc3848ef43fac70.php 第 34 行.
NOTIC: [8] Use of undefined constant index_ad2 - assumed 'index_ad2' D:\wwwroot\pc_dtyd\admin\Runtime\Cache\d6265d428dbf68aa6dc3848ef43fac70.php 第 31 行.
NOTIC: [8] Use of undefined constant index_ad2 - assumed 'index_ad2' D:\wwwroot\pc_dtyd\admin\Runtime\Cache\d6265d428dbf68aa6dc3848ef43fac70.php 第 34 行.
NOTIC: [8] Use of undefined constant index_ad2 - assumed 'index_ad2' D:\wwwroot\pc_dtyd\admin\Runtime\Cache\d6265d428dbf68aa6dc3848ef43fac70.php 第 31 行.
NOTIC: [8] Use of undefined constant index_ad2 - assumed 'index_ad2' D:\wwwroot\pc_dtyd\admin\Runtime\Cache\d6265d428dbf68aa6dc3848ef43fac70.php 第 34 行.
NOTIC: [8] Use of undefined constant index_ad2 - assumed 'index_ad2' D:\wwwroot\pc_dtyd\admin\Runtime\Cache\d6265d428dbf68aa6dc3848ef43fac70.php 第 36 行.
INFO: Run ParseTemplate Behavior [ RunTime:0.015600s ]
INFO: [ view_parse ] --END-- [ RunTime:0.015600s ]
INFO: [ view_filter ] --START--
INFO: Run ContentReplace Behavior [ RunTime:0.000000s ]
INFO: Run TokenBuild Behavior [ RunTime:0.000000s ]
INFO: Run WriteHtmlCache Behavior [ RunTime:0.000000s ]
INFO: Run ShowRuntime Behavior [ RunTime:0.000000s ]
INFO: [ view_filter ] --END-- [ RunTime:0.000000s ]
INFO: [ view_end ] --START--
INFO: Run ShowPageTrace Behavior [ RunTime:0.000000s ]
INFO: [ view_end ] --END-- [ RunTime:0.000000s ]

[ 2016-07-19T13:45:03+08:00 ] 183.69.199.104 /admin.php/login/login
INFO: [ route_check ] --START--
INFO: Run CheckRoute Behavior [ RunTime:0.000000s ]
INFO: [ route_check ] --END-- [ RunTime:0.000000s ]
INFO: [ app_begin ] --START--
INFO: Run ReadHtmlCache Behavior [ RunTime:0.000000s ]
INFO: [ app_begin ] --END-- [ RunTime:0.000000s ]
INFO: [ view_template ] --START--
INFO: Run LocationTemplate Behavior [ RunTime:0.000000s ]
INFO: [ view_template ] --END-- [ RunTime:0.000000s ]
INFO: [ view_parse ] --START--
INFO: Run ParseTemplate Behavior [ RunTime:0.000000s ]
INFO: [ view_parse ] --END-- [ RunTime:0.000000s ]
INFO: [ view_filter ] --START--
INFO: Run ContentReplace Behavior [ RunTime:0.000000s ]
INFO: Run TokenBuild Behavior [ RunTime:0.000000s ]
INFO: Run WriteHtmlCache Behavior [ RunTime:0.000000s ]
INFO: Run ShowRuntime Behavior [ RunTime:0.000000s ]
INFO: [ view_filter ] --END-- [ RunTime:0.015600s ]
INFO: [ view_end ] --START--
INFO: Run ShowPageTrace Behavior [ RunTime:0.000000s ]
INFO: [ view_end ] --END-- [ RunTime:0.000000s ]

[ 2016-07-19T13:45:03+08:00 ] 183.69.199.104 /admin.php/login/verify
INFO: [ route_check ] --START--
INFO: Run CheckRoute Behavior [ RunTime:0.000000s ]
INFO: [ route_check ] --END-- [ RunTime:0.000000s ]
INFO: [ app_begin ] --START--
INFO: Run ReadHtmlCache Behavior [ RunTime:0.000000s ]
INFO: [ app_begin ] --END-- [ RunTime:0.000000s ]

