[ 2016-11-21T15:02:19+08:00 ] 183.69.198.43 /admin.php/login/login
INFO: [ route_check ] --START--
INFO: Run CheckRoute Behavior [ RunTime:0.000000s ]
INFO: [ route_check ] --END-- [ RunTime:0.000000s ]
INFO: [ app_begin ] --START--
INFO: Run ReadHtmlCache Behavior [ RunTime:0.000000s ]
INFO: [ app_begin ] --END-- [ RunTime:0.000000s ]
INFO: [ view_template ] --START--
INFO: Run LocationTemplate Behavior [ RunTime:0.000000s ]
INFO: [ view_template ] --END-- [ RunTime:0.000000s ]
INFO: [ view_parse ] --START--
INFO: Run ParseTemplate Behavior [ RunTime:0.015600s ]
INFO: [ view_parse ] --END-- [ RunTime:0.015600s ]
INFO: [ view_filter ] --START--
INFO: Run ContentReplace Behavior [ RunTime:0.000000s ]
INFO: Run TokenBuild Behavior [ RunTime:0.000000s ]
INFO: Run WriteHtmlCache Behavior [ RunTime:0.000000s ]
INFO: Run ShowRuntime Behavior [ RunTime:0.000000s ]
INFO: [ view_filter ] --END-- [ RunTime:0.000000s ]
INFO: [ view_end ] --START--
INFO: Run ShowPageTrace Behavior [ RunTime:0.000000s ]
INFO: [ view_end ] --END-- [ RunTime:0.015600s ]

[ 2016-11-21T15:02:20+08:00 ] 183.69.198.43 /admin.php/login/verify
INFO: [ route_check ] --START--
INFO: Run CheckRoute Behavior [ RunTime:0.000000s ]
INFO: [ route_check ] --END-- [ RunTime:0.000000s ]
INFO: [ app_begin ] --START--
INFO: Run ReadHtmlCache Behavior [ RunTime:0.000000s ]
INFO: [ app_begin ] --END-- [ RunTime:0.000000s ]

